Dec 25 19:08:35  [info] Affichage du formulaire de connexion
Dec 25 19:08:35  [debug] Affichage de la page en : 0.284 secondes !!
Dec 25 19:25:33  [debug] Execution de la requete : SELECT ide_id,ide_id_login,ide_login,ide_pass,ide_type,ide_autorise FROM ide_identification WHERE(ide_login = 'Z');
Dec 25 19:25:33  [info] Echec de l'authentification pour l'utilisateur.
Dec 25 19:25:33  [debug] Affichage de la page en : 0.411 secondes !!
Dec 25 20:31:42  [info] Affichage du formulaire de connexion
Dec 25 20:31:42  [debug] Affichage de la page en : 0.005 secondes !!
Dec 25 21:31:58  [info] Affichage du formulaire de connexion
Dec 25 21:31:58  [debug] Affichage de la page en : 0.005 secondes !!
Dec 25 21:33:16  [info] Affichage du formulaire de connexion
Dec 25 21:33:16  [debug] Affichage de la page en : 0.009 secondes !!
Dec 25 21:33:28  [debug] Execution de la requete : SELECT ide_id,ide_id_login,ide_login,ide_pass,ide_type,ide_autorise FROM ide_identification WHERE(ide_login = 'Z1');
Dec 25 21:33:28  [debug] Execution de la requete : SELECT adh_id,adh_id_compte,mod_nom
			FROM view_identification 
			WHERE adh_id = '1'
Dec 25 21:33:28  [debug] Execution de la requete : INSERT INTO acc_acces
				(acc_id
				,acc_id_login
				,acc_type_login
				,acc_ip
				,acc_date_creation
				,acc_date_modification
				,acc_autorise)
			VALUES (NULL
				,'1'
				,'1'
				,'127.0.0.1'
				,'2011-12-25 21:33:28'
				,''
				,'1')
Dec 25 21:33:28  [info] Réussite de l'authentification pour l'utilisateur : 100635
Dec 25 21:33:28  [debug] Affichage de la page en : 0.076 secondes !!
Dec 25 21:33:29  [debug] Execution de la requete : SELECT adh_id,mod_id,mod_nom,mod_label,mod_admin
			FROM view_menu 
			WHERE adh_id = '1'
Dec 25 21:33:29  [debug] Execution de la requete : SELECT vue_id,vue_id_module,vue_nom,vue_label,vue_ordre,vue_visible FROM vue_vues WHERE(vue_id_module = '1') ORDER BY vue_ordre ASC;
Dec 25 21:33:29  [debug] Execution de la requete : SELECT vue_id,vue_id_module,vue_nom,vue_label,vue_ordre,vue_visible FROM vue_vues WHERE(vue_id_module = '3') ORDER BY vue_ordre ASC;
Dec 25 21:33:29  [info] Affichage de la vue Menu par le compte de l'Adhérent : 100635
Dec 25 21:33:29  [debug] Affichage de la page en : 0.022 secondes !!
Dec 25 21:33:29  [debug] Execution de la requete : SELECT adh_id,adh_numero,adh_id_compte,cpt_label,adh_nom,adh_prenom,adh_courriel_principal,adh_courriel_secondaire,adh_telephone_principal,adh_telephone_secondaire,adh_adresse,adh_code_postal,adh_ville,adh_date_naissance,adh_date_adhesion,adh_date_maj,adh_commentaire,cpt_solde,adh_etat
			FROM view_adherent 
			WHERE adh_id = '1'
Dec 25 21:33:29  [debug] Execution de la requete : SELECT ope_id_compte,ope_montant,ope_libelle,ope_date,com_date_marche_debut
			FROM view_operation_avenir 
			WHERE ope_id_compte = '31'
Dec 25 21:33:29  [debug] Execution de la requete : SELECT ope_id_compte,cpt_label,ope_montant,ope_libelle,ope_date,tpp_type,tpp_champ_complementaire,tpp_label_champ_complementaire,ope_type_paiement_champ_complementaire
			FROM view_operation_passee 
			WHERE ope_id_compte = '31'
Dec 25 21:33:29  [info] Affichage du compte de l'Adhérent : 100635
Dec 25 21:33:29  [debug] Affichage de la page en : 0.181 secondes !!
Dec 25 21:34:06  [info] Affichage du formulaire de connexion
Dec 25 21:34:06  [debug] Affichage de la page en : 0.009 secondes !!
Dec 25 21:34:09  [debug] Execution de la requete : SELECT ide_id,ide_id_login,ide_login,ide_pass,ide_type,ide_autorise FROM ide_identification WHERE(ide_login = 'Z1');
Dec 25 21:34:09  [debug] Execution de la requete : SELECT adh_id,adh_id_compte,mod_nom
			FROM view_identification 
			WHERE adh_id = '1'
Dec 25 21:34:09  [debug] Execution de la requete : INSERT INTO acc_acces
				(acc_id
				,acc_id_login
				,acc_type_login
				,acc_ip
				,acc_date_creation
				,acc_date_modification
				,acc_autorise)
			VALUES (NULL
				,'1'
				,'1'
				,'127.0.0.1'
				,'2011-12-25 21:34:09'
				,''
				,'1')
Dec 25 21:34:09  [info] Réussite de l'authentification pour l'utilisateur : 100636
Dec 25 21:34:09  [debug] Affichage de la page en : 0.025 secondes !!
Dec 25 21:34:09  [debug] Execution de la requete : SELECT adh_id,mod_id,mod_nom,mod_label,mod_admin
			FROM view_menu 
			WHERE adh_id = '1'
Dec 25 21:34:09  [debug] Execution de la requete : SELECT vue_id,vue_id_module,vue_nom,vue_label,vue_ordre,vue_visible FROM vue_vues WHERE(vue_id_module = '1') ORDER BY vue_ordre ASC;
Dec 25 21:34:09  [debug] Execution de la requete : SELECT vue_id,vue_id_module,vue_nom,vue_label,vue_ordre,vue_visible FROM vue_vues WHERE(vue_id_module = '3') ORDER BY vue_ordre ASC;
Dec 25 21:34:09  [info] Affichage de la vue Menu par le compte de l'Adhérent : 100636
Dec 25 21:34:09  [debug] Affichage de la page en : 0.021 secondes !!
Dec 25 21:34:09  [debug] Execution de la requete : SELECT adh_id,adh_numero,adh_id_compte,cpt_label,adh_nom,adh_prenom,adh_courriel_principal,adh_courriel_secondaire,adh_telephone_principal,adh_telephone_secondaire,adh_adresse,adh_code_postal,adh_ville,adh_date_naissance,adh_date_adhesion,adh_date_maj,adh_commentaire,cpt_solde,adh_etat
			FROM view_adherent 
			WHERE adh_id = '1'
Dec 25 21:34:10  [debug] Execution de la requete : SELECT ope_id_compte,ope_montant,ope_libelle,ope_date,com_date_marche_debut
			FROM view_operation_avenir 
			WHERE ope_id_compte = '31'
Dec 25 21:34:10  [debug] Execution de la requete : SELECT ope_id_compte,cpt_label,ope_montant,ope_libelle,ope_date,tpp_type,tpp_champ_complementaire,tpp_label_champ_complementaire,ope_type_paiement_champ_complementaire
			FROM view_operation_passee 
			WHERE ope_id_compte = '31'
Dec 25 21:34:10  [info] Affichage du compte de l'Adhérent : 100636
Dec 25 21:34:10  [debug] Affichage de la page en : 0.028 secondes !!
Dec 25 21:34:39  [info] Déconnexion de l'utilisateur ayant pour ID : 100636
Dec 25 21:34:39  [debug] Execution de la requete : SELECT acc_id,acc_id_login,acc_type_login,acc_ip,acc_date_creation,acc_date_modification,acc_autorise
			FROM acc_acces 
			WHERE acc_id = '100636'
Dec 25 21:34:39  [debug] Execution de la requete : UPDATE acc_acces
			 SET
				 acc_id_login = '1'
				,acc_type_login = '1'
				,acc_ip = '127.0.0.1'
				,acc_date_creation = '2011-12-25 21:34:09'
				,acc_date_modification = '2011-12-25 21:34:39'
				,acc_autorise = '0'
			 WHERE acc_id = '100636'
Dec 25 21:34:39  [debug] Affichage de la page en : 0.040 secondes !!
Dec 25 21:34:39  [info] Affichage du formulaire de connexion
Dec 25 21:34:39  [debug] Affichage de la page en : 0.004 secondes !!
Dec 25 21:34:42  [debug] Execution de la requete : SELECT ide_id,ide_id_login,ide_login,ide_pass,ide_type,ide_autorise FROM ide_identification WHERE(ide_login = 'Z1');
Dec 25 21:34:42  [debug] Execution de la requete : SELECT adh_id,adh_id_compte,mod_nom
			FROM view_identification 
			WHERE adh_id = '1'
Dec 25 21:34:42  [debug] Execution de la requete : INSERT INTO acc_acces
				(acc_id
				,acc_id_login
				,acc_type_login
				,acc_ip
				,acc_date_creation
				,acc_date_modification
				,acc_autorise)
			VALUES (NULL
				,'1'
				,'1'
				,'127.0.0.1'
				,'2011-12-25 21:34:42'
				,''
				,'1')
Dec 25 21:34:42  [info] Réussite de l'authentification pour l'utilisateur : 100637
Dec 25 21:34:42  [debug] Affichage de la page en : 0.023 secondes !!
Dec 25 21:34:43  [debug] Execution de la requete : SELECT adh_id,mod_id,mod_nom,mod_label,mod_admin
			FROM view_menu 
			WHERE adh_id = '1'
Dec 25 21:34:43  [debug] Execution de la requete : SELECT vue_id,vue_id_module,vue_nom,vue_label,vue_ordre,vue_visible FROM vue_vues WHERE(vue_id_module = '1') ORDER BY vue_ordre ASC;
Dec 25 21:34:43  [debug] Execution de la requete : SELECT vue_id,vue_id_module,vue_nom,vue_label,vue_ordre,vue_visible FROM vue_vues WHERE(vue_id_module = '3') ORDER BY vue_ordre ASC;
Dec 25 21:34:43  [info] Affichage de la vue Menu par le compte de l'Adhérent : 100637
Dec 25 21:34:43  [debug] Affichage de la page en : 0.019 secondes !!
Dec 25 21:34:43  [debug] Execution de la requete : SELECT adh_id,adh_numero,adh_id_compte,cpt_label,adh_nom,adh_prenom,adh_courriel_principal,adh_courriel_secondaire,adh_telephone_principal,adh_telephone_secondaire,adh_adresse,adh_code_postal,adh_ville,adh_date_naissance,adh_date_adhesion,adh_date_maj,adh_commentaire,cpt_solde,adh_etat
			FROM view_adherent 
			WHERE adh_id = '1'
Dec 25 21:34:43  [debug] Execution de la requete : SELECT ope_id_compte,ope_montant,ope_libelle,ope_date,com_date_marche_debut
			FROM view_operation_avenir 
			WHERE ope_id_compte = '31'
Dec 25 21:34:43  [debug] Execution de la requete : SELECT ope_id_compte,cpt_label,ope_montant,ope_libelle,ope_date,tpp_type,tpp_champ_complementaire,tpp_label_champ_complementaire,ope_type_paiement_champ_complementaire
			FROM view_operation_passee 
			WHERE ope_id_compte = '31'
Dec 25 21:34:43  [info] Affichage du compte de l'Adhérent : 100637
Dec 25 21:34:43  [debug] Affichage de la page en : 0.027 secondes !!
Dec 25 21:39:08  [info] Déconnexion de l'utilisateur ayant pour ID : 100637
Dec 25 21:39:08  [debug] Execution de la requete : SELECT acc_id,acc_id_login,acc_type_login,acc_ip,acc_date_creation,acc_date_modification,acc_autorise
			FROM acc_acces 
			WHERE acc_id = '100637'
Dec 25 21:39:08  [debug] Execution de la requete : UPDATE acc_acces
			 SET
				 acc_id_login = '1'
				,acc_type_login = '1'
				,acc_ip = '127.0.0.1'
				,acc_date_creation = '2011-12-25 21:34:42'
				,acc_date_modification = '2011-12-25 21:39:08'
				,acc_autorise = '0'
			 WHERE acc_id = '100637'
Dec 25 21:39:08  [debug] Affichage de la page en : 0.011 secondes !!
Dec 25 21:39:08  [info] Affichage du formulaire de connexion
Dec 25 21:39:08  [debug] Affichage de la page en : 0.005 secondes !!
Dec 25 21:39:11  [debug] Execution de la requete : SELECT ide_id,ide_id_login,ide_login,ide_pass,ide_type,ide_autorise FROM ide_identification WHERE(ide_login = 'Z1');
Dec 25 21:39:11  [debug] Execution de la requete : SELECT adh_id,adh_id_compte,mod_nom
			FROM view_identification 
			WHERE adh_id = '1'
Dec 25 21:39:11  [debug] Execution de la requete : INSERT INTO acc_acces
				(acc_id
				,acc_id_login
				,acc_type_login
				,acc_ip
				,acc_date_creation
				,acc_date_modification
				,acc_autorise)
			VALUES (NULL
				,'1'
				,'1'
				,'127.0.0.1'
				,'2011-12-25 21:39:11'
				,''
				,'1')
Dec 25 21:39:11  [info] Réussite de l'authentification pour l'utilisateur : 100638
Dec 25 21:39:11  [debug] Affichage de la page en : 0.022 secondes !!
Dec 25 21:39:11  [debug] Execution de la requete : SELECT adh_id,mod_id,mod_nom,mod_label,mod_admin
			FROM view_menu 
			WHERE adh_id = '1'
Dec 25 21:39:11  [debug] Execution de la requete : SELECT vue_id,vue_id_module,vue_nom,vue_label,vue_ordre,vue_visible FROM vue_vues WHERE(vue_id_module = '1') ORDER BY vue_ordre ASC;
Dec 25 21:39:11  [debug] Execution de la requete : SELECT vue_id,vue_id_module,vue_nom,vue_label,vue_ordre,vue_visible FROM vue_vues WHERE(vue_id_module = '3') ORDER BY vue_ordre ASC;
Dec 25 21:39:11  [info] Affichage de la vue Menu par le compte de l'Adhérent : 100638
Dec 25 21:39:11  [debug] Affichage de la page en : 0.022 secondes !!
Dec 25 21:39:11  [debug] Execution de la requete : SELECT adh_id,adh_numero,adh_id_compte,cpt_label,adh_nom,adh_prenom,adh_courriel_principal,adh_courriel_secondaire,adh_telephone_principal,adh_telephone_secondaire,adh_adresse,adh_code_postal,adh_ville,adh_date_naissance,adh_date_adhesion,adh_date_maj,adh_commentaire,cpt_solde,adh_etat
			FROM view_adherent 
			WHERE adh_id = '1'
Dec 25 21:39:11  [debug] Execution de la requete : SELECT ope_id_compte,ope_montant,ope_libelle,ope_date,com_date_marche_debut
			FROM view_operation_avenir 
			WHERE ope_id_compte = '31'
Dec 25 21:39:11  [debug] Execution de la requete : SELECT ope_id_compte,cpt_label,ope_montant,ope_libelle,ope_date,tpp_type,tpp_champ_complementaire,tpp_label_champ_complementaire,ope_type_paiement_champ_complementaire
			FROM view_operation_passee 
			WHERE ope_id_compte = '31'
Dec 25 21:39:11  [info] Affichage du compte de l'Adhérent : 100638
Dec 25 21:39:11  [debug] Affichage de la page en : 0.024 secondes !!
Dec 25 21:42:28  [info] Déconnexion de l'utilisateur ayant pour ID : 100638
Dec 25 21:42:28  [debug] Execution de la requete : SELECT acc_id,acc_id_login,acc_type_login,acc_ip,acc_date_creation,acc_date_modification,acc_autorise
			FROM acc_acces 
			WHERE acc_id = '100638'
Dec 25 21:42:28  [debug] Execution de la requete : UPDATE acc_acces
			 SET
				 acc_id_login = '1'
				,acc_type_login = '1'
				,acc_ip = '127.0.0.1'
				,acc_date_creation = '2011-12-25 21:39:11'
				,acc_date_modification = '2011-12-25 21:42:28'
				,acc_autorise = '0'
			 WHERE acc_id = '100638'
Dec 25 21:42:28  [debug] Affichage de la page en : 0.014 secondes !!
Dec 25 21:42:28  [info] Affichage du formulaire de connexion
Dec 25 21:42:28  [debug] Affichage de la page en : 0.009 secondes !!
Dec 25 21:42:31  [debug] Execution de la requete : SELECT ide_id,ide_id_login,ide_login,ide_pass,ide_type,ide_autorise FROM ide_identification WHERE(ide_login = 'Z1');
Dec 25 21:42:31  [debug] Execution de la requete : SELECT adh_id,adh_id_compte,mod_nom
			FROM view_identification 
			WHERE adh_id = '1'
Dec 25 21:42:31  [debug] Execution de la requete : INSERT INTO acc_acces
				(acc_id
				,acc_id_login
				,acc_type_login
				,acc_ip
				,acc_date_creation
				,acc_date_modification
				,acc_autorise)
			VALUES (NULL
				,'1'
				,'1'
				,'127.0.0.1'
				,'2011-12-25 21:42:31'
				,''
				,'1')
Dec 25 21:42:31  [info] Réussite de l'authentification pour l'utilisateur : 100639
Dec 25 21:42:31  [debug] Affichage de la page en : 0.029 secondes !!
Dec 25 21:42:32  [debug] Execution de la requete : SELECT adh_id,mod_id,mod_nom,mod_label,mod_admin
			FROM view_menu 
			WHERE adh_id = '1'
Dec 25 21:42:32  [debug] Execution de la requete : SELECT vue_id,vue_id_module,vue_nom,vue_label,vue_ordre,vue_visible FROM vue_vues WHERE(vue_id_module = '1') ORDER BY vue_ordre ASC;
Dec 25 21:42:32  [debug] Execution de la requete : SELECT vue_id,vue_id_module,vue_nom,vue_label,vue_ordre,vue_visible FROM vue_vues WHERE(vue_id_module = '3') ORDER BY vue_ordre ASC;
Dec 25 21:42:32  [info] Affichage de la vue Menu par le compte de l'Adhérent : 100639
Dec 25 21:42:32  [debug] Affichage de la page en : 0.020 secondes !!
Dec 25 21:42:32  [debug] Execution de la requete : SELECT adh_id,adh_numero,adh_id_compte,cpt_label,adh_nom,adh_prenom,adh_courriel_principal,adh_courriel_secondaire,adh_telephone_principal,adh_telephone_secondaire,adh_adresse,adh_code_postal,adh_ville,adh_date_naissance,adh_date_adhesion,adh_date_maj,adh_commentaire,cpt_solde,adh_etat
			FROM view_adherent 
			WHERE adh_id = '1'
Dec 25 21:42:32  [debug] Execution de la requete : SELECT ope_id_compte,ope_montant,ope_libelle,ope_date,com_date_marche_debut
			FROM view_operation_avenir 
			WHERE ope_id_compte = '31'
Dec 25 21:42:32  [debug] Execution de la requete : SELECT ope_id_compte,cpt_label,ope_montant,ope_libelle,ope_date,tpp_type,tpp_champ_complementaire,tpp_label_champ_complementaire,ope_type_paiement_champ_complementaire
			FROM view_operation_passee 
			WHERE ope_id_compte = '31'
Dec 25 21:42:32  [info] Affichage du compte de l'Adhérent : 100639
Dec 25 21:42:32  [debug] Affichage de la page en : 0.026 secondes !!
Dec 25 21:42:44  [debug] Execution de la requete : SELECT adh_id,adh_numero,adh_id_compte,cpt_label,adh_nom,adh_prenom,adh_courriel_principal,adh_courriel_secondaire,adh_telephone_principal,adh_telephone_secondaire,adh_adresse,adh_code_postal,adh_ville,adh_date_naissance,adh_date_adhesion,adh_date_maj,adh_commentaire,cpt_solde,adh_etat
			FROM view_adherent 
			WHERE adh_id = '1'
Dec 25 21:42:44  [debug] Execution de la requete : SELECT ope_id_compte,ope_montant,ope_libelle,ope_date,com_date_marche_debut
			FROM view_operation_avenir 
			WHERE ope_id_compte = '31'
Dec 25 21:42:44  [debug] Execution de la requete : SELECT ope_id_compte,cpt_label,ope_montant,ope_libelle,ope_date,tpp_type,tpp_champ_complementaire,tpp_label_champ_complementaire,ope_type_paiement_champ_complementaire
			FROM view_operation_passee 
			WHERE ope_id_compte = '31'
Dec 25 21:42:44  [info] Affichage du compte de l'Adhérent : 100639
Dec 25 21:42:44  [debug] Affichage de la page en : 0.025 secondes !!
Dec 25 21:42:47  [debug] Execution de la requete : SELECT adh_id,adh_numero,adh_id_compte,cpt_label,adh_nom,adh_prenom,adh_courriel_principal,adh_courriel_secondaire,adh_telephone_principal,adh_telephone_secondaire,adh_adresse,adh_code_postal,adh_ville,adh_date_naissance,adh_date_adhesion,adh_date_maj,adh_commentaire,cpt_solde,adh_etat
			FROM view_adherent 
			WHERE adh_id = '1'
Dec 25 21:42:47  [debug] Execution de la requete : SELECT ope_id_compte,ope_montant,ope_libelle,ope_date,com_date_marche_debut
			FROM view_operation_avenir 
			WHERE ope_id_compte = '31'
Dec 25 21:42:47  [debug] Execution de la requete : SELECT ope_id_compte,cpt_label,ope_montant,ope_libelle,ope_date,tpp_type,tpp_champ_complementaire,tpp_label_champ_complementaire,ope_type_paiement_champ_complementaire
			FROM view_operation_passee 
			WHERE ope_id_compte = '31'
Dec 25 21:42:47  [info] Affichage du compte de l'Adhérent : 100639
Dec 25 21:42:47  [debug] Affichage de la page en : 0.028 secondes !!
Dec 25 21:42:50  [debug] Execution de la requete : SELECT adh_id,adh_numero,adh_id_compte,cpt_label,adh_nom,adh_prenom,adh_courriel_principal,adh_courriel_secondaire,adh_telephone_principal,adh_telephone_secondaire,adh_adresse,adh_code_postal,adh_ville,adh_date_naissance,adh_date_adhesion,adh_date_maj,adh_commentaire,cpt_solde,adh_etat
			FROM view_adherent 
			WHERE adh_id = '1'
Dec 25 21:42:50  [debug] Execution de la requete : SELECT ope_id_compte,ope_montant,ope_libelle,ope_date,com_date_marche_debut
			FROM view_operation_avenir 
			WHERE ope_id_compte = '31'
Dec 25 21:42:50  [debug] Execution de la requete : SELECT ope_id_compte,cpt_label,ope_montant,ope_libelle,ope_date,tpp_type,tpp_champ_complementaire,tpp_label_champ_complementaire,ope_type_paiement_champ_complementaire
			FROM view_operation_passee 
			WHERE ope_id_compte = '31'
Dec 25 21:42:50  [info] Affichage du compte de l'Adhérent : 100639
Dec 25 21:42:50  [debug] Affichage de la page en : 0.024 secondes !!
Dec 25 21:47:41  [info] Déconnexion de l'utilisateur ayant pour ID : 100639
Dec 25 21:47:41  [debug] Execution de la requete : SELECT acc_id,acc_id_login,acc_type_login,acc_ip,acc_date_creation,acc_date_modification,acc_autorise
			FROM acc_acces 
			WHERE acc_id = '100639'
Dec 25 21:47:41  [debug] Execution de la requete : UPDATE acc_acces
			 SET
				 acc_id_login = '1'
				,acc_type_login = '1'
				,acc_ip = '127.0.0.1'
				,acc_date_creation = '2011-12-25 21:42:31'
				,acc_date_modification = '2011-12-25 21:47:41'
				,acc_autorise = '0'
			 WHERE acc_id = '100639'
Dec 25 21:47:41  [debug] Affichage de la page en : 0.013 secondes !!
Dec 25 21:47:41  [info] Affichage du formulaire de connexion
Dec 25 21:47:41  [debug] Affichage de la page en : 0.004 secondes !!
Dec 25 21:47:57  [info] Affichage du formulaire de connexion
Dec 25 21:47:57  [debug] Affichage de la page en : 0.007 secondes !!
Dec 25 21:48:04  [debug] Execution de la requete : SELECT ide_id,ide_id_login,ide_login,ide_pass,ide_type,ide_autorise FROM ide_identification WHERE(ide_login = 'Z1');
Dec 25 21:48:04  [debug] Execution de la requete : SELECT adh_id,adh_id_compte,mod_nom
			FROM view_identification 
			WHERE adh_id = '1'
Dec 25 21:48:04  [debug] Execution de la requete : INSERT INTO acc_acces
				(acc_id
				,acc_id_login
				,acc_type_login
				,acc_ip
				,acc_date_creation
				,acc_date_modification
				,acc_autorise)
			VALUES (NULL
				,'1'
				,'1'
				,'127.0.0.1'
				,'2011-12-25 21:48:04'
				,''
				,'1')
Dec 25 21:48:04  [info] Réussite de l'authentification pour l'utilisateur : 100640
Dec 25 21:48:04  [debug] Affichage de la page en : 0.021 secondes !!
Dec 25 21:48:04  [debug] Execution de la requete : SELECT adh_id,mod_id,mod_nom,mod_label,mod_admin
			FROM view_menu 
			WHERE adh_id = '1'
Dec 25 21:48:04  [debug] Execution de la requete : SELECT vue_id,vue_id_module,vue_nom,vue_label,vue_ordre,vue_visible FROM vue_vues WHERE(vue_id_module = '1') ORDER BY vue_ordre ASC;
Dec 25 21:48:04  [debug] Execution de la requete : SELECT vue_id,vue_id_module,vue_nom,vue_label,vue_ordre,vue_visible FROM vue_vues WHERE(vue_id_module = '3') ORDER BY vue_ordre ASC;
Dec 25 21:48:04  [info] Affichage de la vue Menu par le compte de l'Adhérent : 100640
Dec 25 21:48:04  [debug] Affichage de la page en : 0.033 secondes !!
Dec 25 21:48:04  [debug] Execution de la requete : SELECT adh_id,adh_numero,adh_id_compte,cpt_label,adh_nom,adh_prenom,adh_courriel_principal,adh_courriel_secondaire,adh_telephone_principal,adh_telephone_secondaire,adh_adresse,adh_code_postal,adh_ville,adh_date_naissance,adh_date_adhesion,adh_date_maj,adh_commentaire,cpt_solde,adh_etat
			FROM view_adherent 
			WHERE adh_id = '1'
Dec 25 21:48:04  [debug] Execution de la requete : SELECT ope_id_compte,ope_montant,ope_libelle,ope_date,com_date_marche_debut
			FROM view_operation_avenir 
			WHERE ope_id_compte = '31'
Dec 25 21:48:04  [debug] Execution de la requete : SELECT ope_id_compte,cpt_label,ope_montant,ope_libelle,ope_date,tpp_type,tpp_champ_complementaire,tpp_label_champ_complementaire,ope_type_paiement_champ_complementaire
			FROM view_operation_passee 
			WHERE ope_id_compte = '31'
Dec 25 21:48:04  [info] Affichage du compte de l'Adhérent : 100640
Dec 25 21:48:04  [debug] Affichage de la page en : 0.028 secondes !!
Dec 25 21:48:06  [debug] Execution de la requete : SELECT ope_id_compte,com_id,com_numero,com_nom,com_date_fin_reservation,com_date_marche_debut,com_date_marche_fin
			FROM view_marche_liste_reservation 
			WHERE ope_id_compte = '31'
Dec 25 21:48:06  [debug] Execution de la requete : SELECT com_id,com_numero,com_nom,com_date_marche_debut,com_date_marche_fin,com_date_fin_reservation
			FROM com_commande
			WHERE com_id NOT IN (
   					SELECT ope_id_commande
   					FROM ope_operation
   					WHERE ope_type_paiement in (0,7,8,15)
   					AND ope_id_compte = 31)
   			AND com_date_fin_reservation >= now()
			AND com_archive = 0
   			ORDER BY com_date_marche_debut ASC
Dec 25 21:48:06  [info] Affichage de la vue MonMarche par le compte de l'Adhérent : 100640
Dec 25 21:48:06  [debug] Affichage de la page en : 0.049 secondes !!
Dec 25 21:48:07  [debug] Execution de la requete : SELECT ope_id_compte,com_id,com_numero,com_date_marche_debut
			FROM view_mes_achats 
			WHERE ope_id_compte = '31'
			ORDER BY com_date_marche_debut DESC
			LIMIT 0 , 20
Dec 25 21:48:07  [info] Affichage de la vue MesAchats par le compte de l'Adhérent : 100640
Dec 25 21:48:07  [debug] Affichage de la page en : 0.084 secondes !!
Dec 25 21:48:08  [debug] Execution de la requete : SELECT adh_id,adh_numero,adh_id_compte,cpt_label,adh_nom,adh_prenom,adh_courriel_principal,adh_courriel_secondaire,adh_telephone_principal,adh_telephone_secondaire,adh_adresse,adh_code_postal,adh_ville,adh_date_naissance,adh_date_adhesion,adh_date_maj,adh_commentaire,cpt_solde,adh_etat
			FROM view_adherent 
			WHERE adh_id = '1'
Dec 25 21:48:08  [debug] Execution de la requete : SELECT ope_id_compte,ope_montant,ope_libelle,ope_date,com_date_marche_debut
			FROM view_operation_avenir 
			WHERE ope_id_compte = '31'
Dec 25 21:48:08  [debug] Execution de la requete : SELECT ope_id_compte,cpt_label,ope_montant,ope_libelle,ope_date,tpp_type,tpp_champ_complementaire,tpp_label_champ_complementaire,ope_type_paiement_champ_complementaire
			FROM view_operation_passee 
			WHERE ope_id_compte = '31'
Dec 25 21:48:08  [info] Affichage du compte de l'Adhérent : 100640
Dec 25 21:48:08  [debug] Affichage de la page en : 0.031 secondes !!
Dec 25 21:48:09  [debug] Execution de la requete : SELECT ope_id_compte,com_id,com_numero,com_nom,com_date_fin_reservation,com_date_marche_debut,com_date_marche_fin
			FROM view_marche_liste_reservation 
			WHERE ope_id_compte = '31'
Dec 25 21:48:09  [debug] Execution de la requete : SELECT com_id,com_numero,com_nom,com_date_marche_debut,com_date_marche_fin,com_date_fin_reservation
			FROM com_commande
			WHERE com_id NOT IN (
   					SELECT ope_id_commande
   					FROM ope_operation
   					WHERE ope_type_paiement in (0,7,8,15)
   					AND ope_id_compte = 31)
   			AND com_date_fin_reservation >= now()
			AND com_archive = 0
   			ORDER BY com_date_marche_debut ASC
Dec 25 21:48:09  [info] Affichage de la vue MonMarche par le compte de l'Adhérent : 100640
Dec 25 21:48:09  [debug] Affichage de la page en : 0.070 secondes !!
Dec 25 21:48:09  [debug] Execution de la requete : SELECT ope_id_compte,com_id,com_numero,com_date_marche_debut
			FROM view_mes_achats 
			WHERE ope_id_compte = '31'
			ORDER BY com_date_marche_debut DESC
			LIMIT 0 , 20
Dec 25 21:48:09  [info] Affichage de la vue MesAchats par le compte de l'Adhérent : 100640
Dec 25 21:48:09  [debug] Affichage de la page en : 0.088 secondes !!
Dec 25 21:48:10  [debug] Execution de la requete : SELECT adh_id,adh_numero,adh_id_compte,cpt_label,adh_nom,adh_prenom,adh_courriel_principal,adh_courriel_secondaire,adh_telephone_principal,adh_telephone_secondaire,adh_adresse,adh_code_postal,adh_ville,adh_date_naissance,adh_date_adhesion,adh_date_maj,adh_commentaire,cpt_solde,adh_etat
			FROM view_adherent 
			WHERE adh_id = '1'
Dec 25 21:48:10  [debug] Execution de la requete : SELECT ope_id_compte,ope_montant,ope_libelle,ope_date,com_date_marche_debut
			FROM view_operation_avenir 
			WHERE ope_id_compte = '31'
Dec 25 21:48:10  [debug] Execution de la requete : SELECT ope_id_compte,cpt_label,ope_montant,ope_libelle,ope_date,tpp_type,tpp_champ_complementaire,tpp_label_champ_complementaire,ope_type_paiement_champ_complementaire
			FROM view_operation_passee 
			WHERE ope_id_compte = '31'
Dec 25 21:48:10  [info] Affichage du compte de l'Adhérent : 100640
Dec 25 21:48:10  [debug] Affichage de la page en : 0.038 secondes !!
Dec 25 21:48:12  [debug] Execution de la requete : SELECT adh_id,adh_numero,adh_id_compte,cpt_label,adh_nom,adh_prenom,adh_courriel_principal,adh_courriel_secondaire,adh_telephone_principal,adh_telephone_secondaire,adh_adresse,adh_code_postal,adh_ville,adh_date_naissance,adh_date_adhesion,adh_date_maj,adh_commentaire,cpt_solde,adh_etat
			FROM view_adherent 
			WHERE adh_id = '1'
Dec 25 21:48:12  [debug] Execution de la requete : SELECT ope_id_compte,ope_montant,ope_libelle,ope_date,com_date_marche_debut
			FROM view_operation_avenir 
			WHERE ope_id_compte = '31'
Dec 25 21:48:12  [debug] Execution de la requete : SELECT ope_id_compte,cpt_label,ope_montant,ope_libelle,ope_date,tpp_type,tpp_champ_complementaire,tpp_label_champ_complementaire,ope_type_paiement_champ_complementaire
			FROM view_operation_passee 
			WHERE ope_id_compte = '31'
Dec 25 21:48:12  [info] Affichage du compte de l'Adhérent : 100640
Dec 25 21:48:12  [debug] Affichage de la page en : 0.021 secondes !!
Dec 25 21:48:14  [debug] Execution de la requete : SELECT ope_id_compte,com_id,com_numero,com_nom,com_date_fin_reservation,com_date_marche_debut,com_date_marche_fin
			FROM view_marche_liste_reservation 
			WHERE ope_id_compte = '31'
Dec 25 21:48:14  [debug] Execution de la requete : SELECT com_id,com_numero,com_nom,com_date_marche_debut,com_date_marche_fin,com_date_fin_reservation
			FROM com_commande
			WHERE com_id NOT IN (
   					SELECT ope_id_commande
   					FROM ope_operation
   					WHERE ope_type_paiement in (0,7,8,15)
   					AND ope_id_compte = 31)
   			AND com_date_fin_reservation >= now()
			AND com_archive = 0
   			ORDER BY com_date_marche_debut ASC
Dec 25 21:48:14  [info] Affichage de la vue MonMarche par le compte de l'Adhérent : 100640
Dec 25 21:48:14  [debug] Affichage de la page en : 0.058 secondes !!
Dec 25 21:48:14  [debug] Execution de la requete : SELECT ope_id_compte,com_id,com_numero,com_nom,com_date_fin_reservation,com_date_marche_debut,com_date_marche_fin
			FROM view_marche_liste_reservation 
			WHERE ope_id_compte = '31'
Dec 25 21:48:14  [debug] Execution de la requete : SELECT com_id,com_numero,com_nom,com_date_marche_debut,com_date_marche_fin,com_date_fin_reservation
			FROM com_commande
			WHERE com_id NOT IN (
   					SELECT ope_id_commande
   					FROM ope_operation
   					WHERE ope_type_paiement in (0,7,8,15)
   					AND ope_id_compte = 31)
   			AND com_date_fin_reservation >= now()
			AND com_archive = 0
   			ORDER BY com_date_marche_debut ASC
Dec 25 21:48:14  [info] Affichage de la vue MonMarche par le compte de l'Adhérent : 100640
Dec 25 21:48:14  [debug] Affichage de la page en : 0.043 secondes !!
Dec 25 21:48:15  [debug] Execution de la requete : SELECT ope_id_compte,com_id,com_numero,com_nom,com_date_fin_reservation,com_date_marche_debut,com_date_marche_fin
			FROM view_marche_liste_reservation 
			WHERE ope_id_compte = '31'
Dec 25 21:48:15  [debug] Execution de la requete : SELECT com_id,com_numero,com_nom,com_date_marche_debut,com_date_marche_fin,com_date_fin_reservation
			FROM com_commande
			WHERE com_id NOT IN (
   					SELECT ope_id_commande
   					FROM ope_operation
   					WHERE ope_type_paiement in (0,7,8,15)
   					AND ope_id_compte = 31)
   			AND com_date_fin_reservation >= now()
			AND com_archive = 0
   			ORDER BY com_date_marche_debut ASC
Dec 25 21:48:15  [info] Affichage de la vue MonMarche par le compte de l'Adhérent : 100640
Dec 25 21:48:15  [debug] Affichage de la page en : 0.043 secondes !!
Dec 25 21:48:16  [debug] Execution de la requete : SELECT ope_id_compte,com_id,com_numero,com_nom,com_date_fin_reservation,com_date_marche_debut,com_date_marche_fin
			FROM view_marche_liste_reservation 
			WHERE ope_id_compte = '31'
Dec 25 21:48:16  [debug] Execution de la requete : SELECT com_id,com_numero,com_nom,com_date_marche_debut,com_date_marche_fin,com_date_fin_reservation
			FROM com_commande
			WHERE com_id NOT IN (
   					SELECT ope_id_commande
   					FROM ope_operation
   					WHERE ope_type_paiement in (0,7,8,15)
   					AND ope_id_compte = 31)
   			AND com_date_fin_reservation >= now()
			AND com_archive = 0
   			ORDER BY com_date_marche_debut ASC
Dec 25 21:48:16  [info] Affichage de la vue MonMarche par le compte de l'Adhérent : 100640
Dec 25 21:48:16  [debug] Affichage de la page en : 0.046 secondes !!
Dec 25 21:48:17  [debug] Execution de la requete : SELECT ope_id_compte,com_id,com_numero,com_nom,com_date_fin_reservation,com_date_marche_debut,com_date_marche_fin
			FROM view_marche_liste_reservation 
			WHERE ope_id_compte = '31'
Dec 25 21:48:17  [debug] Execution de la requete : SELECT com_id,com_numero,com_nom,com_date_marche_debut,com_date_marche_fin,com_date_fin_reservation
			FROM com_commande
			WHERE com_id NOT IN (
   					SELECT ope_id_commande
   					FROM ope_operation
   					WHERE ope_type_paiement in (0,7,8,15)
   					AND ope_id_compte = 31)
   			AND com_date_fin_reservation >= now()
			AND com_archive = 0
   			ORDER BY com_date_marche_debut ASC
Dec 25 21:48:17  [info] Affichage de la vue MonMarche par le compte de l'Adhérent : 100640
Dec 25 21:48:17  [debug] Affichage de la page en : 0.047 secondes !!
Dec 25 21:48:17  [debug] Execution de la requete : SELECT ope_id_compte,com_id,com_numero,com_nom,com_date_fin_reservation,com_date_marche_debut,com_date_marche_fin
			FROM view_marche_liste_reservation 
			WHERE ope_id_compte = '31'
Dec 25 21:48:17  [debug] Execution de la requete : SELECT com_id,com_numero,com_nom,com_date_marche_debut,com_date_marche_fin,com_date_fin_reservation
			FROM com_commande
			WHERE com_id NOT IN (
   					SELECT ope_id_commande
   					FROM ope_operation
   					WHERE ope_type_paiement in (0,7,8,15)
   					AND ope_id_compte = 31)
   			AND com_date_fin_reservation >= now()
			AND com_archive = 0
   			ORDER BY com_date_marche_debut ASC
Dec 25 21:48:17  [info] Affichage de la vue MonMarche par le compte de l'Adhérent : 100640
Dec 25 21:48:17  [debug] Affichage de la page en : 0.046 secondes !!
Dec 25 21:48:17  [debug] Execution de la requete : SELECT ope_id_compte,com_id,com_numero,com_nom,com_date_fin_reservation,com_date_marche_debut,com_date_marche_fin
			FROM view_marche_liste_reservation 
			WHERE ope_id_compte = '31'
Dec 25 21:48:17  [debug] Execution de la requete : SELECT com_id,com_numero,com_nom,com_date_marche_debut,com_date_marche_fin,com_date_fin_reservation
			FROM com_commande
			WHERE com_id NOT IN (
   					SELECT ope_id_commande
   					FROM ope_operation
   					WHERE ope_type_paiement in (0,7,8,15)
   					AND ope_id_compte = 31)
   			AND com_date_fin_reservation >= now()
			AND com_archive = 0
   			ORDER BY com_date_marche_debut ASC
Dec 25 21:48:17  [info] Affichage de la vue MonMarche par le compte de l'Adhérent : 100640
Dec 25 21:48:17  [debug] Affichage de la page en : 0.047 secondes !!
Dec 25 21:48:17  [debug] Execution de la requete : SELECT ope_id_compte,com_id,com_numero,com_nom,com_date_fin_reservation,com_date_marche_debut,com_date_marche_fin
			FROM view_marche_liste_reservation 
			WHERE ope_id_compte = '31'
Dec 25 21:48:17  [debug] Execution de la requete : SELECT com_id,com_numero,com_nom,com_date_marche_debut,com_date_marche_fin,com_date_fin_reservation
			FROM com_commande
			WHERE com_id NOT IN (
   					SELECT ope_id_commande
   					FROM ope_operation
   					WHERE ope_type_paiement in (0,7,8,15)
   					AND ope_id_compte = 31)
   			AND com_date_fin_reservation >= now()
			AND com_archive = 0
   			ORDER BY com_date_marche_debut ASC
Dec 25 21:48:17  [info] Affichage de la vue MonMarche par le compte de l'Adhérent : 100640
Dec 25 21:48:17  [debug] Affichage de la page en : 0.046 secondes !!
Dec 25 21:48:18  [debug] Execution de la requete : SELECT ope_id_compte,com_id,com_numero,com_nom,com_date_fin_reservation,com_date_marche_debut,com_date_marche_fin
			FROM view_marche_liste_reservation 
			WHERE ope_id_compte = '31'
Dec 25 21:48:18  [debug] Execution de la requete : SELECT com_id,com_numero,com_nom,com_date_marche_debut,com_date_marche_fin,com_date_fin_reservation
			FROM com_commande
			WHERE com_id NOT IN (
   					SELECT ope_id_commande
   					FROM ope_operation
   					WHERE ope_type_paiement in (0,7,8,15)
   					AND ope_id_compte = 31)
   			AND com_date_fin_reservation >= now()
			AND com_archive = 0
   			ORDER BY com_date_marche_debut ASC
Dec 25 21:48:18  [info] Affichage de la vue MonMarche par le compte de l'Adhérent : 100640
Dec 25 21:48:18  [debug] Affichage de la page en : 0.049 secondes !!
Dec 25 21:48:18  [debug] Execution de la requete : SELECT ope_id_compte,com_id,com_numero,com_date_marche_debut
			FROM view_mes_achats 
			WHERE ope_id_compte = '31'
			ORDER BY com_date_marche_debut DESC
			LIMIT 0 , 20
Dec 25 21:48:18  [info] Affichage de la vue MesAchats par le compte de l'Adhérent : 100640
Dec 25 21:48:18  [debug] Affichage de la page en : 0.074 secondes !!
Dec 25 21:48:19  [debug] Execution de la requete : SELECT ope_id_compte,com_id,com_numero,com_nom,com_date_fin_reservation,com_date_marche_debut,com_date_marche_fin
			FROM view_marche_liste_reservation 
			WHERE ope_id_compte = '31'
Dec 25 21:48:19  [debug] Execution de la requete : SELECT com_id,com_numero,com_nom,com_date_marche_debut,com_date_marche_fin,com_date_fin_reservation
			FROM com_commande
			WHERE com_id NOT IN (
   					SELECT ope_id_commande
   					FROM ope_operation
   					WHERE ope_type_paiement in (0,7,8,15)
   					AND ope_id_compte = 31)
   			AND com_date_fin_reservation >= now()
			AND com_archive = 0
   			ORDER BY com_date_marche_debut ASC
Dec 25 21:48:19  [info] Affichage de la vue MonMarche par le compte de l'Adhérent : 100640
Dec 25 21:48:19  [debug] Affichage de la page en : 0.037 secondes !!
Dec 25 21:48:20  [debug] Execution de la requete : SELECT ope_id_compte,com_id,com_numero,com_date_marche_debut
			FROM view_mes_achats 
			WHERE ope_id_compte = '31'
			ORDER BY com_date_marche_debut DESC
			LIMIT 0 , 20
Dec 25 21:48:20  [info] Affichage de la vue MesAchats par le compte de l'Adhérent : 100640
Dec 25 21:48:20  [debug] Affichage de la page en : 0.060 secondes !!
Dec 25 21:48:21  [debug] Execution de la requete : SELECT ope_id_compte,com_id,com_numero,com_nom,com_date_fin_reservation,com_date_marche_debut,com_date_marche_fin
			FROM view_marche_liste_reservation 
			WHERE ope_id_compte = '31'
Dec 25 21:48:21  [debug] Execution de la requete : SELECT com_id,com_numero,com_nom,com_date_marche_debut,com_date_marche_fin,com_date_fin_reservation
			FROM com_commande
			WHERE com_id NOT IN (
   					SELECT ope_id_commande
   					FROM ope_operation
   					WHERE ope_type_paiement in (0,7,8,15)
   					AND ope_id_compte = 31)
   			AND com_date_fin_reservation >= now()
			AND com_archive = 0
   			ORDER BY com_date_marche_debut ASC
Dec 25 21:48:21  [info] Affichage de la vue MonMarche par le compte de l'Adhérent : 100640
Dec 25 21:48:21  [debug] Affichage de la page en : 0.037 secondes !!
Dec 25 21:48:21  [debug] Execution de la requete : SELECT adh_id,adh_numero,adh_id_compte,cpt_label,adh_nom,adh_prenom,adh_courriel_principal,adh_courriel_secondaire,adh_telephone_principal,adh_telephone_secondaire,adh_adresse,adh_code_postal,adh_ville,adh_date_naissance,adh_date_adhesion,adh_date_maj,adh_commentaire,cpt_solde,adh_etat
			FROM view_adherent 
			WHERE adh_id = '1'
Dec 25 21:48:21  [debug] Execution de la requete : SELECT ope_id_compte,ope_montant,ope_libelle,ope_date,com_date_marche_debut
			FROM view_operation_avenir 
			WHERE ope_id_compte = '31'
Dec 25 21:48:21  [debug] Execution de la requete : SELECT ope_id_compte,cpt_label,ope_montant,ope_libelle,ope_date,tpp_type,tpp_champ_complementaire,tpp_label_champ_complementaire,ope_type_paiement_champ_complementaire
			FROM view_operation_passee 
			WHERE ope_id_compte = '31'
Dec 25 21:48:21  [info] Affichage du compte de l'Adhérent : 100640
Dec 25 21:48:21  [debug] Affichage de la page en : 0.030 secondes !!
Dec 25 21:48:25  [debug] Execution de la requete : SELECT adh_id,adh_numero,adh_id_compte,cpt_label,adh_nom,adh_prenom,adh_courriel_principal,adh_courriel_secondaire,adh_telephone_principal,adh_telephone_secondaire,adh_adresse,adh_code_postal,adh_ville,adh_date_naissance,adh_date_adhesion,adh_date_maj,adh_commentaire,cpt_solde,adh_etat
			FROM view_adherent 
			WHERE adh_id = '1'
Dec 25 21:48:25  [debug] Execution de la requete : SELECT ope_id_compte,ope_montant,ope_libelle,ope_date,com_date_marche_debut
			FROM view_operation_avenir 
			WHERE ope_id_compte = '31'
Dec 25 21:48:25  [debug] Execution de la requete : SELECT ope_id_compte,cpt_label,ope_montant,ope_libelle,ope_date,tpp_type,tpp_champ_complementaire,tpp_label_champ_complementaire,ope_type_paiement_champ_complementaire
			FROM view_operation_passee 
			WHERE ope_id_compte = '31'
Dec 25 21:48:25  [info] Affichage du compte de l'Adhérent : 100640
Dec 25 21:48:25  [debug] Affichage de la page en : 0.028 secondes !!
Dec 25 21:48:27  [debug] Execution de la requete : SELECT adh_id,adh_numero,adh_id_compte,cpt_label,adh_nom,adh_prenom,adh_courriel_principal,adh_courriel_secondaire,adh_telephone_principal,adh_telephone_secondaire,adh_adresse,adh_code_postal,adh_ville,adh_date_naissance,adh_date_adhesion,adh_date_maj,adh_commentaire,cpt_solde,adh_etat
			FROM view_adherent 
			WHERE adh_id = '1'
Dec 25 21:48:27  [debug] Execution de la requete : SELECT ope_id_compte,ope_montant,ope_libelle,ope_date,com_date_marche_debut
			FROM view_operation_avenir 
			WHERE ope_id_compte = '31'
Dec 25 21:48:27  [debug] Execution de la requete : SELECT ope_id_compte,cpt_label,ope_montant,ope_libelle,ope_date,tpp_type,tpp_champ_complementaire,tpp_label_champ_complementaire,ope_type_paiement_champ_complementaire
			FROM view_operation_passee 
			WHERE ope_id_compte = '31'
Dec 25 21:48:27  [info] Affichage du compte de l'Adhérent : 100640
Dec 25 21:48:27  [debug] Affichage de la page en : 0.029 secondes !!
Dec 25 21:48:34  [debug] Execution de la requete : SELECT adh_id,adh_numero,adh_id_compte,cpt_label,adh_nom,adh_prenom,adh_courriel_principal,adh_courriel_secondaire,adh_telephone_principal,adh_telephone_secondaire,adh_adresse,adh_code_postal,adh_ville,adh_date_naissance,adh_date_adhesion,adh_date_maj,adh_commentaire,cpt_solde,adh_etat
			FROM view_adherent 
			WHERE adh_id = '1'
Dec 25 21:48:34  [debug] Execution de la requete : SELECT ope_id_compte,ope_montant,ope_libelle,ope_date,com_date_marche_debut
			FROM view_operation_avenir 
			WHERE ope_id_compte = '31'
Dec 25 21:48:34  [debug] Execution de la requete : SELECT ope_id_compte,cpt_label,ope_montant,ope_libelle,ope_date,tpp_type,tpp_champ_complementaire,tpp_label_champ_complementaire,ope_type_paiement_champ_complementaire
			FROM view_operation_passee 
			WHERE ope_id_compte = '31'
Dec 25 21:48:34  [info] Affichage du compte de l'Adhérent : 100640
Dec 25 21:48:34  [debug] Affichage de la page en : 0.030 secondes !!
Dec 25 21:52:46  [debug] Execution de la requete : SELECT ide_id,ide_id_login,ide_login,ide_pass,ide_type,ide_autorise FROM ide_identification WHERE(ide_login = 'julien');
Dec 25 21:52:46  [info] Echec de l'authentification pour l'utilisateur.
Dec 25 21:52:46  [debug] Affichage de la page en : 0.021 secondes !!
Dec 25 21:52:50  [debug] Execution de la requete : SELECT ide_id,ide_id_login,ide_login,ide_pass,ide_type,ide_autorise FROM ide_identification WHERE(ide_login = 'julien');
Dec 25 21:52:50  [info] Echec de l'authentification pour l'utilisateur.
Dec 25 21:52:50  [debug] Affichage de la page en : 0.019 secondes !!
Dec 25 21:52:55  [debug] Execution de la requete : SELECT ide_id,ide_id_login,ide_login,ide_pass,ide_type,ide_autorise FROM ide_identification WHERE(ide_login = 'julien');
Dec 25 21:52:55  [debug] Execution de la requete : SELECT mod_id,mod_nom,mod_label,mod_defaut,mod_ordre,mod_admin,mod_visible 
					FROM mod_module 
					ORDER BY mod_module.mod_ordre ASC
Dec 25 21:52:55  [debug] Execution de la requete : INSERT INTO acc_acces
				(acc_id
				,acc_id_login
				,acc_type_login
				,acc_ip
				,acc_date_creation
				,acc_date_modification
				,acc_autorise)
			VALUES (NULL
				,'0'
				,'2'
				,'127.0.0.1'
				,'2011-12-25 21:52:55'
				,''
				,'1')
Dec 25 21:52:55  [info] Réussite de l'authentification pour l'utilisateur : 100641
Dec 25 21:52:55  [debug] Affichage de la page en : 0.022 secondes !!
Dec 25 21:52:55  [info] Affichage de la vue Menu par le compte de l'Adhérent : 100641
Dec 25 21:52:55  [debug] Affichage de la page en : 0.016 secondes !!
Dec 25 21:52:55  [debug] Execution de la requete : SELECT mod_id,mod_nom,mod_label,mod_defaut,mod_ordre,mod_admin,mod_visible 
					FROM mod_module 
					ORDER BY mod_module.mod_ordre ASC
Dec 25 21:52:55  [debug] Execution de la requete : SELECT vue_id,vue_id_module,vue_nom,vue_label,vue_ordre,vue_visible FROM vue_vues WHERE(vue_id_module = '4') ORDER BY vue_ordre ASC;
Dec 25 21:52:55  [debug] Execution de la requete : SELECT vue_id,vue_id_module,vue_nom,vue_label,vue_ordre,vue_visible FROM vue_vues WHERE(vue_id_module = '2') ORDER BY vue_ordre ASC;
Dec 25 21:52:55  [debug] Execution de la requete : SELECT vue_id,vue_id_module,vue_nom,vue_label,vue_ordre,vue_visible FROM vue_vues WHERE(vue_id_module = '5') ORDER BY vue_ordre ASC;
Dec 25 21:52:55  [debug] Execution de la requete : SELECT vue_id,vue_id_module,vue_nom,vue_label,vue_ordre,vue_visible FROM vue_vues WHERE(vue_id_module = '9') ORDER BY vue_ordre ASC;
Dec 25 21:52:55  [debug] Execution de la requete : SELECT vue_id,vue_id_module,vue_nom,vue_label,vue_ordre,vue_visible FROM vue_vues WHERE(vue_id_module = '6') ORDER BY vue_ordre ASC;
Dec 25 21:52:55  [debug] Execution de la requete : SELECT vue_id,vue_id_module,vue_nom,vue_label,vue_ordre,vue_visible FROM vue_vues WHERE(vue_id_module = '7') ORDER BY vue_ordre ASC;
Dec 25 21:52:55  [debug] Execution de la requete : SELECT vue_id,vue_id_module,vue_nom,vue_label,vue_ordre,vue_visible FROM vue_vues WHERE(vue_id_module = '8') ORDER BY vue_ordre ASC;
Dec 25 21:52:55  [info] Affichage de la vue Menu par le compte de l'Adhérent : 100641
Dec 25 21:52:55  [debug] Affichage de la page en : 0.025 secondes !!
Dec 25 21:53:14  [debug] Execution de la requete : SELECT fer_id,fer_numero,cpt_label,fer_nom,fer_id_compte
			FROM view_liste_ferme
Dec 25 21:53:14  [info] Affichage de la liste des fermes par : 100641
Dec 25 21:53:14  [debug] Affichage de la page en : 0.033 secondes !!
Dec 25 21:53:18  [debug] Execution de la requete : SELECT mod_id,mod_nom,mod_label,mod_defaut,mod_ordre,mod_admin,mod_visible 
					FROM mod_module 
					ORDER BY mod_module.mod_ordre ASC
Dec 25 21:53:18  [debug] Execution de la requete : SELECT vue_id,vue_id_module,vue_nom,vue_label,vue_ordre,vue_visible FROM vue_vues WHERE(vue_id_module = '4') ORDER BY vue_ordre ASC;
Dec 25 21:53:18  [debug] Execution de la requete : SELECT vue_id,vue_id_module,vue_nom,vue_label,vue_ordre,vue_visible FROM vue_vues WHERE(vue_id_module = '2') ORDER BY vue_ordre ASC;
Dec 25 21:53:18  [debug] Execution de la requete : SELECT vue_id,vue_id_module,vue_nom,vue_label,vue_ordre,vue_visible FROM vue_vues WHERE(vue_id_module = '5') ORDER BY vue_ordre ASC;
Dec 25 21:53:18  [debug] Execution de la requete : SELECT vue_id,vue_id_module,vue_nom,vue_label,vue_ordre,vue_visible FROM vue_vues WHERE(vue_id_module = '9') ORDER BY vue_ordre ASC;
Dec 25 21:53:18  [debug] Execution de la requete : SELECT vue_id,vue_id_module,vue_nom,vue_label,vue_ordre,vue_visible FROM vue_vues WHERE(vue_id_module = '6') ORDER BY vue_ordre ASC;
Dec 25 21:53:18  [debug] Execution de la requete : SELECT vue_id,vue_id_module,vue_nom,vue_label,vue_ordre,vue_visible FROM vue_vues WHERE(vue_id_module = '7') ORDER BY vue_ordre ASC;
Dec 25 21:53:18  [debug] Execution de la requete : SELECT vue_id,vue_id_module,vue_nom,vue_label,vue_ordre,vue_visible FROM vue_vues WHERE(vue_id_module = '8') ORDER BY vue_ordre ASC;
Dec 25 21:53:18  [info] Affichage de la vue Menu par le compte de l'Adhérent : 100641
Dec 25 21:53:18  [debug] Affichage de la page en : 0.023 secondes !!
Dec 25 21:53:20  [debug] Execution de la requete : SELECT cpro_id,cpro_nom
			FROM view_liste_categorie_produit
Dec 25 21:53:20  [info] Affichage de la vue GestionCategorie par l'Adhérent : 100641
Dec 25 21:53:20  [debug] Affichage de la page en : 0.041 secondes !!
Dec 25 21:53:22  [debug] Execution de la requete : SELECT cpro_id,cpro_nom,cpro_description,cpro_etat
			FROM cpro_categorie_produit 
			WHERE cpro_id = '2'
Dec 25 21:53:22  [debug] Execution de la requete : SELECT cpro_id,cpro_nom,cpro_description
			FROM view_categorie_produit 
			WHERE cpro_id = '2'
Dec 25 21:53:22  [info] Affichage de la vue DetailCategorie par l'Adhérent : 100641
Dec 25 21:53:22  [debug] Affichage de la page en : 0.018 secondes !!
Dec 25 21:53:26  [debug] Execution de la requete : SELECT cpro_id,cpro_nom,cpro_description,cpro_etat
			FROM cpro_categorie_produit 
			WHERE cpro_id = '2'
Dec 25 21:53:26  [debug] Execution de la requete : SELECT npro_id,npro_nom,npro_description,npro_id_categorie,npro_id_ferme,npro_etat
			FROM npro_nom_produit 
			WHERE npro_id_categorie = '2'
Dec 25 21:53:26  [info] Demande autorisation suppression de catégorie par l'Adhérent : 100641
Dec 25 21:53:26  [debug] Affichage de la page en : 0.042 secondes !!
Dec 25 21:54:12  [debug] Execution de la requete : SELECT cpro_id,cpro_nom,cpro_description,cpro_etat
			FROM cpro_categorie_produit 
			WHERE cpro_id = '2'
Dec 25 21:54:12  [debug] Execution de la requete : SELECT npro_id,npro_nom,npro_description,npro_id_categorie,npro_id_ferme,npro_etat
			FROM npro_nom_produit 
			WHERE npro_id_categorie = '2'
Dec 25 21:54:12  [info] Demande autorisation suppression de catégorie par l'Adhérent : 100641
Dec 25 21:54:12  [debug] Affichage de la page en : 0.016 secondes !!
Dec 25 22:00:43  [debug] Execution de la requete : SELECT mod_id,mod_nom,mod_label,mod_defaut,mod_ordre,mod_admin,mod_visible 
					FROM mod_module 
					ORDER BY mod_module.mod_ordre ASC
Dec 25 22:00:43  [debug] Execution de la requete : SELECT vue_id,vue_id_module,vue_nom,vue_label,vue_ordre,vue_visible FROM vue_vues WHERE(vue_id_module = '4') ORDER BY vue_ordre ASC;
Dec 25 22:00:43  [debug] Execution de la requete : SELECT vue_id,vue_id_module,vue_nom,vue_label,vue_ordre,vue_visible FROM vue_vues WHERE(vue_id_module = '2') ORDER BY vue_ordre ASC;
Dec 25 22:00:43  [debug] Execution de la requete : SELECT vue_id,vue_id_module,vue_nom,vue_label,vue_ordre,vue_visible FROM vue_vues WHERE(vue_id_module = '5') ORDER BY vue_ordre ASC;
Dec 25 22:00:43  [debug] Execution de la requete : SELECT vue_id,vue_id_module,vue_nom,vue_label,vue_ordre,vue_visible FROM vue_vues WHERE(vue_id_module = '9') ORDER BY vue_ordre ASC;
Dec 25 22:00:43  [debug] Execution de la requete : SELECT vue_id,vue_id_module,vue_nom,vue_label,vue_ordre,vue_visible FROM vue_vues WHERE(vue_id_module = '6') ORDER BY vue_ordre ASC;
Dec 25 22:00:43  [debug] Execution de la requete : SELECT vue_id,vue_id_module,vue_nom,vue_label,vue_ordre,vue_visible FROM vue_vues WHERE(vue_id_module = '7') ORDER BY vue_ordre ASC;
Dec 25 22:00:43  [debug] Execution de la requete : SELECT vue_id,vue_id_module,vue_nom,vue_label,vue_ordre,vue_visible FROM vue_vues WHERE(vue_id_module = '8') ORDER BY vue_ordre ASC;
Dec 25 22:00:43  [info] Affichage de la vue Menu par le compte de l'Adhérent : 100641
Dec 25 22:00:43  [debug] Affichage de la page en : 0.033 secondes !!
Dec 25 22:00:45  [debug] Execution de la requete : SELECT fer_id,fer_numero,cpt_label,fer_nom,fer_id_compte
			FROM view_liste_ferme
Dec 25 22:00:45  [info] Affichage de la liste des fermes par : 100641
Dec 25 22:00:45  [debug] Affichage de la page en : 0.022 secondes !!
Dec 25 22:00:46  [debug] Execution de la requete : SELECT fer_id,fer_numero,fer_nom,fer_id_compte,fer_siren,fer_adresse,fer_code_postal,fer_ville,fer_date_adhesion,fer_description,fer_etat
			FROM fer_ferme 
			WHERE fer_id = '7'
Dec 25 22:00:46  [debug] Execution de la requete : SELECT fer_id,fer_numero,cpt_label,fer_nom,fer_siren,fer_adresse,fer_code_postal,fer_ville,fer_date_adhesion,fer_description,fer_id_compte
			FROM view_ferme 
			WHERE fer_id = '7'
Dec 25 22:00:46  [debug] Execution de la requete : SELECT ope_id_compte,cpt_label,ope_montant,ope_libelle,ope_date,tpp_type,tpp_champ_complementaire,tpp_label_champ_complementaire,ope_type_paiement_champ_complementaire
			FROM view_operation_passee 
			WHERE ope_id_compte = '67'
Dec 25 22:00:46  [debug] Execution de la requete : SELECT tpp_id,tpp_type,tpp_champ_complementaire,tpp_label_champ_complementaire,tpp_visible
			FROM tpp_type_paiement
Dec 25 22:00:46  [info] Affichage des information sur une fermes par : 100641
Dec 25 22:00:46  [debug] Affichage de la page en : 0.024 secondes !!
Dec 25 22:01:04  [debug] Execution de la requete : SELECT fer_id,fer_numero,cpt_label,fer_nom,fer_id_compte
			FROM view_liste_ferme
Dec 25 22:01:04  [info] Affichage de la liste des fermes par : 100641
Dec 25 22:01:04  [debug] Affichage de la page en : 0.019 secondes !!
Dec 25 22:08:18  [debug] Execution de la requete : SELECT fer_id,fer_numero,cpt_label,fer_nom,fer_id_compte
			FROM view_liste_ferme
Dec 25 22:08:18  [info] Affichage de la liste des fermes par : 100641
Dec 25 22:08:18  [debug] Affichage de la page en : 0.020 secondes !!
Dec 25 22:08:20  [info] Déconnexion de l'utilisateur ayant pour ID : 100641
Dec 25 22:08:20  [debug] Execution de la requete : SELECT acc_id,acc_id_login,acc_type_login,acc_ip,acc_date_creation,acc_date_modification,acc_autorise
			FROM acc_acces 
			WHERE acc_id = '100641'
Dec 25 22:08:20  [debug] Execution de la requete : UPDATE acc_acces
			 SET
				 acc_id_login = '0'
				,acc_type_login = '2'
				,acc_ip = '127.0.0.1'
				,acc_date_creation = '2011-12-25 21:52:55'
				,acc_date_modification = '2011-12-25 22:08:20'
				,acc_autorise = '0'
			 WHERE acc_id = '100641'
Dec 25 22:08:20  [debug] Affichage de la page en : 0.013 secondes !!
Dec 25 22:08:21  [info] Affichage du formulaire de connexion
Dec 25 22:08:21  [debug] Affichage de la page en : 0.005 secondes !!
Dec 25 22:08:23  [debug] Execution de la requete : SELECT ide_id,ide_id_login,ide_login,ide_pass,ide_type,ide_autorise FROM ide_identification WHERE(ide_login = 'Z1');
Dec 25 22:08:23  [debug] Execution de la requete : SELECT adh_id,adh_id_compte,mod_nom
			FROM view_identification 
			WHERE adh_id = '1'
Dec 25 22:08:23  [debug] Execution de la requete : INSERT INTO acc_acces
				(acc_id
				,acc_id_login
				,acc_type_login
				,acc_ip
				,acc_date_creation
				,acc_date_modification
				,acc_autorise)
			VALUES (NULL
				,'1'
				,'1'
				,'127.0.0.1'
				,'2011-12-25 22:08:23'
				,''
				,'1')
Dec 25 22:08:23  [info] Réussite de l'authentification pour l'utilisateur : 100642
Dec 25 22:08:23  [debug] Affichage de la page en : 0.024 secondes !!
Dec 25 22:08:24  [debug] Execution de la requete : SELECT adh_id,mod_id,mod_nom,mod_label,mod_admin
			FROM view_menu 
			WHERE adh_id = '1'
Dec 25 22:08:24  [debug] Execution de la requete : SELECT vue_id,vue_id_module,vue_nom,vue_label,vue_ordre,vue_visible FROM vue_vues WHERE(vue_id_module = '1') ORDER BY vue_ordre ASC;
Dec 25 22:08:24  [debug] Execution de la requete : SELECT vue_id,vue_id_module,vue_nom,vue_label,vue_ordre,vue_visible FROM vue_vues WHERE(vue_id_module = '3') ORDER BY vue_ordre ASC;
Dec 25 22:08:24  [info] Affichage de la vue Menu par le compte de l'Adhérent : 100642
Dec 25 22:08:24  [debug] Affichage de la page en : 0.031 secondes !!
Dec 25 22:08:24  [debug] Execution de la requete : SELECT adh_id,adh_numero,adh_id_compte,cpt_label,adh_nom,adh_prenom,adh_courriel_principal,adh_courriel_secondaire,adh_telephone_principal,adh_telephone_secondaire,adh_adresse,adh_code_postal,adh_ville,adh_date_naissance,adh_date_adhesion,adh_date_maj,adh_commentaire,cpt_solde,adh_etat
			FROM view_adherent 
			WHERE adh_id = '1'
Dec 25 22:08:24  [debug] Execution de la requete : SELECT ope_id_compte,ope_montant,ope_libelle,ope_date,com_date_marche_debut
			FROM view_operation_avenir 
			WHERE ope_id_compte = '31'
Dec 25 22:08:24  [debug] Execution de la requete : SELECT ope_id_compte,cpt_label,ope_montant,ope_libelle,ope_date,tpp_type,tpp_champ_complementaire,tpp_label_champ_complementaire,ope_type_paiement_champ_complementaire
			FROM view_operation_passee 
			WHERE ope_id_compte = '31'
Dec 25 22:08:24  [info] Affichage du compte de l'Adhérent : 100642
Dec 25 22:08:24  [debug] Affichage de la page en : 0.040 secondes !!
Dec 25 22:08:25  [debug] Execution de la requete : SELECT adh_id,mod_id,mod_nom,mod_label,mod_admin
			FROM view_menu 
			WHERE adh_id = '1'
Dec 25 22:08:25  [debug] Execution de la requete : SELECT vue_id,vue_id_module,vue_nom,vue_label,vue_ordre,vue_visible FROM vue_vues WHERE(vue_id_module = '4') ORDER BY vue_ordre ASC;
Dec 25 22:08:25  [debug] Execution de la requete : SELECT vue_id,vue_id_module,vue_nom,vue_label,vue_ordre,vue_visible FROM vue_vues WHERE(vue_id_module = '2') ORDER BY vue_ordre ASC;
Dec 25 22:08:25  [debug] Execution de la requete : SELECT vue_id,vue_id_module,vue_nom,vue_label,vue_ordre,vue_visible FROM vue_vues WHERE(vue_id_module = '5') ORDER BY vue_ordre ASC;
Dec 25 22:08:25  [debug] Execution de la requete : SELECT vue_id,vue_id_module,vue_nom,vue_label,vue_ordre,vue_visible FROM vue_vues WHERE(vue_id_module = '9') ORDER BY vue_ordre ASC;
Dec 25 22:08:25  [debug] Execution de la requete : SELECT vue_id,vue_id_module,vue_nom,vue_label,vue_ordre,vue_visible FROM vue_vues WHERE(vue_id_module = '6') ORDER BY vue_ordre ASC;
Dec 25 22:08:25  [debug] Execution de la requete : SELECT vue_id,vue_id_module,vue_nom,vue_label,vue_ordre,vue_visible FROM vue_vues WHERE(vue_id_module = '7') ORDER BY vue_ordre ASC;
Dec 25 22:08:25  [debug] Execution de la requete : SELECT vue_id,vue_id_module,vue_nom,vue_label,vue_ordre,vue_visible FROM vue_vues WHERE(vue_id_module = '8') ORDER BY vue_ordre ASC;
Dec 25 22:08:25  [info] Affichage de la vue Menu par le compte de l'Adhérent : 100642
Dec 25 22:08:25  [debug] Affichage de la page en : 0.025 secondes !!
Dec 25 22:08:27  [debug] Execution de la requete : SELECT fer_id,fer_numero,cpt_label,fer_nom,fer_id_compte
			FROM view_liste_ferme
Dec 25 22:08:27  [info] Affichage de la liste des fermes par : 100642
Dec 25 22:08:27  [debug] Affichage de la page en : 0.019 secondes !!
Dec 25 22:08:38  [debug] Execution de la requete : SELECT fer_id,fer_numero,fer_nom,fer_id_compte,fer_siren,fer_adresse,fer_code_postal,fer_ville,fer_date_adhesion,fer_description,fer_etat
			FROM fer_ferme 
			WHERE fer_id = '6'
Dec 25 22:08:38  [debug] Execution de la requete : SELECT fer_id,fer_numero,cpt_label,fer_nom,fer_siren,fer_adresse,fer_code_postal,fer_ville,fer_date_adhesion,fer_description,fer_id_compte
			FROM view_ferme 
			WHERE fer_id = '6'
Dec 25 22:08:38  [debug] Execution de la requete : SELECT ope_id_compte,cpt_label,ope_montant,ope_libelle,ope_date,tpp_type,tpp_champ_complementaire,tpp_label_champ_complementaire,ope_type_paiement_champ_complementaire
			FROM view_operation_passee 
			WHERE ope_id_compte = '66'
Dec 25 22:08:38  [debug] Execution de la requete : SELECT tpp_id,tpp_type,tpp_champ_complementaire,tpp_label_champ_complementaire,tpp_visible
			FROM tpp_type_paiement
Dec 25 22:08:38  [info] Affichage des information sur une fermes par : 100642
Dec 25 22:08:38  [debug] Affichage de la page en : 0.025 secondes !!
Dec 25 22:08:51  [debug] Execution de la requete : SELECT fer_id,fer_numero,fer_nom,fer_id_compte,fer_siren,fer_adresse,fer_code_postal,fer_ville,fer_date_adhesion,fer_description,fer_etat
			FROM fer_ferme 
			WHERE fer_id = '6'
Dec 25 22:08:51  [debug] Execution de la requete : SELECT fer_id,fer_numero,cpt_label,fer_nom,fer_siren,fer_adresse,fer_code_postal,fer_ville,fer_date_adhesion,fer_description,fer_id_compte
			FROM view_ferme 
			WHERE fer_id = '6'
Dec 25 22:08:51  [debug] Execution de la requete : SELECT ope_id_compte,cpt_label,ope_montant,ope_libelle,ope_date,tpp_type,tpp_champ_complementaire,tpp_label_champ_complementaire,ope_type_paiement_champ_complementaire
			FROM view_operation_passee 
			WHERE ope_id_compte = '66'
Dec 25 22:08:51  [debug] Execution de la requete : SELECT tpp_id,tpp_type,tpp_champ_complementaire,tpp_label_champ_complementaire,tpp_visible
			FROM tpp_type_paiement
Dec 25 22:08:51  [info] Affichage des information sur une fermes par : 100642
Dec 25 22:08:51  [debug] Affichage de la page en : 0.022 secondes !!
Dec 25 22:09:11  [info] Déconnexion de l'utilisateur ayant pour ID : 100642
Dec 25 22:09:11  [debug] Execution de la requete : SELECT acc_id,acc_id_login,acc_type_login,acc_ip,acc_date_creation,acc_date_modification,acc_autorise
			FROM acc_acces 
			WHERE acc_id = '100642'
Dec 25 22:09:11  [debug] Execution de la requete : UPDATE acc_acces
			 SET
				 acc_id_login = '1'
				,acc_type_login = '1'
				,acc_ip = '127.0.0.1'
				,acc_date_creation = '2011-12-25 22:08:23'
				,acc_date_modification = '2011-12-25 22:09:11'
				,acc_autorise = '0'
			 WHERE acc_id = '100642'
Dec 25 22:09:11  [debug] Affichage de la page en : 0.009 secondes !!
Dec 25 22:09:11  [info] Affichage du formulaire de connexion
Dec 25 22:09:11  [debug] Affichage de la page en : 0.005 secondes !!
Dec 25 22:09:14  [debug] Execution de la requete : SELECT ide_id,ide_id_login,ide_login,ide_pass,ide_type,ide_autorise FROM ide_identification WHERE(ide_login = 'Z1');
Dec 25 22:09:14  [debug] Execution de la requete : SELECT adh_id,adh_id_compte,mod_nom
			FROM view_identification 
			WHERE adh_id = '1'
Dec 25 22:09:14  [debug] Execution de la requete : INSERT INTO acc_acces
				(acc_id
				,acc_id_login
				,acc_type_login
				,acc_ip
				,acc_date_creation
				,acc_date_modification
				,acc_autorise)
			VALUES (NULL
				,'1'
				,'1'
				,'127.0.0.1'
				,'2011-12-25 22:09:14'
				,''
				,'1')
Dec 25 22:09:14  [info] Réussite de l'authentification pour l'utilisateur : 100643
Dec 25 22:09:14  [debug] Affichage de la page en : 0.033 secondes !!
Dec 25 22:09:15  [debug] Execution de la requete : SELECT adh_id,mod_id,mod_nom,mod_label,mod_admin
			FROM view_menu 
			WHERE adh_id = '1'
Dec 25 22:09:15  [debug] Execution de la requete : SELECT vue_id,vue_id_module,vue_nom,vue_label,vue_ordre,vue_visible FROM vue_vues WHERE(vue_id_module = '1') ORDER BY vue_ordre ASC;
Dec 25 22:09:15  [debug] Execution de la requete : SELECT vue_id,vue_id_module,vue_nom,vue_label,vue_ordre,vue_visible FROM vue_vues WHERE(vue_id_module = '3') ORDER BY vue_ordre ASC;
Dec 25 22:09:15  [info] Affichage de la vue Menu par le compte de l'Adhérent : 100643
Dec 25 22:09:15  [debug] Affichage de la page en : 0.019 secondes !!
Dec 25 22:09:15  [debug] Execution de la requete : SELECT adh_id,adh_numero,adh_id_compte,cpt_label,adh_nom,adh_prenom,adh_courriel_principal,adh_courriel_secondaire,adh_telephone_principal,adh_telephone_secondaire,adh_adresse,adh_code_postal,adh_ville,adh_date_naissance,adh_date_adhesion,adh_date_maj,adh_commentaire,cpt_solde,adh_etat
			FROM view_adherent 
			WHERE adh_id = '1'
Dec 25 22:09:15  [debug] Execution de la requete : SELECT ope_id_compte,ope_montant,ope_libelle,ope_date,com_date_marche_debut
			FROM view_operation_avenir 
			WHERE ope_id_compte = '31'
Dec 25 22:09:15  [debug] Execution de la requete : SELECT ope_id_compte,cpt_label,ope_montant,ope_libelle,ope_date,tpp_type,tpp_champ_complementaire,tpp_label_champ_complementaire,ope_type_paiement_champ_complementaire
			FROM view_operation_passee 
			WHERE ope_id_compte = '31'
Dec 25 22:09:15  [info] Affichage du compte de l'Adhérent : 100643
Dec 25 22:09:15  [debug] Affichage de la page en : 0.023 secondes !!
Dec 25 22:09:15  [debug] Execution de la requete : SELECT adh_id,mod_id,mod_nom,mod_label,mod_admin
			FROM view_menu 
			WHERE adh_id = '1'
Dec 25 22:09:15  [debug] Execution de la requete : SELECT vue_id,vue_id_module,vue_nom,vue_label,vue_ordre,vue_visible FROM vue_vues WHERE(vue_id_module = '4') ORDER BY vue_ordre ASC;
Dec 25 22:09:15  [debug] Execution de la requete : SELECT vue_id,vue_id_module,vue_nom,vue_label,vue_ordre,vue_visible FROM vue_vues WHERE(vue_id_module = '2') ORDER BY vue_ordre ASC;
Dec 25 22:09:15  [debug] Execution de la requete : SELECT vue_id,vue_id_module,vue_nom,vue_label,vue_ordre,vue_visible FROM vue_vues WHERE(vue_id_module = '5') ORDER BY vue_ordre ASC;
Dec 25 22:09:15  [debug] Execution de la requete : SELECT vue_id,vue_id_module,vue_nom,vue_label,vue_ordre,vue_visible FROM vue_vues WHERE(vue_id_module = '9') ORDER BY vue_ordre ASC;
Dec 25 22:09:15  [debug] Execution de la requete : SELECT vue_id,vue_id_module,vue_nom,vue_label,vue_ordre,vue_visible FROM vue_vues WHERE(vue_id_module = '6') ORDER BY vue_ordre ASC;
Dec 25 22:09:15  [debug] Execution de la requete : SELECT vue_id,vue_id_module,vue_nom,vue_label,vue_ordre,vue_visible FROM vue_vues WHERE(vue_id_module = '7') ORDER BY vue_ordre ASC;
Dec 25 22:09:15  [debug] Execution de la requete : SELECT vue_id,vue_id_module,vue_nom,vue_label,vue_ordre,vue_visible FROM vue_vues WHERE(vue_id_module = '8') ORDER BY vue_ordre ASC;
Dec 25 22:09:15  [info] Affichage de la vue Menu par le compte de l'Adhérent : 100643
Dec 25 22:09:15  [debug] Affichage de la page en : 0.025 secondes !!
Dec 25 22:09:17  [debug] Execution de la requete : SELECT fer_id,fer_numero,cpt_label,fer_nom,fer_id_compte
			FROM view_liste_ferme
Dec 25 22:09:17  [info] Affichage de la liste des fermes par : 100643
Dec 25 22:09:17  [debug] Affichage de la page en : 0.017 secondes !!
Dec 25 22:09:18  [debug] Execution de la requete : SELECT fer_id,fer_numero,fer_nom,fer_id_compte,fer_siren,fer_adresse,fer_code_postal,fer_ville,fer_date_adhesion,fer_description,fer_etat
			FROM fer_ferme 
			WHERE fer_id = '6'
Dec 25 22:09:18  [debug] Execution de la requete : SELECT fer_id,fer_numero,cpt_label,fer_nom,fer_siren,fer_adresse,fer_code_postal,fer_ville,fer_date_adhesion,fer_description,fer_id_compte
			FROM view_ferme 
			WHERE fer_id = '6'
Dec 25 22:09:18  [debug] Execution de la requete : SELECT ope_id_compte,cpt_label,ope_montant,ope_libelle,ope_date,tpp_type,tpp_champ_complementaire,tpp_label_champ_complementaire,ope_type_paiement_champ_complementaire
			FROM view_operation_passee 
			WHERE ope_id_compte = '66'
Dec 25 22:09:18  [debug] Execution de la requete : SELECT tpp_id,tpp_type,tpp_champ_complementaire,tpp_label_champ_complementaire,tpp_visible
			FROM tpp_type_paiement
Dec 25 22:09:18  [info] Affichage des information sur une fermes par : 100643
Dec 25 22:09:18  [debug] Affichage de la page en : 0.022 secondes !!
Dec 25 22:12:32  [debug] Execution de la requete : SELECT adh_id,mod_id,mod_nom,mod_label,mod_admin
			FROM view_menu 
			WHERE adh_id = '1'
Dec 25 22:12:32  [debug] Execution de la requete : SELECT vue_id,vue_id_module,vue_nom,vue_label,vue_ordre,vue_visible FROM vue_vues WHERE(vue_id_module = '4') ORDER BY vue_ordre ASC;
Dec 25 22:12:32  [debug] Execution de la requete : SELECT vue_id,vue_id_module,vue_nom,vue_label,vue_ordre,vue_visible FROM vue_vues WHERE(vue_id_module = '2') ORDER BY vue_ordre ASC;
Dec 25 22:12:32  [debug] Execution de la requete : SELECT vue_id,vue_id_module,vue_nom,vue_label,vue_ordre,vue_visible FROM vue_vues WHERE(vue_id_module = '5') ORDER BY vue_ordre ASC;
Dec 25 22:12:32  [debug] Execution de la requete : SELECT vue_id,vue_id_module,vue_nom,vue_label,vue_ordre,vue_visible FROM vue_vues WHERE(vue_id_module = '9') ORDER BY vue_ordre ASC;
Dec 25 22:12:32  [debug] Execution de la requete : SELECT vue_id,vue_id_module,vue_nom,vue_label,vue_ordre,vue_visible FROM vue_vues WHERE(vue_id_module = '6') ORDER BY vue_ordre ASC;
Dec 25 22:12:32  [debug] Execution de la requete : SELECT vue_id,vue_id_module,vue_nom,vue_label,vue_ordre,vue_visible FROM vue_vues WHERE(vue_id_module = '7') ORDER BY vue_ordre ASC;
Dec 25 22:12:32  [debug] Execution de la requete : SELECT vue_id,vue_id_module,vue_nom,vue_label,vue_ordre,vue_visible FROM vue_vues WHERE(vue_id_module = '8') ORDER BY vue_ordre ASC;
Dec 25 22:12:32  [info] Affichage de la vue Menu par le compte de l'Adhérent : 100643
Dec 25 22:12:32  [debug] Affichage de la page en : 0.030 secondes !!
Dec 25 22:12:34  [debug] Execution de la requete : SELECT com_id,com_numero,com_date_fin_reservation,com_date_marche_debut,com_date_marche_fin
			FROM view_gestion_liste_commande_en_cours
Dec 25 22:12:34  [info] Affichage de la vue ListeCommande par le compte de l'Adhérent : 100643
Dec 25 22:12:34  [debug] Affichage de la page en : 0.016 secondes !!
Dec 25 22:12:35  [debug] Execution de la requete : SELECT com_id,com_numero,com_nom,com_description,com_date_marche_debut,com_date_marche_fin,com_date_fin_reservation,com_archive
			FROM com_commande 
			WHERE com_id = '33'
Dec 25 22:12:35  [debug] Execution de la requete : SELECT adh_id,adh_numero,adh_nom,adh_prenom,adh_courriel_principal,cpt_solde,cpt_label
			FROM view_liste_adherent
Dec 25 22:12:35  [debug] Execution de la requete : SELECT com_id,com_numero,com_nom,com_description,com_date_marche_debut,com_date_marche_fin,com_date_fin_reservation,com_archive
			FROM com_commande 
			WHERE com_id = '33'
Dec 25 22:12:35  [info] Affichage de la vue MarcheCommande par l'Adhérent : 100643
Dec 25 22:12:35  [debug] Affichage de la page en : 0.068 secondes !!
Dec 25 22:12:36  [debug] Execution de la requete : SELECT com_id,com_numero,com_nom,com_description,com_date_marche_debut,com_date_marche_fin,com_date_fin_reservation,com_archive
			FROM com_commande 
			WHERE com_id = '33'
Dec 25 22:12:36  [debug] Execution de la requete : SELECT adh_id,adh_numero,adh_id_compte,cpt_label,adh_nom,adh_prenom,adh_courriel_principal,adh_courriel_secondaire,adh_telephone_principal,adh_telephone_secondaire,adh_adresse,adh_code_postal,adh_ville,adh_date_naissance,adh_date_adhesion,adh_date_maj,adh_commentaire,cpt_solde,adh_etat
			FROM view_adherent 
			WHERE adh_id = '4'
Dec 25 22:12:36  [debug] Execution de la requete : SELECT adh_id,adh_numero,adh_id_compte,cpt_label,adh_nom,adh_prenom,adh_courriel_principal,adh_courriel_secondaire,adh_telephone_principal,adh_telephone_secondaire,adh_adresse,adh_code_postal,adh_ville,adh_date_naissance,adh_date_adhesion,adh_date_maj,adh_commentaire,cpt_solde,adh_etat
			FROM view_adherent 
			WHERE adh_id = '4'
Dec 25 22:12:36  [debug] Execution de la requete : SELECT com_id,com_numero,com_nom,com_description,com_date_marche_debut,com_date_marche_fin,com_date_fin_reservation,com_archive,pro_id,pro_id_commande,pro_id_nom_produit,pro_unite_mesure,pro_max_produit_commande,pro_id_compte_ferme,pro_stock_reservation,pro_stock_initial,npro_id,npro_nom,npro_description,npro_id_categorie,dcom_id,dcom_id_produit,dcom_taille,dcom_prix,cpro_nom,fer_id,fer_nom
			FROM view_detail_marche 
			WHERE com_id = '33'
Dec 25 22:12:36  [debug] Execution de la requete : SELECT ope_id,ope_id_compte,ope_montant,ope_libelle,ope_date,ope_type_paiement,ope_type_paiement_champ_complementaire,ope_type,ope_id_commande FROM ope_operation WHERE(ope_type_paiement in ( '0','7','15','16' ) AND ope_id_compte = '4' AND ope_id_commande = '33') ORDER BY ope_date DESC,ope_type_paiement ASC;
Dec 25 22:12:36  [debug] Execution de la requete : SELECT pro_id_commande,pro_id_compte_ferme,pro_id,sto_id,dcom_id,sto_quantite FROM view_stock_solidaire WHERE(pro_id_commande = '33' AND sto_quantite > '0');
Dec 25 22:12:36  [debug] Execution de la requete : SELECT tpp_id,tpp_type,tpp_champ_complementaire,tpp_label_champ_complementaire,tpp_visible
			FROM view_type_paiement_visible
Dec 25 22:12:36  [info] Affichage de la vue AchatCommande par l'Adhérent : 100643
Dec 25 22:12:36  [debug] Affichage de la page en : 0.141 secondes !!
Dec 25 22:15:23  [debug] Execution de la requete : SELECT adh_id,mod_id,mod_nom,mod_label,mod_admin
			FROM view_menu 
			WHERE adh_id = '1'
Dec 25 22:15:23  [debug] Execution de la requete : SELECT vue_id,vue_id_module,vue_nom,vue_label,vue_ordre,vue_visible FROM vue_vues WHERE(vue_id_module = '4') ORDER BY vue_ordre ASC;
Dec 25 22:15:23  [debug] Execution de la requete : SELECT vue_id,vue_id_module,vue_nom,vue_label,vue_ordre,vue_visible FROM vue_vues WHERE(vue_id_module = '2') ORDER BY vue_ordre ASC;
Dec 25 22:15:23  [debug] Execution de la requete : SELECT vue_id,vue_id_module,vue_nom,vue_label,vue_ordre,vue_visible FROM vue_vues WHERE(vue_id_module = '5') ORDER BY vue_ordre ASC;
Dec 25 22:15:23  [debug] Execution de la requete : SELECT vue_id,vue_id_module,vue_nom,vue_label,vue_ordre,vue_visible FROM vue_vues WHERE(vue_id_module = '9') ORDER BY vue_ordre ASC;
Dec 25 22:15:23  [debug] Execution de la requete : SELECT vue_id,vue_id_module,vue_nom,vue_label,vue_ordre,vue_visible FROM vue_vues WHERE(vue_id_module = '6') ORDER BY vue_ordre ASC;
Dec 25 22:15:23  [debug] Execution de la requete : SELECT vue_id,vue_id_module,vue_nom,vue_label,vue_ordre,vue_visible FROM vue_vues WHERE(vue_id_module = '7') ORDER BY vue_ordre ASC;
Dec 25 22:15:23  [debug] Execution de la requete : SELECT vue_id,vue_id_module,vue_nom,vue_label,vue_ordre,vue_visible FROM vue_vues WHERE(vue_id_module = '8') ORDER BY vue_ordre ASC;
Dec 25 22:15:23  [info] Affichage de la vue Menu par le compte de l'Adhérent : 100643
Dec 25 22:15:23  [debug] Affichage de la page en : 0.023 secondes !!
Dec 25 22:15:25  [debug] Execution de la requete : SELECT com_id,com_numero,com_date_fin_reservation,com_date_marche_debut,com_date_marche_fin
			FROM view_gestion_liste_commande_en_cours
Dec 25 22:15:25  [info] Affichage de la vue ListeCommande par le compte de l'Adhérent : 100643
Dec 25 22:15:25  [debug] Affichage de la page en : 0.014 secondes !!
Dec 25 22:17:25  [info] Déconnexion de l'utilisateur ayant pour ID : 100643
Dec 25 22:17:25  [debug] Execution de la requete : SELECT acc_id,acc_id_login,acc_type_login,acc_ip,acc_date_creation,acc_date_modification,acc_autorise
			FROM acc_acces 
			WHERE acc_id = '100643'
Dec 25 22:17:25  [debug] Execution de la requete : UPDATE acc_acces
			 SET
				 acc_id_login = '1'
				,acc_type_login = '1'
				,acc_ip = '127.0.0.1'
				,acc_date_creation = '2011-12-25 22:09:14'
				,acc_date_modification = '2011-12-25 22:17:25'
				,acc_autorise = '0'
			 WHERE acc_id = '100643'
Dec 25 22:17:25  [debug] Affichage de la page en : 0.017 secondes !!
Dec 25 22:17:25  [info] Affichage du formulaire de connexion
Dec 25 22:17:25  [debug] Affichage de la page en : 0.005 secondes !!
Dec 25 22:17:28  [debug] Execution de la requete : SELECT ide_id,ide_id_login,ide_login,ide_pass,ide_type,ide_autorise FROM ide_identification WHERE(ide_login = 'Z1');
Dec 25 22:17:28  [debug] Execution de la requete : SELECT adh_id,adh_id_compte,mod_nom
			FROM view_identification 
			WHERE adh_id = '1'
Dec 25 22:17:28  [debug] Execution de la requete : INSERT INTO acc_acces
				(acc_id
				,acc_id_login
				,acc_type_login
				,acc_ip
				,acc_date_creation
				,acc_date_modification
				,acc_autorise)
			VALUES (NULL
				,'1'
				,'1'
				,'127.0.0.1'
				,'2011-12-25 22:17:28'
				,''
				,'1')
Dec 25 22:17:28  [info] Réussite de l'authentification pour l'utilisateur : 100644
Dec 25 22:17:28  [debug] Affichage de la page en : 0.021 secondes !!
Dec 25 22:17:29  [debug] Execution de la requete : SELECT adh_id,mod_id,mod_nom,mod_label,mod_admin
			FROM view_menu 
			WHERE adh_id = '1'
Dec 25 22:17:29  [debug] Execution de la requete : SELECT vue_id,vue_id_module,vue_nom,vue_label,vue_ordre,vue_visible FROM vue_vues WHERE(vue_id_module = '1') ORDER BY vue_ordre ASC;
Dec 25 22:17:29  [debug] Execution de la requete : SELECT vue_id,vue_id_module,vue_nom,vue_label,vue_ordre,vue_visible FROM vue_vues WHERE(vue_id_module = '3') ORDER BY vue_ordre ASC;
Dec 25 22:17:29  [info] Affichage de la vue Menu par le compte de l'Adhérent : 100644
Dec 25 22:17:29  [debug] Affichage de la page en : 0.019 secondes !!
Dec 25 22:17:29  [debug] Execution de la requete : SELECT adh_id,adh_numero,adh_id_compte,cpt_label,adh_nom,adh_prenom,adh_courriel_principal,adh_courriel_secondaire,adh_telephone_principal,adh_telephone_secondaire,adh_adresse,adh_code_postal,adh_ville,adh_date_naissance,adh_date_adhesion,adh_date_maj,adh_commentaire,cpt_solde,adh_etat
			FROM view_adherent 
			WHERE adh_id = '1'
Dec 25 22:17:29  [debug] Execution de la requete : SELECT ope_id_compte,ope_montant,ope_libelle,ope_date,com_date_marche_debut
			FROM view_operation_avenir 
			WHERE ope_id_compte = '31'
Dec 25 22:17:29  [debug] Execution de la requete : SELECT ope_id_compte,cpt_label,ope_montant,ope_libelle,ope_date,tpp_type,tpp_champ_complementaire,tpp_label_champ_complementaire,ope_type_paiement_champ_complementaire
			FROM view_operation_passee 
			WHERE ope_id_compte = '31'
Dec 25 22:17:29  [info] Affichage du compte de l'Adhérent : 100644
Dec 25 22:17:29  [debug] Affichage de la page en : 0.022 secondes !!
Dec 25 22:17:30  [debug] Execution de la requete : SELECT adh_id,mod_id,mod_nom,mod_label,mod_admin
			FROM view_menu 
			WHERE adh_id = '1'
Dec 25 22:17:30  [debug] Execution de la requete : SELECT vue_id,vue_id_module,vue_nom,vue_label,vue_ordre,vue_visible FROM vue_vues WHERE(vue_id_module = '4') ORDER BY vue_ordre ASC;
Dec 25 22:17:30  [debug] Execution de la requete : SELECT vue_id,vue_id_module,vue_nom,vue_label,vue_ordre,vue_visible FROM vue_vues WHERE(vue_id_module = '2') ORDER BY vue_ordre ASC;
Dec 25 22:17:30  [debug] Execution de la requete : SELECT vue_id,vue_id_module,vue_nom,vue_label,vue_ordre,vue_visible FROM vue_vues WHERE(vue_id_module = '5') ORDER BY vue_ordre ASC;
Dec 25 22:17:30  [debug] Execution de la requete : SELECT vue_id,vue_id_module,vue_nom,vue_label,vue_ordre,vue_visible FROM vue_vues WHERE(vue_id_module = '9') ORDER BY vue_ordre ASC;
Dec 25 22:17:30  [debug] Execution de la requete : SELECT vue_id,vue_id_module,vue_nom,vue_label,vue_ordre,vue_visible FROM vue_vues WHERE(vue_id_module = '6') ORDER BY vue_ordre ASC;
Dec 25 22:17:30  [debug] Execution de la requete : SELECT vue_id,vue_id_module,vue_nom,vue_label,vue_ordre,vue_visible FROM vue_vues WHERE(vue_id_module = '7') ORDER BY vue_ordre ASC;
Dec 25 22:17:30  [debug] Execution de la requete : SELECT vue_id,vue_id_module,vue_nom,vue_label,vue_ordre,vue_visible FROM vue_vues WHERE(vue_id_module = '8') ORDER BY vue_ordre ASC;
Dec 25 22:17:30  [info] Affichage de la vue Menu par le compte de l'Adhérent : 100644
Dec 25 22:17:30  [debug] Affichage de la page en : 0.034 secondes !!
Dec 25 22:17:35  [debug] Execution de la requete : SELECT com_id,com_numero,com_date_fin_reservation,com_date_marche_debut,com_date_marche_fin
			FROM view_gestion_liste_commande_en_cours
Dec 25 22:17:35  [info] Affichage de la vue ListeCommande par le compte de l'Adhérent : 100644
Dec 25 22:17:35  [debug] Affichage de la page en : 0.015 secondes !!
Dec 25 22:17:55  [debug] Execution de la requete : SELECT com_id,com_numero,com_date_fin_reservation,com_date_marche_debut,com_date_marche_fin
			FROM view_gestion_liste_commande_en_cours
Dec 25 22:17:55  [info] Affichage de la vue ListeCommande par le compte de l'Adhérent : 100644
Dec 25 22:17:55  [debug] Affichage de la page en : 0.016 secondes !!
Dec 25 22:17:58  [info] Déconnexion de l'utilisateur ayant pour ID : 100644
Dec 25 22:17:58  [debug] Execution de la requete : SELECT acc_id,acc_id_login,acc_type_login,acc_ip,acc_date_creation,acc_date_modification,acc_autorise
			FROM acc_acces 
			WHERE acc_id = '100644'
Dec 25 22:17:58  [debug] Execution de la requete : UPDATE acc_acces
			 SET
				 acc_id_login = '1'
				,acc_type_login = '1'
				,acc_ip = '127.0.0.1'
				,acc_date_creation = '2011-12-25 22:17:28'
				,acc_date_modification = '2011-12-25 22:17:58'
				,acc_autorise = '0'
			 WHERE acc_id = '100644'
Dec 25 22:17:58  [debug] Affichage de la page en : 0.016 secondes !!
Dec 25 22:17:58  [info] Affichage du formulaire de connexion
Dec 25 22:17:58  [debug] Affichage de la page en : 0.010 secondes !!
Dec 25 22:18:01  [debug] Execution de la requete : SELECT ide_id,ide_id_login,ide_login,ide_pass,ide_type,ide_autorise FROM ide_identification WHERE(ide_login = 'Z1');
Dec 25 22:18:01  [debug] Execution de la requete : SELECT adh_id,adh_id_compte,mod_nom
			FROM view_identification 
			WHERE adh_id = '1'
Dec 25 22:18:01  [debug] Execution de la requete : INSERT INTO acc_acces
				(acc_id
				,acc_id_login
				,acc_type_login
				,acc_ip
				,acc_date_creation
				,acc_date_modification
				,acc_autorise)
			VALUES (NULL
				,'1'
				,'1'
				,'127.0.0.1'
				,'2011-12-25 22:18:01'
				,''
				,'1')
Dec 25 22:18:01  [info] Réussite de l'authentification pour l'utilisateur : 100645
Dec 25 22:18:01  [debug] Affichage de la page en : 0.023 secondes !!
Dec 25 22:18:02  [debug] Execution de la requete : SELECT adh_id,mod_id,mod_nom,mod_label,mod_admin
			FROM view_menu 
			WHERE adh_id = '1'
Dec 25 22:18:02  [debug] Execution de la requete : SELECT vue_id,vue_id_module,vue_nom,vue_label,vue_ordre,vue_visible FROM vue_vues WHERE(vue_id_module = '1') ORDER BY vue_ordre ASC;
Dec 25 22:18:02  [debug] Execution de la requete : SELECT vue_id,vue_id_module,vue_nom,vue_label,vue_ordre,vue_visible FROM vue_vues WHERE(vue_id_module = '3') ORDER BY vue_ordre ASC;
Dec 25 22:18:02  [info] Affichage de la vue Menu par le compte de l'Adhérent : 100645
Dec 25 22:18:02  [debug] Affichage de la page en : 0.018 secondes !!
Dec 25 22:18:02  [debug] Execution de la requete : SELECT adh_id,adh_numero,adh_id_compte,cpt_label,adh_nom,adh_prenom,adh_courriel_principal,adh_courriel_secondaire,adh_telephone_principal,adh_telephone_secondaire,adh_adresse,adh_code_postal,adh_ville,adh_date_naissance,adh_date_adhesion,adh_date_maj,adh_commentaire,cpt_solde,adh_etat
			FROM view_adherent 
			WHERE adh_id = '1'
Dec 25 22:18:02  [debug] Execution de la requete : SELECT ope_id_compte,ope_montant,ope_libelle,ope_date,com_date_marche_debut
			FROM view_operation_avenir 
			WHERE ope_id_compte = '31'
Dec 25 22:18:02  [debug] Execution de la requete : SELECT ope_id_compte,cpt_label,ope_montant,ope_libelle,ope_date,tpp_type,tpp_champ_complementaire,tpp_label_champ_complementaire,ope_type_paiement_champ_complementaire
			FROM view_operation_passee 
			WHERE ope_id_compte = '31'
Dec 25 22:18:02  [info] Affichage du compte de l'Adhérent : 100645
Dec 25 22:18:02  [debug] Affichage de la page en : 0.023 secondes !!
Dec 25 22:18:03  [debug] Execution de la requete : SELECT adh_id,mod_id,mod_nom,mod_label,mod_admin
			FROM view_menu 
			WHERE adh_id = '1'
Dec 25 22:18:03  [debug] Execution de la requete : SELECT vue_id,vue_id_module,vue_nom,vue_label,vue_ordre,vue_visible FROM vue_vues WHERE(vue_id_module = '4') ORDER BY vue_ordre ASC;
Dec 25 22:18:03  [debug] Execution de la requete : SELECT vue_id,vue_id_module,vue_nom,vue_label,vue_ordre,vue_visible FROM vue_vues WHERE(vue_id_module = '2') ORDER BY vue_ordre ASC;
Dec 25 22:18:03  [debug] Execution de la requete : SELECT vue_id,vue_id_module,vue_nom,vue_label,vue_ordre,vue_visible FROM vue_vues WHERE(vue_id_module = '5') ORDER BY vue_ordre ASC;
Dec 25 22:18:03  [debug] Execution de la requete : SELECT vue_id,vue_id_module,vue_nom,vue_label,vue_ordre,vue_visible FROM vue_vues WHERE(vue_id_module = '9') ORDER BY vue_ordre ASC;
Dec 25 22:18:03  [debug] Execution de la requete : SELECT vue_id,vue_id_module,vue_nom,vue_label,vue_ordre,vue_visible FROM vue_vues WHERE(vue_id_module = '6') ORDER BY vue_ordre ASC;
Dec 25 22:18:03  [debug] Execution de la requete : SELECT vue_id,vue_id_module,vue_nom,vue_label,vue_ordre,vue_visible FROM vue_vues WHERE(vue_id_module = '7') ORDER BY vue_ordre ASC;
Dec 25 22:18:03  [debug] Execution de la requete : SELECT vue_id,vue_id_module,vue_nom,vue_label,vue_ordre,vue_visible FROM vue_vues WHERE(vue_id_module = '8') ORDER BY vue_ordre ASC;
Dec 25 22:18:03  [info] Affichage de la vue Menu par le compte de l'Adhérent : 100645
Dec 25 22:18:03  [debug] Affichage de la page en : 0.023 secondes !!
Dec 25 22:18:06  [debug] Execution de la requete : SELECT com_id,com_numero,com_date_fin_reservation,com_date_marche_debut,com_date_marche_fin
			FROM view_gestion_liste_commande_en_cours
Dec 25 22:18:06  [info] Affichage de la vue ListeCommande par le compte de l'Adhérent : 100645
Dec 25 22:18:06  [debug] Affichage de la page en : 0.018 secondes !!
Dec 25 22:52:56  [info] Affichage du formulaire de connexion
Dec 25 22:52:56  [debug] Affichage de la page en : 0.005 secondes !!
