Jan 07 00:10:20  [info] Affichage du formulaire de connexion
Jan 07 00:10:20  [debug] Affichage de la page en : 0.441 secondes !!
Jan 07 00:10:27  [debug] Execution de la requete : SELECT ide_id,ide_id_login,ide_login,ide_pass,ide_type,ide_autorise FROM ide_identification WHERE(ide_login = 'Z1');
Jan 07 00:10:27  [debug] Execution de la requete : SELECT adh_id,adh_id_compte,mod_nom
			FROM view_identification 
			WHERE adh_id = '1'
Jan 07 00:10:27  [debug] Execution de la requete : INSERT INTO acc_acces
				(acc_id
				,acc_id_login
				,acc_type_login
				,acc_ip
				,acc_date_creation
				,acc_date_modification
				,acc_autorise)
			VALUES (NULL
				,'1'
				,'1'
				,'127.0.0.1'
				,'2012-01-07 00:10:27'
				,''
				,'1')
Jan 07 00:10:27  [info] Réussite de l'authentification pour l'utilisateur : 100704
Jan 07 00:10:27  [debug] Affichage de la page en : 1.197 secondes !!
Jan 07 00:10:27  [debug] Execution de la requete : SELECT adh_id,adh_numero,adh_id_compte,cpt_label,adh_nom,adh_prenom,adh_courriel_principal,adh_courriel_secondaire,adh_telephone_principal,adh_telephone_secondaire,adh_adresse,adh_code_postal,adh_ville,adh_date_naissance,adh_date_adhesion,adh_date_maj,adh_commentaire,cpt_solde,adh_etat
			FROM view_adherent 
			WHERE adh_id = '1'
Jan 07 00:10:28  [debug] Execution de la requete : SELECT ope_id_compte,ope_montant,ope_libelle,ope_date,com_date_marche_debut
			FROM view_operation_avenir 
			WHERE ope_id_compte = '31'
Jan 07 00:10:28  [debug] Execution de la requete : SELECT ope_id_compte,cpt_label,ope_montant,ope_libelle,ope_date,tpp_type,tpp_champ_complementaire,tpp_label_champ_complementaire,ope_type_paiement_champ_complementaire
			FROM view_operation_passee 
			WHERE ope_id_compte = '31'
Jan 07 00:10:28  [info] Affichage du compte de l'Adhérent : 100704
Jan 07 00:10:28  [debug] Affichage de la page en : 0.934 secondes !!
Jan 07 00:11:38  [debug] Execution de la requete : SELECT adh_id,adh_numero,adh_id_compte,cpt_label,adh_nom,adh_prenom,adh_courriel_principal,adh_courriel_secondaire,adh_telephone_principal,adh_telephone_secondaire,adh_adresse,adh_code_postal,adh_ville,adh_date_naissance,adh_date_adhesion,adh_date_maj,adh_commentaire,cpt_solde,adh_etat
			FROM view_adherent 
			WHERE adh_id = '1'
Jan 07 00:11:38  [debug] Execution de la requete : SELECT ope_id_compte,ope_montant,ope_libelle,ope_date,com_date_marche_debut
			FROM view_operation_avenir 
			WHERE ope_id_compte = '31'
Jan 07 00:11:38  [debug] Execution de la requete : SELECT ope_id_compte,cpt_label,ope_montant,ope_libelle,ope_date,tpp_type,tpp_champ_complementaire,tpp_label_champ_complementaire,ope_type_paiement_champ_complementaire
			FROM view_operation_passee 
			WHERE ope_id_compte = '31'
Jan 07 00:11:38  [info] Affichage du compte de l'Adhérent : 100704
Jan 07 00:11:38  [debug] Affichage de la page en : 0.054 secondes !!
Jan 07 00:11:40  [debug] Execution de la requete : SELECT adh_id,adh_numero,adh_id_compte,cpt_label,adh_nom,adh_prenom,adh_courriel_principal,adh_courriel_secondaire,adh_telephone_principal,adh_telephone_secondaire,adh_adresse,adh_code_postal,adh_ville,adh_date_naissance,adh_date_adhesion,adh_date_maj,adh_commentaire,cpt_solde,adh_etat
			FROM view_adherent 
			WHERE adh_id = '1'
Jan 07 00:11:40  [debug] Execution de la requete : SELECT ope_id_compte,ope_montant,ope_libelle,ope_date,com_date_marche_debut
			FROM view_operation_avenir 
			WHERE ope_id_compte = '31'
Jan 07 00:11:40  [debug] Execution de la requete : SELECT ope_id_compte,cpt_label,ope_montant,ope_libelle,ope_date,tpp_type,tpp_champ_complementaire,tpp_label_champ_complementaire,ope_type_paiement_champ_complementaire
			FROM view_operation_passee 
			WHERE ope_id_compte = '31'
Jan 07 00:11:40  [info] Affichage du compte de l'Adhérent : 100704
Jan 07 00:11:40  [debug] Affichage de la page en : 0.063 secondes !!
Jan 07 00:11:42  [debug] Execution de la requete : SELECT adh_id,adh_numero,adh_id_compte,cpt_label,adh_nom,adh_prenom,adh_courriel_principal,adh_courriel_secondaire,adh_telephone_principal,adh_telephone_secondaire,adh_adresse,adh_code_postal,adh_ville,adh_date_naissance,adh_date_adhesion,adh_date_maj,adh_commentaire,cpt_solde,adh_etat
			FROM view_adherent 
			WHERE adh_id = '1'
Jan 07 00:11:42  [debug] Execution de la requete : SELECT ope_id_compte,ope_montant,ope_libelle,ope_date,com_date_marche_debut
			FROM view_operation_avenir 
			WHERE ope_id_compte = '31'
Jan 07 00:11:42  [debug] Execution de la requete : SELECT ope_id_compte,cpt_label,ope_montant,ope_libelle,ope_date,tpp_type,tpp_champ_complementaire,tpp_label_champ_complementaire,ope_type_paiement_champ_complementaire
			FROM view_operation_passee 
			WHERE ope_id_compte = '31'
Jan 07 00:11:42  [info] Affichage du compte de l'Adhérent : 100704
Jan 07 00:11:42  [debug] Affichage de la page en : 0.051 secondes !!
Jan 07 00:11:44  [debug] Execution de la requete : SELECT adh_id,adh_numero,adh_id_compte,cpt_label,adh_nom,adh_prenom,adh_courriel_principal,adh_courriel_secondaire,adh_telephone_principal,adh_telephone_secondaire,adh_adresse,adh_code_postal,adh_ville,adh_date_naissance,adh_date_adhesion,adh_date_maj,adh_commentaire,cpt_solde,adh_etat
			FROM view_adherent 
			WHERE adh_id = '1'
Jan 07 00:11:44  [debug] Execution de la requete : SELECT ope_id_compte,ope_montant,ope_libelle,ope_date,com_date_marche_debut
			FROM view_operation_avenir 
			WHERE ope_id_compte = '31'
Jan 07 00:11:44  [debug] Execution de la requete : SELECT ope_id_compte,cpt_label,ope_montant,ope_libelle,ope_date,tpp_type,tpp_champ_complementaire,tpp_label_champ_complementaire,ope_type_paiement_champ_complementaire
			FROM view_operation_passee 
			WHERE ope_id_compte = '31'
Jan 07 00:11:44  [info] Affichage du compte de l'Adhérent : 100704
Jan 07 00:11:44  [debug] Affichage de la page en : 0.030 secondes !!
Jan 07 00:11:47  [debug] Execution de la requete : SELECT adh_id,adh_numero,adh_id_compte,cpt_label,adh_nom,adh_prenom,adh_courriel_principal,adh_courriel_secondaire,adh_telephone_principal,adh_telephone_secondaire,adh_adresse,adh_code_postal,adh_ville,adh_date_naissance,adh_date_adhesion,adh_date_maj,adh_commentaire,cpt_solde,adh_etat
			FROM view_adherent 
			WHERE adh_id = '1'
Jan 07 00:11:47  [debug] Execution de la requete : SELECT ope_id_compte,ope_montant,ope_libelle,ope_date,com_date_marche_debut
			FROM view_operation_avenir 
			WHERE ope_id_compte = '31'
Jan 07 00:11:47  [debug] Execution de la requete : SELECT ope_id_compte,cpt_label,ope_montant,ope_libelle,ope_date,tpp_type,tpp_champ_complementaire,tpp_label_champ_complementaire,ope_type_paiement_champ_complementaire
			FROM view_operation_passee 
			WHERE ope_id_compte = '31'
Jan 07 00:11:47  [info] Affichage du compte de l'Adhérent : 100704
Jan 07 00:11:47  [debug] Affichage de la page en : 0.036 secondes !!
Jan 07 00:21:14  [debug] Affichage de la page en : 0.085 secondes !!
Jan 07 00:21:16  [debug] Execution de la requete : SELECT adh_id,adh_numero,adh_id_compte,adh_nom,adh_prenom,adh_courriel_principal,adh_courriel_secondaire,adh_telephone_principal,adh_telephone_secondaire,adh_adresse,adh_code_postal,adh_ville,adh_date_naissance,adh_date_adhesion,adh_date_maj,adh_commentaire,adh_etat
			FROM adh_adherent 
			WHERE adh_id = '1'
Jan 07 00:21:16  [debug] Execution de la requete : SELECT ide_id,ide_id_login,ide_login,ide_pass,ide_type,ide_autorise FROM ide_identification WHERE(ide_id_login = '1' AND ide_type = '1');
Jan 07 00:21:16  [info] Modification du pass de l'Adhérent : 100704
Jan 07 00:21:48  [debug] Execution de la requete : SELECT adh_id,adh_numero,adh_id_compte,adh_nom,adh_prenom,adh_courriel_principal,adh_courriel_secondaire,adh_telephone_principal,adh_telephone_secondaire,adh_adresse,adh_code_postal,adh_ville,adh_date_naissance,adh_date_adhesion,adh_date_maj,adh_commentaire,adh_etat
			FROM adh_adherent 
			WHERE adh_id = '1'
Jan 07 00:21:48  [debug] Execution de la requete : SELECT ide_id,ide_id_login,ide_login,ide_pass,ide_type,ide_autorise FROM ide_identification WHERE(ide_id_login = '1' AND ide_type = '1');
Jan 07 00:21:48  [info] Modification du pass de l'Adhérent : 100704
Jan 07 00:22:18  [debug] Execution de la requete : SELECT adh_id,adh_numero,adh_id_compte,adh_nom,adh_prenom,adh_courriel_principal,adh_courriel_secondaire,adh_telephone_principal,adh_telephone_secondaire,adh_adresse,adh_code_postal,adh_ville,adh_date_naissance,adh_date_adhesion,adh_date_maj,adh_commentaire,adh_etat
			FROM adh_adherent 
			WHERE adh_id = '1'
Jan 07 00:22:18  [debug] Execution de la requete : SELECT ide_id,ide_id_login,ide_login,ide_pass,ide_type,ide_autorise FROM ide_identification WHERE(ide_id_login = '1' AND ide_type = '1');
Jan 07 00:22:18  [info] Modification du pass de l'Adhérent : 100704
Jan 07 00:22:18  [debug] Affichage de la page en : 0.028 secondes !!
Jan 07 00:22:18  [debug] Affichage de la page en : 0.022 secondes !!
Jan 07 00:22:22  [debug] Execution de la requete : SELECT adh_id,adh_numero,adh_id_compte,adh_nom,adh_prenom,adh_courriel_principal,adh_courriel_secondaire,adh_telephone_principal,adh_telephone_secondaire,adh_adresse,adh_code_postal,adh_ville,adh_date_naissance,adh_date_adhesion,adh_date_maj,adh_commentaire,adh_etat
			FROM adh_adherent 
			WHERE adh_id = '1'
Jan 07 00:22:22  [debug] Execution de la requete : SELECT ide_id,ide_id_login,ide_login,ide_pass,ide_type,ide_autorise FROM ide_identification WHERE(ide_id_login = '1' AND ide_type = '1');
Jan 07 00:22:22  [info] Modification du pass de l'Adhérent : 100704
Jan 07 00:22:22  [debug] Affichage de la page en : 0.028 secondes !!
Jan 07 00:22:22  [debug] Affichage de la page en : 0.021 secondes !!
Jan 07 00:22:48  [debug] Execution de la requete : SELECT adh_id,adh_numero,adh_id_compte,adh_nom,adh_prenom,adh_courriel_principal,adh_courriel_secondaire,adh_telephone_principal,adh_telephone_secondaire,adh_adresse,adh_code_postal,adh_ville,adh_date_naissance,adh_date_adhesion,adh_date_maj,adh_commentaire,adh_etat
			FROM adh_adherent 
			WHERE adh_id = '1'
Jan 07 00:22:48  [debug] Execution de la requete : SELECT ide_id,ide_id_login,ide_login,ide_pass,ide_type,ide_autorise FROM ide_identification WHERE(ide_id_login = '1' AND ide_type = '1');
Jan 07 00:22:48  [info] Modification du pass de l'Adhérent : 100704
Jan 07 00:22:48  [debug] Affichage de la page en : 0.024 secondes !!
Jan 07 00:22:48  [debug] Affichage de la page en : 0.023 secondes !!
Jan 07 00:23:25  [debug] Affichage de la page en : 0.025 secondes !!
Jan 07 00:24:11  [debug] Execution de la requete : SELECT adh_id,adh_numero,adh_id_compte,adh_nom,adh_prenom,adh_courriel_principal,adh_courriel_secondaire,adh_telephone_principal,adh_telephone_secondaire,adh_adresse,adh_code_postal,adh_ville,adh_date_naissance,adh_date_adhesion,adh_date_maj,adh_commentaire,adh_etat
			FROM adh_adherent 
			WHERE adh_id = '1'
Jan 07 00:24:11  [debug] Execution de la requete : SELECT ide_id,ide_id_login,ide_login,ide_pass,ide_type,ide_autorise FROM ide_identification WHERE(ide_id_login = '1' AND ide_type = '1');
Jan 07 00:24:11  [info] Modification du pass de l'Adhérent : 100704
Jan 07 00:24:11  [debug] Affichage de la page en : 0.022 secondes !!
Jan 07 00:24:11  [debug] Affichage de la page en : 0.020 secondes !!
Jan 07 00:24:18  [debug] Execution de la requete : SELECT adh_id,adh_numero,adh_id_compte,cpt_label,adh_nom,adh_prenom,adh_courriel_principal,adh_courriel_secondaire,adh_telephone_principal,adh_telephone_secondaire,adh_adresse,adh_code_postal,adh_ville,adh_date_naissance,adh_date_adhesion,adh_date_maj,adh_commentaire,cpt_solde,adh_etat
			FROM view_adherent 
			WHERE adh_id = '1'
Jan 07 00:24:18  [debug] Execution de la requete : SELECT ope_id_compte,ope_montant,ope_libelle,ope_date,com_date_marche_debut
			FROM view_operation_avenir 
			WHERE ope_id_compte = '31'
Jan 07 00:24:18  [debug] Execution de la requete : SELECT ope_id_compte,cpt_label,ope_montant,ope_libelle,ope_date,tpp_type,tpp_champ_complementaire,tpp_label_champ_complementaire,ope_type_paiement_champ_complementaire
			FROM view_operation_passee 
			WHERE ope_id_compte = '31'
Jan 07 00:24:18  [info] Affichage du compte de l'Adhérent : 100704
Jan 07 00:24:18  [debug] Affichage de la page en : 0.033 secondes !!
Jan 07 00:24:19  [debug] Affichage de la page en : 0.029 secondes !!
Jan 07 00:24:22  [debug] Execution de la requete : SELECT adh_id,adh_numero,adh_id_compte,adh_nom,adh_prenom,adh_courriel_principal,adh_courriel_secondaire,adh_telephone_principal,adh_telephone_secondaire,adh_adresse,adh_code_postal,adh_ville,adh_date_naissance,adh_date_adhesion,adh_date_maj,adh_commentaire,adh_etat
			FROM adh_adherent 
			WHERE adh_id = '1'
Jan 07 00:24:22  [debug] Execution de la requete : SELECT ide_id,ide_id_login,ide_login,ide_pass,ide_type,ide_autorise FROM ide_identification WHERE(ide_id_login = '1' AND ide_type = '1');
Jan 07 00:24:22  [info] Modification du pass de l'Adhérent : 100704
Jan 07 00:24:22  [debug] Affichage de la page en : 0.026 secondes !!
Jan 07 00:24:22  [debug] Affichage de la page en : 0.027 secondes !!
Jan 07 00:25:00  [debug] Execution de la requete : SELECT adh_id,adh_numero,adh_id_compte,adh_nom,adh_prenom,adh_courriel_principal,adh_courriel_secondaire,adh_telephone_principal,adh_telephone_secondaire,adh_adresse,adh_code_postal,adh_ville,adh_date_naissance,adh_date_adhesion,adh_date_maj,adh_commentaire,adh_etat
			FROM adh_adherent 
			WHERE adh_id = '1'
Jan 07 00:25:00  [debug] Execution de la requete : SELECT ide_id,ide_id_login,ide_login,ide_pass,ide_type,ide_autorise FROM ide_identification WHERE(ide_id_login = '1' AND ide_type = '1');
Jan 07 00:25:00  [info] Modification du pass de l'Adhérent : 100704
Jan 07 00:25:00  [debug] Affichage de la page en : 0.023 secondes !!
Jan 07 00:31:35  [debug] Execution de la requete : SELECT adh_id,adh_numero,adh_id_compte,adh_nom,adh_prenom,adh_courriel_principal,adh_courriel_secondaire,adh_telephone_principal,adh_telephone_secondaire,adh_adresse,adh_code_postal,adh_ville,adh_date_naissance,adh_date_adhesion,adh_date_maj,adh_commentaire,adh_etat
			FROM adh_adherent 
			WHERE adh_id = '1'
Jan 07 00:31:35  [debug] Execution de la requete : SELECT ide_id,ide_id_login,ide_login,ide_pass,ide_type,ide_autorise FROM ide_identification WHERE(ide_id_login = '1' AND ide_type = '1');
Jan 07 00:31:35  [info] Modification du pass de l'Adhérent : 100704
Jan 07 00:32:47  [debug] Execution de la requete : SELECT adh_id,adh_numero,adh_id_compte,adh_nom,adh_prenom,adh_courriel_principal,adh_courriel_secondaire,adh_telephone_principal,adh_telephone_secondaire,adh_adresse,adh_code_postal,adh_ville,adh_date_naissance,adh_date_adhesion,adh_date_maj,adh_commentaire,adh_etat
			FROM adh_adherent 
			WHERE adh_id = '1'
Jan 07 00:32:47  [debug] Execution de la requete : SELECT ide_id,ide_id_login,ide_login,ide_pass,ide_type,ide_autorise FROM ide_identification WHERE(ide_id_login = '1' AND ide_type = '1');
Jan 07 00:32:47  [info] Modification du pass de l'Adhérent : 100704
Jan 07 00:37:49  [debug] Execution de la requete : SELECT adh_id,adh_numero,adh_id_compte,adh_nom,adh_prenom,adh_courriel_principal,adh_courriel_secondaire,adh_telephone_principal,adh_telephone_secondaire,adh_adresse,adh_code_postal,adh_ville,adh_date_naissance,adh_date_adhesion,adh_date_maj,adh_commentaire,adh_etat
			FROM adh_adherent 
			WHERE adh_id = '1'
Jan 07 00:37:49  [debug] Execution de la requete : SELECT ide_id,ide_id_login,ide_login,ide_pass,ide_type,ide_autorise FROM ide_identification WHERE(ide_id_login = '1' AND ide_type = '1');
Jan 07 00:37:49  [info] Modification du pass de l'Adhérent : 100704
Jan 07 00:38:15  [debug] Execution de la requete : SELECT adh_id,adh_numero,adh_id_compte,adh_nom,adh_prenom,adh_courriel_principal,adh_courriel_secondaire,adh_telephone_principal,adh_telephone_secondaire,adh_adresse,adh_code_postal,adh_ville,adh_date_naissance,adh_date_adhesion,adh_date_maj,adh_commentaire,adh_etat
			FROM adh_adherent 
			WHERE adh_id = '1'
Jan 07 00:38:15  [debug] Execution de la requete : SELECT ide_id,ide_id_login,ide_login,ide_pass,ide_type,ide_autorise FROM ide_identification WHERE(ide_id_login = '1' AND ide_type = '1');
Jan 07 00:38:15  [info] Modification du pass de l'Adhérent : 100704
Jan 07 00:39:57  [debug] Execution de la requete : SELECT adh_id,adh_numero,adh_id_compte,adh_nom,adh_prenom,adh_courriel_principal,adh_courriel_secondaire,adh_telephone_principal,adh_telephone_secondaire,adh_adresse,adh_code_postal,adh_ville,adh_date_naissance,adh_date_adhesion,adh_date_maj,adh_commentaire,adh_etat
			FROM adh_adherent 
			WHERE adh_id = '1'
Jan 07 00:39:57  [debug] Execution de la requete : SELECT ide_id,ide_id_login,ide_login,ide_pass,ide_type,ide_autorise FROM ide_identification WHERE(ide_id_login = '1' AND ide_type = '1');
Jan 07 00:39:57  [info] Modification du pass de l'Adhérent : 100704
Jan 07 00:39:57  [debug] Affichage de la page en : 0.023 secondes !!
Jan 07 00:40:17  [debug] Execution de la requete : SELECT adh_id,adh_numero,adh_id_compte,adh_nom,adh_prenom,adh_courriel_principal,adh_courriel_secondaire,adh_telephone_principal,adh_telephone_secondaire,adh_adresse,adh_code_postal,adh_ville,adh_date_naissance,adh_date_adhesion,adh_date_maj,adh_commentaire,adh_etat
			FROM adh_adherent 
			WHERE adh_id = '1'
Jan 07 00:40:17  [debug] Execution de la requete : SELECT ide_id,ide_id_login,ide_login,ide_pass,ide_type,ide_autorise FROM ide_identification WHERE(ide_id_login = '1' AND ide_type = '1');
Jan 07 00:40:17  [info] Modification du pass de l'Adhérent : 100704
Jan 07 00:40:17  [debug] Affichage de la page en : 0.021 secondes !!
Jan 07 00:40:17  [debug] Affichage de la page en : 0.026 secondes !!
Jan 07 00:40:41  [debug] Affichage de la page en : 0.025 secondes !!
Jan 07 00:40:46  [debug] Execution de la requete : SELECT adh_id,adh_numero,adh_id_compte,adh_nom,adh_prenom,adh_courriel_principal,adh_courriel_secondaire,adh_telephone_principal,adh_telephone_secondaire,adh_adresse,adh_code_postal,adh_ville,adh_date_naissance,adh_date_adhesion,adh_date_maj,adh_commentaire,adh_etat
			FROM adh_adherent 
			WHERE adh_id = '1'
Jan 07 00:40:46  [debug] Execution de la requete : SELECT ide_id,ide_id_login,ide_login,ide_pass,ide_type,ide_autorise FROM ide_identification WHERE(ide_id_login = '1' AND ide_type = '1');
Jan 07 00:40:46  [info] Modification du pass de l'Adhérent : 100704
Jan 07 00:40:46  [debug] Affichage de la page en : 0.024 secondes !!
Jan 07 00:40:46  [debug] Affichage de la page en : 0.022 secondes !!
Jan 07 00:40:54  [debug] Execution de la requete : SELECT adh_id,adh_numero,adh_id_compte,adh_nom,adh_prenom,adh_courriel_principal,adh_courriel_secondaire,adh_telephone_principal,adh_telephone_secondaire,adh_adresse,adh_code_postal,adh_ville,adh_date_naissance,adh_date_adhesion,adh_date_maj,adh_commentaire,adh_etat
			FROM adh_adherent 
			WHERE adh_id = '1'
Jan 07 00:40:54  [debug] Execution de la requete : SELECT ide_id,ide_id_login,ide_login,ide_pass,ide_type,ide_autorise FROM ide_identification WHERE(ide_id_login = '1' AND ide_type = '1');
Jan 07 00:40:54  [info] Modification du pass de l'Adhérent : 100704
Jan 07 00:40:54  [debug] Affichage de la page en : 0.028 secondes !!
Jan 07 00:40:54  [debug] Affichage de la page en : 0.022 secondes !!
Jan 07 00:40:59  [debug] Execution de la requete : SELECT adh_id,adh_numero,adh_id_compte,adh_nom,adh_prenom,adh_courriel_principal,adh_courriel_secondaire,adh_telephone_principal,adh_telephone_secondaire,adh_adresse,adh_code_postal,adh_ville,adh_date_naissance,adh_date_adhesion,adh_date_maj,adh_commentaire,adh_etat
			FROM adh_adherent 
			WHERE adh_id = '1'
Jan 07 00:40:59  [debug] Execution de la requete : SELECT ide_id,ide_id_login,ide_login,ide_pass,ide_type,ide_autorise FROM ide_identification WHERE(ide_id_login = '1' AND ide_type = '1');
Jan 07 00:40:59  [info] Modification du pass de l'Adhérent : 100704
Jan 07 00:40:59  [debug] Affichage de la page en : 0.027 secondes !!
Jan 07 00:40:59  [debug] Affichage de la page en : 0.021 secondes !!
Jan 07 00:41:03  [debug] Execution de la requete : SELECT adh_id,adh_numero,adh_id_compte,adh_nom,adh_prenom,adh_courriel_principal,adh_courriel_secondaire,adh_telephone_principal,adh_telephone_secondaire,adh_adresse,adh_code_postal,adh_ville,adh_date_naissance,adh_date_adhesion,adh_date_maj,adh_commentaire,adh_etat
			FROM adh_adherent 
			WHERE adh_id = '1'
Jan 07 00:41:03  [debug] Execution de la requete : SELECT ide_id,ide_id_login,ide_login,ide_pass,ide_type,ide_autorise FROM ide_identification WHERE(ide_id_login = '1' AND ide_type = '1');
Jan 07 00:41:03  [info] Modification du pass de l'Adhérent : 100704
Jan 07 00:41:03  [debug] Affichage de la page en : 0.024 secondes !!
Jan 07 00:41:03  [debug] Affichage de la page en : 0.022 secondes !!
Jan 07 00:41:12  [debug] Execution de la requete : SELECT adh_id,adh_numero,adh_id_compte,adh_nom,adh_prenom,adh_courriel_principal,adh_courriel_secondaire,adh_telephone_principal,adh_telephone_secondaire,adh_adresse,adh_code_postal,adh_ville,adh_date_naissance,adh_date_adhesion,adh_date_maj,adh_commentaire,adh_etat
			FROM adh_adherent 
			WHERE adh_id = '1'
Jan 07 00:41:12  [debug] Execution de la requete : SELECT ide_id,ide_id_login,ide_login,ide_pass,ide_type,ide_autorise FROM ide_identification WHERE(ide_id_login = '1' AND ide_type = '1');
Jan 07 00:41:12  [debug] Execution de la requete : SELECT ide_id,ide_id_login,ide_login,ide_pass,ide_type,ide_autorise FROM ide_identification WHERE(ide_id_login = '1' AND ide_type = '1');
Jan 07 00:41:12  [debug] Execution de la requete : UPDATE ide_identification
			 SET
				 ide_id_login = '1'
				,ide_login = 'Z1'
				,ide_pass = '0cc175b9c0f1b6a831c399e269772661'
				,ide_type = '1'
				,ide_autorise = '1'
			 WHERE ide_id = '2'
Jan 07 00:41:12  [info] Modification du pass de l'Adhérent : 100704
Jan 07 00:41:12  [debug] Affichage de la page en : 0.026 secondes !!
Jan 07 00:41:13  [debug] Execution de la requete : SELECT adh_id,adh_numero,adh_id_compte,cpt_label,adh_nom,adh_prenom,adh_courriel_principal,adh_courriel_secondaire,adh_telephone_principal,adh_telephone_secondaire,adh_adresse,adh_code_postal,adh_ville,adh_date_naissance,adh_date_adhesion,adh_date_maj,adh_commentaire,cpt_solde,adh_etat
			FROM view_adherent 
			WHERE adh_id = '1'
Jan 07 00:41:13  [debug] Execution de la requete : SELECT ope_id_compte,ope_montant,ope_libelle,ope_date,com_date_marche_debut
			FROM view_operation_avenir 
			WHERE ope_id_compte = '31'
Jan 07 00:41:13  [debug] Execution de la requete : SELECT ope_id_compte,cpt_label,ope_montant,ope_libelle,ope_date,tpp_type,tpp_champ_complementaire,tpp_label_champ_complementaire,ope_type_paiement_champ_complementaire
			FROM view_operation_passee 
			WHERE ope_id_compte = '31'
Jan 07 00:41:13  [info] Affichage du compte de l'Adhérent : 100704
Jan 07 00:41:13  [debug] Affichage de la page en : 0.031 secondes !!
Jan 07 00:41:18  [debug] Affichage de la page en : 0.036 secondes !!
Jan 07 00:43:51  [debug] Execution de la requete : SELECT adh_id,adh_numero,adh_id_compte,adh_nom,adh_prenom,adh_courriel_principal,adh_courriel_secondaire,adh_telephone_principal,adh_telephone_secondaire,adh_adresse,adh_code_postal,adh_ville,adh_date_naissance,adh_date_adhesion,adh_date_maj,adh_commentaire,adh_etat
			FROM adh_adherent 
			WHERE adh_id = '1'
Jan 07 00:43:51  [debug] Execution de la requete : SELECT ide_id,ide_id_login,ide_login,ide_pass,ide_type,ide_autorise FROM ide_identification WHERE(ide_id_login = '1' AND ide_type = '1');
Jan 07 00:43:51  [info] Modification du pass de l'Adhérent : 100704
Jan 07 00:43:51  [debug] Affichage de la page en : 0.023 secondes !!
Jan 07 00:43:51  [debug] Affichage de la page en : 0.021 secondes !!
Jan 07 00:44:21  [debug] Execution de la requete : SELECT adh_id,adh_numero,adh_id_compte,adh_nom,adh_prenom,adh_courriel_principal,adh_courriel_secondaire,adh_telephone_principal,adh_telephone_secondaire,adh_adresse,adh_code_postal,adh_ville,adh_date_naissance,adh_date_adhesion,adh_date_maj,adh_commentaire,adh_etat
			FROM adh_adherent 
			WHERE adh_id = '1'
Jan 07 00:44:21  [debug] Execution de la requete : SELECT ide_id,ide_id_login,ide_login,ide_pass,ide_type,ide_autorise FROM ide_identification WHERE(ide_id_login = '1' AND ide_type = '1');
Jan 07 00:44:21  [info] Modification du pass de l'Adhérent : 100704
Jan 07 00:44:21  [debug] Affichage de la page en : 0.024 secondes !!
Jan 07 00:44:21  [debug] Affichage de la page en : 0.021 secondes !!
Jan 07 00:44:25  [debug] Execution de la requete : SELECT adh_id,adh_numero,adh_id_compte,adh_nom,adh_prenom,adh_courriel_principal,adh_courriel_secondaire,adh_telephone_principal,adh_telephone_secondaire,adh_adresse,adh_code_postal,adh_ville,adh_date_naissance,adh_date_adhesion,adh_date_maj,adh_commentaire,adh_etat
			FROM adh_adherent 
			WHERE adh_id = '1'
Jan 07 00:44:25  [debug] Execution de la requete : SELECT ide_id,ide_id_login,ide_login,ide_pass,ide_type,ide_autorise FROM ide_identification WHERE(ide_id_login = '1' AND ide_type = '1');
Jan 07 00:44:25  [info] Modification du pass de l'Adhérent : 100704
Jan 07 00:44:25  [debug] Affichage de la page en : 0.023 secondes !!
Jan 07 00:44:25  [debug] Affichage de la page en : 0.021 secondes !!
Jan 07 00:44:32  [debug] Execution de la requete : SELECT adh_id,adh_numero,adh_id_compte,adh_nom,adh_prenom,adh_courriel_principal,adh_courriel_secondaire,adh_telephone_principal,adh_telephone_secondaire,adh_adresse,adh_code_postal,adh_ville,adh_date_naissance,adh_date_adhesion,adh_date_maj,adh_commentaire,adh_etat
			FROM adh_adherent 
			WHERE adh_id = '1'
Jan 07 00:44:32  [debug] Execution de la requete : SELECT ide_id,ide_id_login,ide_login,ide_pass,ide_type,ide_autorise FROM ide_identification WHERE(ide_id_login = '1' AND ide_type = '1');
Jan 07 00:44:32  [debug] Execution de la requete : SELECT ide_id,ide_id_login,ide_login,ide_pass,ide_type,ide_autorise FROM ide_identification WHERE(ide_id_login = '1' AND ide_type = '1');
Jan 07 00:44:32  [debug] Execution de la requete : UPDATE ide_identification
			 SET
				 ide_id_login = '1'
				,ide_login = 'Z1'
				,ide_pass = '01f01083386dc09d99826461b2b6c6f1'
				,ide_type = '1'
				,ide_autorise = '1'
			 WHERE ide_id = '2'
Jan 07 00:44:32  [info] Modification du pass de l'Adhérent : 100704
Jan 07 00:44:32  [debug] Affichage de la page en : 0.028 secondes !!
Jan 07 00:44:32  [debug] Execution de la requete : SELECT adh_id,adh_numero,adh_id_compte,cpt_label,adh_nom,adh_prenom,adh_courriel_principal,adh_courriel_secondaire,adh_telephone_principal,adh_telephone_secondaire,adh_adresse,adh_code_postal,adh_ville,adh_date_naissance,adh_date_adhesion,adh_date_maj,adh_commentaire,cpt_solde,adh_etat
			FROM view_adherent 
			WHERE adh_id = '1'
Jan 07 00:44:32  [debug] Execution de la requete : SELECT ope_id_compte,ope_montant,ope_libelle,ope_date,com_date_marche_debut
			FROM view_operation_avenir 
			WHERE ope_id_compte = '31'
Jan 07 00:44:32  [debug] Execution de la requete : SELECT ope_id_compte,cpt_label,ope_montant,ope_libelle,ope_date,tpp_type,tpp_champ_complementaire,tpp_label_champ_complementaire,ope_type_paiement_champ_complementaire
			FROM view_operation_passee 
			WHERE ope_id_compte = '31'
Jan 07 00:44:32  [info] Affichage du compte de l'Adhérent : 100704
Jan 07 00:44:32  [debug] Affichage de la page en : 0.028 secondes !!
Jan 07 00:44:37  [debug] Affichage de la page en : 0.025 secondes !!
Jan 07 00:44:38  [debug] Execution de la requete : SELECT adh_id,adh_numero,adh_id_compte,cpt_label,adh_nom,adh_prenom,adh_courriel_principal,adh_courriel_secondaire,adh_telephone_principal,adh_telephone_secondaire,adh_adresse,adh_code_postal,adh_ville,adh_date_naissance,adh_date_adhesion,adh_date_maj,adh_commentaire,cpt_solde,adh_etat
			FROM view_adherent 
			WHERE adh_id = '1'
Jan 07 00:44:38  [debug] Execution de la requete : SELECT ope_id_compte,ope_montant,ope_libelle,ope_date,com_date_marche_debut
			FROM view_operation_avenir 
			WHERE ope_id_compte = '31'
Jan 07 00:44:38  [debug] Execution de la requete : SELECT ope_id_compte,cpt_label,ope_montant,ope_libelle,ope_date,tpp_type,tpp_champ_complementaire,tpp_label_champ_complementaire,ope_type_paiement_champ_complementaire
			FROM view_operation_passee 
			WHERE ope_id_compte = '31'
Jan 07 00:44:38  [info] Affichage du compte de l'Adhérent : 100704
Jan 07 00:44:38  [debug] Affichage de la page en : 0.034 secondes !!
Jan 07 00:57:27  [debug] Execution de la requete : SELECT adh_id,adh_numero,adh_id_compte,cpt_label,adh_nom,adh_prenom,adh_courriel_principal,adh_courriel_secondaire,adh_telephone_principal,adh_telephone_secondaire,adh_adresse,adh_code_postal,adh_ville,adh_date_naissance,adh_date_adhesion,adh_date_maj,adh_commentaire,cpt_solde,adh_etat
			FROM view_adherent 
			WHERE adh_id = '1'
Jan 07 00:57:27  [info] Affichage du formulaire de modification des informations de l'adhérent : 100704
Jan 07 00:57:27  [debug] Affichage de la page en : 0.037 secondes !!
Jan 07 00:57:53  [debug] Execution de la requete : SELECT adh_id,adh_numero,adh_id_compte,cpt_label,adh_nom,adh_prenom,adh_courriel_principal,adh_courriel_secondaire,adh_telephone_principal,adh_telephone_secondaire,adh_adresse,adh_code_postal,adh_ville,adh_date_naissance,adh_date_adhesion,adh_date_maj,adh_commentaire,cpt_solde,adh_etat
			FROM view_adherent 
			WHERE adh_id = '1'
Jan 07 00:57:53  [info] Affichage du formulaire de modification des informations de l'adhérent : 100704
Jan 07 00:57:53  [debug] Affichage de la page en : 0.032 secondes !!
Jan 07 00:58:52  [debug] Execution de la requete : SELECT adh_id,adh_numero,adh_id_compte,cpt_label,adh_nom,adh_prenom,adh_courriel_principal,adh_courriel_secondaire,adh_telephone_principal,adh_telephone_secondaire,adh_adresse,adh_code_postal,adh_ville,adh_date_naissance,adh_date_adhesion,adh_date_maj,adh_commentaire,cpt_solde,adh_etat
			FROM view_adherent 
			WHERE adh_id = '1'
Jan 07 00:58:52  [info] Affichage du formulaire de modification des informations de l'adhérent : 100704
Jan 07 00:58:52  [debug] Affichage de la page en : 0.031 secondes !!
Jan 07 01:00:08  [debug] Execution de la requete : SELECT adh_id,adh_numero,adh_id_compte,cpt_label,adh_nom,adh_prenom,adh_courriel_principal,adh_courriel_secondaire,adh_telephone_principal,adh_telephone_secondaire,adh_adresse,adh_code_postal,adh_ville,adh_date_naissance,adh_date_adhesion,adh_date_maj,adh_commentaire,cpt_solde,adh_etat
			FROM view_adherent 
			WHERE adh_id = '1'
Jan 07 01:00:08  [info] Affichage du formulaire de modification des informations de l'adhérent : 100704
Jan 07 01:00:08  [debug] Affichage de la page en : 0.033 secondes !!
Jan 07 01:00:35  [debug] Execution de la requete : SELECT adh_id,adh_numero,adh_id_compte,cpt_label,adh_nom,adh_prenom,adh_courriel_principal,adh_courriel_secondaire,adh_telephone_principal,adh_telephone_secondaire,adh_adresse,adh_code_postal,adh_ville,adh_date_naissance,adh_date_adhesion,adh_date_maj,adh_commentaire,cpt_solde,adh_etat
			FROM view_adherent 
			WHERE adh_id = '1'
Jan 07 01:00:35  [info] Affichage du formulaire de modification des informations de l'adhérent : 100704
Jan 07 01:00:35  [debug] Affichage de la page en : 0.034 secondes !!
Jan 07 01:01:05  [debug] Execution de la requete : SELECT adh_id,adh_numero,adh_id_compte,cpt_label,adh_nom,adh_prenom,adh_courriel_principal,adh_courriel_secondaire,adh_telephone_principal,adh_telephone_secondaire,adh_adresse,adh_code_postal,adh_ville,adh_date_naissance,adh_date_adhesion,adh_date_maj,adh_commentaire,cpt_solde,adh_etat
			FROM view_adherent 
			WHERE adh_id = '1'
Jan 07 01:01:05  [info] Affichage du formulaire de modification des informations de l'adhérent : 100704
Jan 07 01:01:05  [debug] Affichage de la page en : 0.032 secondes !!
Jan 07 01:01:37  [debug] Execution de la requete : SELECT adh_id,adh_numero,adh_id_compte,cpt_label,adh_nom,adh_prenom,adh_courriel_principal,adh_courriel_secondaire,adh_telephone_principal,adh_telephone_secondaire,adh_adresse,adh_code_postal,adh_ville,adh_date_naissance,adh_date_adhesion,adh_date_maj,adh_commentaire,cpt_solde,adh_etat
			FROM view_adherent 
			WHERE adh_id = '1'
Jan 07 01:01:37  [info] Affichage du formulaire de modification des informations de l'adhérent : 100704
Jan 07 01:01:37  [debug] Affichage de la page en : 0.034 secondes !!
Jan 07 01:01:40  [debug] Execution de la requete : SELECT adh_id,adh_numero,adh_id_compte,cpt_label,adh_nom,adh_prenom,adh_courriel_principal,adh_courriel_secondaire,adh_telephone_principal,adh_telephone_secondaire,adh_adresse,adh_code_postal,adh_ville,adh_date_naissance,adh_date_adhesion,adh_date_maj,adh_commentaire,cpt_solde,adh_etat
			FROM view_adherent 
			WHERE adh_id = '1'
Jan 07 01:01:40  [info] Affichage du formulaire de modification des informations de l'adhérent : 100704
Jan 07 01:01:40  [debug] Affichage de la page en : 0.031 secondes !!
Jan 07 01:02:39  [debug] Execution de la requete : SELECT adh_id,adh_numero,adh_id_compte,cpt_label,adh_nom,adh_prenom,adh_courriel_principal,adh_courriel_secondaire,adh_telephone_principal,adh_telephone_secondaire,adh_adresse,adh_code_postal,adh_ville,adh_date_naissance,adh_date_adhesion,adh_date_maj,adh_commentaire,cpt_solde,adh_etat
			FROM view_adherent 
			WHERE adh_id = '1'
Jan 07 01:02:39  [info] Affichage du formulaire de modification des informations de l'adhérent : 100704
Jan 07 01:02:39  [debug] Affichage de la page en : 0.032 secondes !!
Jan 07 01:02:44  [debug] Execution de la requete : SELECT adh_id,adh_numero,adh_id_compte,cpt_label,adh_nom,adh_prenom,adh_courriel_principal,adh_courriel_secondaire,adh_telephone_principal,adh_telephone_secondaire,adh_adresse,adh_code_postal,adh_ville,adh_date_naissance,adh_date_adhesion,adh_date_maj,adh_commentaire,cpt_solde,adh_etat
			FROM view_adherent 
			WHERE adh_id = '1'
Jan 07 01:02:44  [debug] Execution de la requete : SELECT ope_id_compte,ope_montant,ope_libelle,ope_date,com_date_marche_debut
			FROM view_operation_avenir 
			WHERE ope_id_compte = '31'
Jan 07 01:02:44  [debug] Execution de la requete : SELECT ope_id_compte,cpt_label,ope_montant,ope_libelle,ope_date,tpp_type,tpp_champ_complementaire,tpp_label_champ_complementaire,ope_type_paiement_champ_complementaire
			FROM view_operation_passee 
			WHERE ope_id_compte = '31'
Jan 07 01:02:44  [info] Affichage du compte de l'Adhérent : 100704
Jan 07 01:02:44  [debug] Affichage de la page en : 0.035 secondes !!
Jan 07 01:02:50  [debug] Execution de la requete : SELECT adh_id,adh_numero,adh_id_compte,cpt_label,adh_nom,adh_prenom,adh_courriel_principal,adh_courriel_secondaire,adh_telephone_principal,adh_telephone_secondaire,adh_adresse,adh_code_postal,adh_ville,adh_date_naissance,adh_date_adhesion,adh_date_maj,adh_commentaire,cpt_solde,adh_etat
			FROM view_adherent 
			WHERE adh_id = '1'
Jan 07 01:02:50  [info] Affichage du formulaire de modification des informations de l'adhérent : 100704
Jan 07 01:02:50  [debug] Affichage de la page en : 0.033 secondes !!
Jan 07 01:03:51  [debug] Execution de la requete : SELECT adh_id,adh_numero,adh_id_compte,cpt_label,adh_nom,adh_prenom,adh_courriel_principal,adh_courriel_secondaire,adh_telephone_principal,adh_telephone_secondaire,adh_adresse,adh_code_postal,adh_ville,adh_date_naissance,adh_date_adhesion,adh_date_maj,adh_commentaire,cpt_solde,adh_etat
			FROM view_adherent 
			WHERE adh_id = '1'
Jan 07 01:03:51  [info] Affichage du formulaire de modification des informations de l'adhérent : 100704
Jan 07 01:03:51  [debug] Affichage de la page en : 0.032 secondes !!
Jan 07 01:04:48  [debug] Execution de la requete : SELECT adh_id,adh_numero,adh_id_compte,cpt_label,adh_nom,adh_prenom,adh_courriel_principal,adh_courriel_secondaire,adh_telephone_principal,adh_telephone_secondaire,adh_adresse,adh_code_postal,adh_ville,adh_date_naissance,adh_date_adhesion,adh_date_maj,adh_commentaire,cpt_solde,adh_etat
			FROM view_adherent 
			WHERE adh_id = '1'
Jan 07 01:04:48  [debug] Execution de la requete : SELECT ope_id_compte,ope_montant,ope_libelle,ope_date,com_date_marche_debut
			FROM view_operation_avenir 
			WHERE ope_id_compte = '31'
Jan 07 01:04:48  [debug] Execution de la requete : SELECT ope_id_compte,cpt_label,ope_montant,ope_libelle,ope_date,tpp_type,tpp_champ_complementaire,tpp_label_champ_complementaire,ope_type_paiement_champ_complementaire
			FROM view_operation_passee 
			WHERE ope_id_compte = '31'
Jan 07 01:04:48  [info] Affichage du compte de l'Adhérent : 100704
Jan 07 01:04:48  [debug] Affichage de la page en : 0.031 secondes !!
Jan 07 01:04:55  [debug] Execution de la requete : SELECT adh_id,adh_numero,adh_id_compte,cpt_label,adh_nom,adh_prenom,adh_courriel_principal,adh_courriel_secondaire,adh_telephone_principal,adh_telephone_secondaire,adh_adresse,adh_code_postal,adh_ville,adh_date_naissance,adh_date_adhesion,adh_date_maj,adh_commentaire,cpt_solde,adh_etat
			FROM view_adherent 
			WHERE adh_id = '1'
Jan 07 01:04:55  [info] Affichage du formulaire de modification des informations de l'adhérent : 100704
Jan 07 01:04:55  [debug] Affichage de la page en : 0.034 secondes !!
Jan 07 01:05:54  [debug] Execution de la requete : SELECT adh_id,adh_numero,adh_id_compte,cpt_label,adh_nom,adh_prenom,adh_courriel_principal,adh_courriel_secondaire,adh_telephone_principal,adh_telephone_secondaire,adh_adresse,adh_code_postal,adh_ville,adh_date_naissance,adh_date_adhesion,adh_date_maj,adh_commentaire,cpt_solde,adh_etat
			FROM view_adherent 
			WHERE adh_id = '1'
Jan 07 01:05:54  [info] Affichage du formulaire de modification des informations de l'adhérent : 100704
Jan 07 01:05:54  [debug] Affichage de la page en : 0.032 secondes !!
Jan 07 01:25:11  [debug] Execution de la requete : SELECT adh_id,adh_numero,adh_id_compte,cpt_label,adh_nom,adh_prenom,adh_courriel_principal,adh_courriel_secondaire,adh_telephone_principal,adh_telephone_secondaire,adh_adresse,adh_code_postal,adh_ville,adh_date_naissance,adh_date_adhesion,adh_date_maj,adh_commentaire,cpt_solde,adh_etat
			FROM view_adherent 
			WHERE adh_id = '1'
Jan 07 01:25:11  [debug] Execution de la requete : SELECT ope_id_compte,ope_montant,ope_libelle,ope_date,com_date_marche_debut
			FROM view_operation_avenir 
			WHERE ope_id_compte = '31'
Jan 07 01:25:11  [debug] Execution de la requete : SELECT ope_id_compte,cpt_label,ope_montant,ope_libelle,ope_date,tpp_type,tpp_champ_complementaire,tpp_label_champ_complementaire,ope_type_paiement_champ_complementaire
			FROM view_operation_passee 
			WHERE ope_id_compte = '31'
Jan 07 01:25:11  [info] Affichage du compte de l'Adhérent : 100704
Jan 07 01:25:11  [debug] Affichage de la page en : 0.035 secondes !!
Jan 07 01:25:13  [debug] Execution de la requete : SELECT adh_id,adh_numero,adh_id_compte,cpt_label,adh_nom,adh_prenom,adh_courriel_principal,adh_courriel_secondaire,adh_telephone_principal,adh_telephone_secondaire,adh_adresse,adh_code_postal,adh_ville,adh_date_naissance,adh_date_adhesion,adh_date_maj,adh_commentaire,cpt_solde,adh_etat
			FROM view_adherent 
			WHERE adh_id = '1'
Jan 07 01:25:13  [info] Affichage du formulaire de modification des informations de l'adhérent : 100704
Jan 07 01:25:13  [debug] Affichage de la page en : 0.037 secondes !!
Jan 07 01:25:21  [info] Demande d'accés à ModifierMonCompte sans identifiant commande par : 100704
Jan 07 01:25:21  [debug] Affichage de la page en : 0.023 secondes !!
Jan 07 01:25:21  [info] Affichage du formulaire de connexion
Jan 07 01:25:21  [debug] Affichage de la page en : 0.004 secondes !!
Jan 07 01:25:44  [debug] Execution de la requete : SELECT adh_id,adh_numero,adh_id_compte,cpt_label,adh_nom,adh_prenom,adh_courriel_principal,adh_courriel_secondaire,adh_telephone_principal,adh_telephone_secondaire,adh_adresse,adh_code_postal,adh_ville,adh_date_naissance,adh_date_adhesion,adh_date_maj,adh_commentaire,cpt_solde,adh_etat
			FROM view_adherent 
			WHERE adh_id = '1'
Jan 07 01:25:44  [info] Affichage du formulaire de modification des informations de l'adhérent : 100704
Jan 07 01:25:44  [debug] Affichage de la page en : 0.033 secondes !!
Jan 07 01:25:48  [info] Demande d'accés à ModifierMonCompte sans identifiant commande par : 100704
Jan 07 01:25:48  [debug] Affichage de la page en : 0.035 secondes !!
Jan 07 01:30:36  [debug] Execution de la requete : SELECT adh_id,adh_numero,adh_id_compte,adh_nom,adh_prenom,adh_courriel_principal,adh_courriel_secondaire,adh_telephone_principal,adh_telephone_secondaire,adh_adresse,adh_code_postal,adh_ville,adh_date_naissance,adh_date_adhesion,adh_date_maj,adh_commentaire,adh_etat
			FROM adh_adherent 
			WHERE adh_id = '1'
Jan 07 01:30:36  [info] Modification des informations du compte de l'Adhérent : 100704
Jan 07 01:30:36  [debug] Affichage de la page en : 0.024 secondes !!
Jan 07 01:30:36  [debug] Execution de la requete : SELECT adh_id,adh_numero,adh_id_compte,cpt_label,adh_nom,adh_prenom,adh_courriel_principal,adh_courriel_secondaire,adh_telephone_principal,adh_telephone_secondaire,adh_adresse,adh_code_postal,adh_ville,adh_date_naissance,adh_date_adhesion,adh_date_maj,adh_commentaire,cpt_solde,adh_etat
			FROM view_adherent 
			WHERE adh_id = '1'
Jan 07 01:30:36  [info] Affichage du formulaire de modification des informations de l'adhérent : 100704
Jan 07 01:30:36  [debug] Affichage de la page en : 0.035 secondes !!
Jan 07 01:33:09  [debug] Execution de la requete : SELECT adh_id,adh_numero,adh_id_compte,adh_nom,adh_prenom,adh_courriel_principal,adh_courriel_secondaire,adh_telephone_principal,adh_telephone_secondaire,adh_adresse,adh_code_postal,adh_ville,adh_date_naissance,adh_date_adhesion,adh_date_maj,adh_commentaire,adh_etat
			FROM adh_adherent 
			WHERE adh_id = '1'
Jan 07 01:33:09  [debug] Execution de la requete : SELECT adh_id,adh_numero,adh_id_compte,adh_nom,adh_prenom,adh_courriel_principal,adh_courriel_secondaire,adh_telephone_principal,adh_telephone_secondaire,adh_adresse,adh_code_postal,adh_ville,adh_date_naissance,adh_date_adhesion,adh_date_maj,adh_commentaire,adh_etat
			FROM adh_adherent 
			WHERE adh_id = '1'
Jan 07 01:33:09  [debug] Execution de la requete : UPDATE adh_adherent 
			SET
				adh_numero = 'Z1'
				,adh_id_compte = '31'
				,adh_nom = 'JALABERT'
				,adh_prenom = 'Bernard'
				,adh_courriel_principal = 'bernard.jalabert@free.fr'
				,adh_courriel_secondaire = ''
				,adh_telephone_principal = '04.76.24.10.36'
				,adh_telephone_secondaire = ''
				,adh_adresse = '8 rue de Belledonne'
				,adh_code_postal = '38320'
				,adh_ville = 'EYBENS'
				,adh_date_naissance = '1986-03-22'
				,adh_date_adhesion = '2009-07-01'
				,adh_date_maj = '2012-01-07 01:33:09'
				,adh_commentaire = ''
				,adh_etat = '1'
			 WHERE adh_id = '1'
Jan 07 01:33:09  [info] Modification des informations du compte de l'Adhérent : 100704
Jan 07 01:33:09  [debug] Affichage de la page en : 0.029 secondes !!
Jan 07 01:33:10  [debug] Execution de la requete : SELECT adh_id,adh_numero,adh_id_compte,cpt_label,adh_nom,adh_prenom,adh_courriel_principal,adh_courriel_secondaire,adh_telephone_principal,adh_telephone_secondaire,adh_adresse,adh_code_postal,adh_ville,adh_date_naissance,adh_date_adhesion,adh_date_maj,adh_commentaire,cpt_solde,adh_etat
			FROM view_adherent 
			WHERE adh_id = '1'
Jan 07 01:33:10  [debug] Execution de la requete : SELECT ope_id_compte,ope_montant,ope_libelle,ope_date,com_date_marche_debut
			FROM view_operation_avenir 
			WHERE ope_id_compte = '31'
Jan 07 01:33:10  [debug] Execution de la requete : SELECT ope_id_compte,cpt_label,ope_montant,ope_libelle,ope_date,tpp_type,tpp_champ_complementaire,tpp_label_champ_complementaire,ope_type_paiement_champ_complementaire
			FROM view_operation_passee 
			WHERE ope_id_compte = '31'
Jan 07 01:33:10  [info] Affichage du compte de l'Adhérent : 100704
Jan 07 01:33:10  [debug] Affichage de la page en : 0.030 secondes !!
Jan 07 01:33:13  [debug] Execution de la requete : SELECT adh_id,adh_numero,adh_id_compte,cpt_label,adh_nom,adh_prenom,adh_courriel_principal,adh_courriel_secondaire,adh_telephone_principal,adh_telephone_secondaire,adh_adresse,adh_code_postal,adh_ville,adh_date_naissance,adh_date_adhesion,adh_date_maj,adh_commentaire,cpt_solde,adh_etat
			FROM view_adherent 
			WHERE adh_id = '1'
Jan 07 01:33:13  [info] Affichage du formulaire de modification des informations de l'adhérent : 100704
Jan 07 01:33:13  [debug] Affichage de la page en : 0.039 secondes !!
Jan 07 01:33:23  [debug] Execution de la requete : SELECT adh_id,adh_numero,adh_id_compte,adh_nom,adh_prenom,adh_courriel_principal,adh_courriel_secondaire,adh_telephone_principal,adh_telephone_secondaire,adh_adresse,adh_code_postal,adh_ville,adh_date_naissance,adh_date_adhesion,adh_date_maj,adh_commentaire,adh_etat
			FROM adh_adherent 
			WHERE adh_id = '1'
Jan 07 01:33:23  [info] Modification des informations du compte de l'Adhérent : 100704
Jan 07 01:33:23  [debug] Affichage de la page en : 0.027 secondes !!
Jan 07 01:33:23  [debug] Execution de la requete : SELECT adh_id,adh_numero,adh_id_compte,cpt_label,adh_nom,adh_prenom,adh_courriel_principal,adh_courriel_secondaire,adh_telephone_principal,adh_telephone_secondaire,adh_adresse,adh_code_postal,adh_ville,adh_date_naissance,adh_date_adhesion,adh_date_maj,adh_commentaire,cpt_solde,adh_etat
			FROM view_adherent 
			WHERE adh_id = '1'
Jan 07 01:33:23  [info] Affichage du formulaire de modification des informations de l'adhérent : 100704
Jan 07 01:33:23  [debug] Affichage de la page en : 0.030 secondes !!
Jan 07 01:34:03  [debug] Execution de la requete : SELECT adh_id,adh_numero,adh_id_compte,adh_nom,adh_prenom,adh_courriel_principal,adh_courriel_secondaire,adh_telephone_principal,adh_telephone_secondaire,adh_adresse,adh_code_postal,adh_ville,adh_date_naissance,adh_date_adhesion,adh_date_maj,adh_commentaire,adh_etat
			FROM adh_adherent 
			WHERE adh_id = '1'
Jan 07 01:34:03  [info] Modification des informations du compte de l'Adhérent : 100704
Jan 07 01:34:03  [debug] Affichage de la page en : 0.026 secondes !!
Jan 07 01:34:03  [debug] Execution de la requete : SELECT adh_id,adh_numero,adh_id_compte,cpt_label,adh_nom,adh_prenom,adh_courriel_principal,adh_courriel_secondaire,adh_telephone_principal,adh_telephone_secondaire,adh_adresse,adh_code_postal,adh_ville,adh_date_naissance,adh_date_adhesion,adh_date_maj,adh_commentaire,cpt_solde,adh_etat
			FROM view_adherent 
			WHERE adh_id = '1'
Jan 07 01:34:03  [info] Affichage du formulaire de modification des informations de l'adhérent : 100704
Jan 07 01:34:03  [debug] Affichage de la page en : 0.030 secondes !!
Jan 07 01:37:57  [debug] Execution de la requete : SELECT adh_id,adh_numero,adh_id_compte,adh_nom,adh_prenom,adh_courriel_principal,adh_courriel_secondaire,adh_telephone_principal,adh_telephone_secondaire,adh_adresse,adh_code_postal,adh_ville,adh_date_naissance,adh_date_adhesion,adh_date_maj,adh_commentaire,adh_etat
			FROM adh_adherent 
			WHERE adh_id = '1'
Jan 07 01:37:57  [info] Modification des informations du compte de l'Adhérent : 100704
Jan 07 01:37:57  [debug] Affichage de la page en : 0.025 secondes !!
Jan 07 01:37:57  [debug] Execution de la requete : SELECT adh_id,adh_numero,adh_id_compte,cpt_label,adh_nom,adh_prenom,adh_courriel_principal,adh_courriel_secondaire,adh_telephone_principal,adh_telephone_secondaire,adh_adresse,adh_code_postal,adh_ville,adh_date_naissance,adh_date_adhesion,adh_date_maj,adh_commentaire,cpt_solde,adh_etat
			FROM view_adherent 
			WHERE adh_id = '1'
Jan 07 01:37:57  [info] Affichage du formulaire de modification des informations de l'adhérent : 100704
Jan 07 01:37:57  [debug] Affichage de la page en : 0.031 secondes !!
Jan 07 01:38:03  [debug] Execution de la requete : SELECT adh_id,adh_numero,adh_id_compte,cpt_label,adh_nom,adh_prenom,adh_courriel_principal,adh_courriel_secondaire,adh_telephone_principal,adh_telephone_secondaire,adh_adresse,adh_code_postal,adh_ville,adh_date_naissance,adh_date_adhesion,adh_date_maj,adh_commentaire,cpt_solde,adh_etat
			FROM view_adherent 
			WHERE adh_id = '1'
Jan 07 01:38:03  [debug] Execution de la requete : SELECT ope_id_compte,ope_montant,ope_libelle,ope_date,com_date_marche_debut
			FROM view_operation_avenir 
			WHERE ope_id_compte = '31'
Jan 07 01:38:03  [debug] Execution de la requete : SELECT ope_id_compte,cpt_label,ope_montant,ope_libelle,ope_date,tpp_type,tpp_champ_complementaire,tpp_label_champ_complementaire,ope_type_paiement_champ_complementaire
			FROM view_operation_passee 
			WHERE ope_id_compte = '31'
Jan 07 01:38:03  [info] Affichage du compte de l'Adhérent : 100704
Jan 07 01:38:03  [debug] Affichage de la page en : 0.033 secondes !!
Jan 07 01:38:05  [debug] Execution de la requete : SELECT adh_id,adh_numero,adh_id_compte,cpt_label,adh_nom,adh_prenom,adh_courriel_principal,adh_courriel_secondaire,adh_telephone_principal,adh_telephone_secondaire,adh_adresse,adh_code_postal,adh_ville,adh_date_naissance,adh_date_adhesion,adh_date_maj,adh_commentaire,cpt_solde,adh_etat
			FROM view_adherent 
			WHERE adh_id = '1'
Jan 07 01:38:05  [info] Affichage du formulaire de modification des informations de l'adhérent : 100704
Jan 07 01:38:05  [debug] Affichage de la page en : 0.040 secondes !!
Jan 07 01:38:15  [debug] Execution de la requete : SELECT adh_id,adh_numero,adh_id_compte,adh_nom,adh_prenom,adh_courriel_principal,adh_courriel_secondaire,adh_telephone_principal,adh_telephone_secondaire,adh_adresse,adh_code_postal,adh_ville,adh_date_naissance,adh_date_adhesion,adh_date_maj,adh_commentaire,adh_etat
			FROM adh_adherent 
			WHERE adh_id = '1'
Jan 07 01:38:15  [debug] Execution de la requete : SELECT adh_id,adh_numero,adh_id_compte,adh_nom,adh_prenom,adh_courriel_principal,adh_courriel_secondaire,adh_telephone_principal,adh_telephone_secondaire,adh_adresse,adh_code_postal,adh_ville,adh_date_naissance,adh_date_adhesion,adh_date_maj,adh_commentaire,adh_etat
			FROM adh_adherent 
			WHERE adh_id = '1'
Jan 07 01:38:15  [debug] Execution de la requete : UPDATE adh_adherent 
			SET
				adh_numero = 'Z1'
				,adh_id_compte = '31'
				,adh_nom = 'JALABERT'
				,adh_prenom = 'Bernard'
				,adh_courriel_principal = 'bernard.jalabert@free.fr'
				,adh_courriel_secondaire = ''
				,adh_telephone_principal = '04.76.24.10.36'
				,adh_telephone_secondaire = ''
				,adh_adresse = '8 rue de Belledonne'
				,adh_code_postal = '38320'
				,adh_ville = 'EYBENS'
				,adh_date_naissance = '1986-03-22'
				,adh_date_adhesion = '2009-07-01'
				,adh_date_maj = '2012-01-07 01:38:15'
				,adh_commentaire = 'toto'
				,adh_etat = '1'
			 WHERE adh_id = '1'
Jan 07 01:38:15  [info] Modification des informations du compte de l'Adhérent : 100704
Jan 07 01:38:15  [debug] Affichage de la page en : 0.028 secondes !!
Jan 07 01:38:15  [debug] Execution de la requete : SELECT adh_id,adh_numero,adh_id_compte,cpt_label,adh_nom,adh_prenom,adh_courriel_principal,adh_courriel_secondaire,adh_telephone_principal,adh_telephone_secondaire,adh_adresse,adh_code_postal,adh_ville,adh_date_naissance,adh_date_adhesion,adh_date_maj,adh_commentaire,cpt_solde,adh_etat
			FROM view_adherent 
			WHERE adh_id = '1'
Jan 07 01:38:15  [debug] Execution de la requete : SELECT ope_id_compte,ope_montant,ope_libelle,ope_date,com_date_marche_debut
			FROM view_operation_avenir 
			WHERE ope_id_compte = '31'
Jan 07 01:38:15  [debug] Execution de la requete : SELECT ope_id_compte,cpt_label,ope_montant,ope_libelle,ope_date,tpp_type,tpp_champ_complementaire,tpp_label_champ_complementaire,ope_type_paiement_champ_complementaire
			FROM view_operation_passee 
			WHERE ope_id_compte = '31'
Jan 07 01:38:15  [info] Affichage du compte de l'Adhérent : 100704
Jan 07 01:38:15  [debug] Affichage de la page en : 0.029 secondes !!
Jan 07 01:38:18  [debug] Execution de la requete : SELECT adh_id,adh_numero,adh_id_compte,cpt_label,adh_nom,adh_prenom,adh_courriel_principal,adh_courriel_secondaire,adh_telephone_principal,adh_telephone_secondaire,adh_adresse,adh_code_postal,adh_ville,adh_date_naissance,adh_date_adhesion,adh_date_maj,adh_commentaire,cpt_solde,adh_etat
			FROM view_adherent 
			WHERE adh_id = '1'
Jan 07 01:38:18  [info] Affichage du formulaire de modification des informations de l'adhérent : 100704
Jan 07 01:38:18  [debug] Affichage de la page en : 0.037 secondes !!
Jan 07 01:38:22  [debug] Execution de la requete : SELECT adh_id,adh_numero,adh_id_compte,adh_nom,adh_prenom,adh_courriel_principal,adh_courriel_secondaire,adh_telephone_principal,adh_telephone_secondaire,adh_adresse,adh_code_postal,adh_ville,adh_date_naissance,adh_date_adhesion,adh_date_maj,adh_commentaire,adh_etat
			FROM adh_adherent 
			WHERE adh_id = '1'
Jan 07 01:38:23  [debug] Execution de la requete : SELECT adh_id,adh_numero,adh_id_compte,adh_nom,adh_prenom,adh_courriel_principal,adh_courriel_secondaire,adh_telephone_principal,adh_telephone_secondaire,adh_adresse,adh_code_postal,adh_ville,adh_date_naissance,adh_date_adhesion,adh_date_maj,adh_commentaire,adh_etat
			FROM adh_adherent 
			WHERE adh_id = '1'
Jan 07 01:38:23  [debug] Execution de la requete : UPDATE adh_adherent 
			SET
				adh_numero = 'Z1'
				,adh_id_compte = '31'
				,adh_nom = 'JALABERT'
				,adh_prenom = 'Bernard'
				,adh_courriel_principal = 'bernard.jalabert@free.fr'
				,adh_courriel_secondaire = ''
				,adh_telephone_principal = '04.76.24.10.36'
				,adh_telephone_secondaire = ''
				,adh_adresse = '8 rue de Belledonne'
				,adh_code_postal = '38320'
				,adh_ville = 'EYBENS'
				,adh_date_naissance = '1986-03-22'
				,adh_date_adhesion = '2009-07-01'
				,adh_date_maj = '2012-01-07 01:38:23'
				,adh_commentaire = ''
				,adh_etat = '1'
			 WHERE adh_id = '1'
Jan 07 01:38:23  [info] Modification des informations du compte de l'Adhérent : 100704
Jan 07 01:38:23  [debug] Affichage de la page en : 0.030 secondes !!
Jan 07 01:38:23  [debug] Execution de la requete : SELECT adh_id,adh_numero,adh_id_compte,cpt_label,adh_nom,adh_prenom,adh_courriel_principal,adh_courriel_secondaire,adh_telephone_principal,adh_telephone_secondaire,adh_adresse,adh_code_postal,adh_ville,adh_date_naissance,adh_date_adhesion,adh_date_maj,adh_commentaire,cpt_solde,adh_etat
			FROM view_adherent 
			WHERE adh_id = '1'
Jan 07 01:38:23  [debug] Execution de la requete : SELECT ope_id_compte,ope_montant,ope_libelle,ope_date,com_date_marche_debut
			FROM view_operation_avenir 
			WHERE ope_id_compte = '31'
Jan 07 01:38:23  [debug] Execution de la requete : SELECT ope_id_compte,cpt_label,ope_montant,ope_libelle,ope_date,tpp_type,tpp_champ_complementaire,tpp_label_champ_complementaire,ope_type_paiement_champ_complementaire
			FROM view_operation_passee 
			WHERE ope_id_compte = '31'
Jan 07 01:38:23  [info] Affichage du compte de l'Adhérent : 100704
Jan 07 01:38:23  [debug] Affichage de la page en : 0.029 secondes !!
Jan 07 01:38:27  [debug] Execution de la requete : SELECT adh_id,adh_numero,adh_id_compte,cpt_label,adh_nom,adh_prenom,adh_courriel_principal,adh_courriel_secondaire,adh_telephone_principal,adh_telephone_secondaire,adh_adresse,adh_code_postal,adh_ville,adh_date_naissance,adh_date_adhesion,adh_date_maj,adh_commentaire,cpt_solde,adh_etat
			FROM view_adherent 
			WHERE adh_id = '1'
Jan 07 01:38:27  [info] Affichage du formulaire de modification des informations de l'adhérent : 100704
Jan 07 01:38:27  [debug] Affichage de la page en : 0.037 secondes !!
Jan 07 01:38:28  [debug] Execution de la requete : SELECT adh_id,adh_numero,adh_id_compte,cpt_label,adh_nom,adh_prenom,adh_courriel_principal,adh_courriel_secondaire,adh_telephone_principal,adh_telephone_secondaire,adh_adresse,adh_code_postal,adh_ville,adh_date_naissance,adh_date_adhesion,adh_date_maj,adh_commentaire,cpt_solde,adh_etat
			FROM view_adherent 
			WHERE adh_id = '1'
Jan 07 01:38:28  [debug] Execution de la requete : SELECT ope_id_compte,ope_montant,ope_libelle,ope_date,com_date_marche_debut
			FROM view_operation_avenir 
			WHERE ope_id_compte = '31'
Jan 07 01:38:28  [debug] Execution de la requete : SELECT ope_id_compte,cpt_label,ope_montant,ope_libelle,ope_date,tpp_type,tpp_champ_complementaire,tpp_label_champ_complementaire,ope_type_paiement_champ_complementaire
			FROM view_operation_passee 
			WHERE ope_id_compte = '31'
Jan 07 01:38:28  [info] Affichage du compte de l'Adhérent : 100704
Jan 07 01:38:28  [debug] Affichage de la page en : 0.030 secondes !!
Jan 07 01:38:30  [debug] Execution de la requete : SELECT adh_id,adh_numero,adh_id_compte,cpt_label,adh_nom,adh_prenom,adh_courriel_principal,adh_courriel_secondaire,adh_telephone_principal,adh_telephone_secondaire,adh_adresse,adh_code_postal,adh_ville,adh_date_naissance,adh_date_adhesion,adh_date_maj,adh_commentaire,cpt_solde,adh_etat
			FROM view_adherent 
			WHERE adh_id = '1'
Jan 07 01:38:30  [info] Affichage du formulaire de modification des informations de l'adhérent : 100704
Jan 07 01:38:30  [debug] Affichage de la page en : 0.037 secondes !!
Jan 07 01:42:34  [debug] Execution de la requete : SELECT adh_id,adh_numero,adh_id_compte,cpt_label,adh_nom,adh_prenom,adh_courriel_principal,adh_courriel_secondaire,adh_telephone_principal,adh_telephone_secondaire,adh_adresse,adh_code_postal,adh_ville,adh_date_naissance,adh_date_adhesion,adh_date_maj,adh_commentaire,cpt_solde,adh_etat
			FROM view_adherent 
			WHERE adh_id = '1'
Jan 07 01:42:34  [info] Affichage du formulaire de modification des informations de l'adhérent : 100704
Jan 07 01:42:34  [debug] Affichage de la page en : 0.034 secondes !!
Jan 07 01:45:38  [debug] Execution de la requete : SELECT adh_id,adh_numero,adh_id_compte,adh_nom,adh_prenom,adh_courriel_principal,adh_courriel_secondaire,adh_telephone_principal,adh_telephone_secondaire,adh_adresse,adh_code_postal,adh_ville,adh_date_naissance,adh_date_adhesion,adh_date_maj,adh_commentaire,adh_etat
			FROM adh_adherent 
			WHERE adh_id = '1'
Jan 07 01:45:38  [info] Modification des informations du compte de l'Adhérent : 100704
Jan 07 01:45:38  [debug] Affichage de la page en : 0.034 secondes !!
Jan 07 01:45:38  [debug] Execution de la requete : SELECT adh_id,adh_numero,adh_id_compte,cpt_label,adh_nom,adh_prenom,adh_courriel_principal,adh_courriel_secondaire,adh_telephone_principal,adh_telephone_secondaire,adh_adresse,adh_code_postal,adh_ville,adh_date_naissance,adh_date_adhesion,adh_date_maj,adh_commentaire,cpt_solde,adh_etat
			FROM view_adherent 
			WHERE adh_id = '1'
Jan 07 01:45:38  [info] Affichage du formulaire de modification des informations de l'adhérent : 100704
Jan 07 01:45:38  [debug] Affichage de la page en : 0.032 secondes !!
Jan 07 01:46:57  [debug] Execution de la requete : SELECT adh_id,adh_numero,adh_id_compte,cpt_label,adh_nom,adh_prenom,adh_courriel_principal,adh_courriel_secondaire,adh_telephone_principal,adh_telephone_secondaire,adh_adresse,adh_code_postal,adh_ville,adh_date_naissance,adh_date_adhesion,adh_date_maj,adh_commentaire,cpt_solde,adh_etat
			FROM view_adherent 
			WHERE adh_id = '1'
Jan 07 01:46:57  [info] Affichage du formulaire de modification des informations de l'adhérent : 100704
Jan 07 01:46:57  [debug] Affichage de la page en : 0.036 secondes !!
Jan 07 01:47:06  [debug] Execution de la requete : SELECT adh_id,adh_numero,adh_id_compte,adh_nom,adh_prenom,adh_courriel_principal,adh_courriel_secondaire,adh_telephone_principal,adh_telephone_secondaire,adh_adresse,adh_code_postal,adh_ville,adh_date_naissance,adh_date_adhesion,adh_date_maj,adh_commentaire,adh_etat
			FROM adh_adherent 
			WHERE adh_id = '1'
Jan 07 01:47:06  [info] Modification des informations du compte de l'Adhérent : 100704
Jan 07 01:47:06  [debug] Affichage de la page en : 0.029 secondes !!
Jan 07 01:47:06  [debug] Execution de la requete : SELECT adh_id,adh_numero,adh_id_compte,cpt_label,adh_nom,adh_prenom,adh_courriel_principal,adh_courriel_secondaire,adh_telephone_principal,adh_telephone_secondaire,adh_adresse,adh_code_postal,adh_ville,adh_date_naissance,adh_date_adhesion,adh_date_maj,adh_commentaire,cpt_solde,adh_etat
			FROM view_adherent 
			WHERE adh_id = '1'
Jan 07 01:47:06  [info] Affichage du formulaire de modification des informations de l'adhérent : 100704
Jan 07 01:47:06  [debug] Affichage de la page en : 0.030 secondes !!
Jan 07 01:47:18  [debug] Execution de la requete : SELECT adh_id,adh_numero,adh_id_compte,adh_nom,adh_prenom,adh_courriel_principal,adh_courriel_secondaire,adh_telephone_principal,adh_telephone_secondaire,adh_adresse,adh_code_postal,adh_ville,adh_date_naissance,adh_date_adhesion,adh_date_maj,adh_commentaire,adh_etat
			FROM adh_adherent 
			WHERE adh_id = '1'
Jan 07 01:47:18  [info] Modification des informations du compte de l'Adhérent : 100704
Jan 07 01:47:18  [debug] Affichage de la page en : 0.029 secondes !!
Jan 07 01:47:18  [debug] Execution de la requete : SELECT adh_id,adh_numero,adh_id_compte,cpt_label,adh_nom,adh_prenom,adh_courriel_principal,adh_courriel_secondaire,adh_telephone_principal,adh_telephone_secondaire,adh_adresse,adh_code_postal,adh_ville,adh_date_naissance,adh_date_adhesion,adh_date_maj,adh_commentaire,cpt_solde,adh_etat
			FROM view_adherent 
			WHERE adh_id = '1'
Jan 07 01:47:18  [info] Affichage du formulaire de modification des informations de l'adhérent : 100704
Jan 07 01:47:18  [debug] Affichage de la page en : 0.030 secondes !!
Jan 07 01:47:32  [debug] Execution de la requete : SELECT adh_id,adh_numero,adh_id_compte,cpt_label,adh_nom,adh_prenom,adh_courriel_principal,adh_courriel_secondaire,adh_telephone_principal,adh_telephone_secondaire,adh_adresse,adh_code_postal,adh_ville,adh_date_naissance,adh_date_adhesion,adh_date_maj,adh_commentaire,cpt_solde,adh_etat
			FROM view_adherent 
			WHERE adh_id = '1'
Jan 07 01:47:32  [debug] Execution de la requete : SELECT ope_id_compte,ope_montant,ope_libelle,ope_date,com_date_marche_debut
			FROM view_operation_avenir 
			WHERE ope_id_compte = '31'
Jan 07 01:47:32  [debug] Execution de la requete : SELECT ope_id_compte,cpt_label,ope_montant,ope_libelle,ope_date,tpp_type,tpp_champ_complementaire,tpp_label_champ_complementaire,ope_type_paiement_champ_complementaire
			FROM view_operation_passee 
			WHERE ope_id_compte = '31'
Jan 07 01:47:32  [info] Affichage du compte de l'Adhérent : 100704
Jan 07 01:47:32  [debug] Affichage de la page en : 0.035 secondes !!
Jan 07 02:13:47  [debug] Execution de la requete : SELECT adh_id,adh_numero,adh_id_compte,cpt_label,adh_nom,adh_prenom,adh_courriel_principal,adh_courriel_secondaire,adh_telephone_principal,adh_telephone_secondaire,adh_adresse,adh_code_postal,adh_ville,adh_date_naissance,adh_date_adhesion,adh_date_maj,adh_commentaire,cpt_solde,adh_etat
			FROM view_adherent 
			WHERE adh_id = '1'
Jan 07 02:13:47  [debug] Execution de la requete : SELECT ope_id_compte,ope_montant,ope_libelle,ope_date,com_date_marche_debut
			FROM view_operation_avenir 
			WHERE ope_id_compte = '31'
Jan 07 02:13:47  [debug] Execution de la requete : SELECT ope_id_compte,cpt_label,ope_montant,ope_libelle,ope_date,tpp_type,tpp_champ_complementaire,tpp_label_champ_complementaire,ope_type_paiement_champ_complementaire
			FROM view_operation_passee 
			WHERE ope_id_compte = '31'
Jan 07 02:13:47  [info] Affichage du compte de l'Adhérent : 100704
Jan 07 02:13:47  [debug] Affichage de la page en : 0.032 secondes !!
