Jan 23 11:28:00  [info] Affichage du formulaire de connexion
Jan 23 11:28:00  [debug] Affichage de la page en : 0.401 secondes !!
Jan 23 11:28:04  [debug] Execution de la requete : SELECT ide_id,ide_id_login,ide_login,ide_pass,ide_type,ide_autorise FROM ide_identification WHERE(ide_login = 'Z1');
Jan 23 11:28:04  [debug] Execution de la requete : SELECT adh_id,adh_id_compte,mod_nom
			FROM view_identification 
			WHERE adh_id = '1'
Jan 23 11:28:05  [debug] Execution de la requete : INSERT INTO acc_acces
				(acc_id
				,acc_id_login
				,acc_type_login
				,acc_ip
				,acc_date_creation
				,acc_date_modification
				,acc_autorise)
			VALUES (NULL
				,'1'
				,'1'
				,'127.0.0.1'
				,'2012-01-23 11:28:05'
				,''
				,'1')
Jan 23 11:28:05  [info] Réussite de l'authentification pour l'utilisateur : 100773
Jan 23 11:28:05  [debug] Affichage de la page en : 0.678 secondes !!
Jan 23 11:28:06  [debug] Execution de la requete : SELECT adh_id,mod_id,mod_nom,mod_label,mod_admin
			FROM view_menu 
			WHERE adh_id = '1'
Jan 23 11:28:06  [debug] Execution de la requete : SELECT vue_id,vue_id_module,vue_nom,vue_label,vue_ordre,vue_visible FROM vue_vues WHERE(vue_id_module = '1') ORDER BY vue_ordre ASC;
Jan 23 11:28:07  [debug] Execution de la requete : SELECT vue_id,vue_id_module,vue_nom,vue_label,vue_ordre,vue_visible FROM vue_vues WHERE(vue_id_module = '3') ORDER BY vue_ordre ASC;
Jan 23 11:28:07  [info] Affichage de la vue Menu par le compte de l'Adhérent : 100773
Jan 23 11:28:07  [debug] Affichage de la page en : 0.301 secondes !!
Jan 23 11:28:07  [debug] Execution de la requete : SELECT adh_id,adh_numero,adh_id_compte,cpt_label,adh_nom,adh_prenom,adh_courriel_principal,adh_courriel_secondaire,adh_telephone_principal,adh_telephone_secondaire,adh_adresse,adh_code_postal,adh_ville,adh_date_naissance,adh_date_adhesion,adh_date_maj,adh_commentaire,cpt_solde,adh_etat
			FROM view_adherent 
			WHERE adh_id = '1'
Jan 23 11:28:07  [debug] Execution de la requete : SELECT ope_id_compte,ope_montant,ope_libelle,ope_date,com_date_marche_debut
			FROM view_operation_avenir 
			WHERE ope_id_compte = '31'
Jan 23 11:28:07  [debug] Execution de la requete : SELECT ope_id_compte,cpt_label,ope_montant,ope_libelle,ope_date,tpp_type,tpp_champ_complementaire,tpp_label_champ_complementaire,ope_type_paiement_champ_complementaire
			FROM view_operation_passee 
			WHERE ope_id_compte = '31'
Jan 23 11:28:07  [info] Affichage du compte de l'Adhérent : 100773
Jan 23 11:28:07  [debug] Affichage de la page en : 0.385 secondes !!
Jan 23 11:28:11  [debug] Execution de la requete : SELECT adh_id,mod_id,mod_nom,mod_label,mod_admin
			FROM view_menu 
			WHERE adh_id = '1'
Jan 23 11:28:11  [debug] Execution de la requete : SELECT vue_id,vue_id_module,vue_nom,vue_label,vue_ordre,vue_visible FROM vue_vues WHERE(vue_id_module = '4') ORDER BY vue_ordre ASC;
Jan 23 11:28:11  [debug] Execution de la requete : SELECT vue_id,vue_id_module,vue_nom,vue_label,vue_ordre,vue_visible FROM vue_vues WHERE(vue_id_module = '2') ORDER BY vue_ordre ASC;
Jan 23 11:28:11  [debug] Execution de la requete : SELECT vue_id,vue_id_module,vue_nom,vue_label,vue_ordre,vue_visible FROM vue_vues WHERE(vue_id_module = '5') ORDER BY vue_ordre ASC;
Jan 23 11:28:11  [debug] Execution de la requete : SELECT vue_id,vue_id_module,vue_nom,vue_label,vue_ordre,vue_visible FROM vue_vues WHERE(vue_id_module = '9') ORDER BY vue_ordre ASC;
Jan 23 11:28:11  [debug] Execution de la requete : SELECT vue_id,vue_id_module,vue_nom,vue_label,vue_ordre,vue_visible FROM vue_vues WHERE(vue_id_module = '6') ORDER BY vue_ordre ASC;
Jan 23 11:28:11  [debug] Execution de la requete : SELECT vue_id,vue_id_module,vue_nom,vue_label,vue_ordre,vue_visible FROM vue_vues WHERE(vue_id_module = '7') ORDER BY vue_ordre ASC;
Jan 23 11:28:11  [debug] Execution de la requete : SELECT vue_id,vue_id_module,vue_nom,vue_label,vue_ordre,vue_visible FROM vue_vues WHERE(vue_id_module = '8') ORDER BY vue_ordre ASC;
Jan 23 11:28:11  [info] Affichage de la vue Menu par le compte de l'Adhérent : 100773
Jan 23 11:28:11  [debug] Affichage de la page en : 0.067 secondes !!
Jan 23 11:28:14  [debug] Execution de la requete : SELECT mod_id,mod_nom,mod_label,mod_defaut,mod_ordre,mod_admin,mod_visible FROM mod_module WHERE(mod_visible = '1') ORDER BY mod_ordre ASC;
Jan 23 11:28:14  [info] Affichage du formulaire d'ajout d'adhérent par : 100773
Jan 23 11:28:14  [debug] Affichage de la page en : 0.075 secondes !!
Jan 23 11:28:46  [debug] Execution de la requete : SELECT mod_nom,mod_label,mod_defaut,mod_ordre,mod_admin,mod_visible 
					FROM mod_module 
					WHERE mod_id = '1'
Jan 23 11:28:46  [debug] Execution de la requete : SELECT mod_nom,mod_label,mod_defaut,mod_ordre,mod_admin,mod_visible 
					FROM mod_module 
					WHERE mod_id = '3'
Jan 23 11:28:46  [debug] Execution de la requete : SELECT cpt_id,cpt_label,cpt_solde FROM cpt_compte WHERE(cpt_label = '') ORDER BY cpt_id DESC;
Jan 23 11:28:46  [debug] Execution de la requete : INSERT INTO cpt_compte
				(cpt_id
				,cpt_label
				,cpt_solde)
			VALUES (NULL
				,''
				,'')
Jan 23 11:28:46  [debug] Execution de la requete : UPDATE cpt_compte
			 SET
				 cpt_label = 'C69'
				,cpt_solde = ''
			 WHERE cpt_id = '69'
Jan 23 11:28:46  [debug] Execution de la requete : INSERT INTO ope_operation
				(ope_id
				,ope_id_compte
				,ope_montant
				,ope_libelle
				,ope_date
				,ope_type_paiement
				,ope_type_paiement_champ_complementaire
				,ope_type
				,ope_id_commande)
			VALUES (NULL
				,'69'
				,'0'
				,'Création du compte'
				,'2012-01-23'
				,'-1'
				,''
				,'1'
				,'0')
Jan 23 11:28:46  [debug] Execution de la requete : INSERT INTO adh_adherent
				(adh_id
				,adh_numero
				,adh_id_compte
				,adh_nom
				,adh_prenom
				,adh_courriel_principal
				,adh_courriel_secondaire
				,adh_telephone_principal
				,adh_telephone_secondaire
				,adh_adresse
				,adh_code_postal
				,adh_ville
				,adh_date_naissance
				,adh_date_adhesion
				,adh_date_maj
				,adh_commentaire				
				,adh_etat)
				VALUES (NULL
					,''
					,'69'
					,'TEST'
					,'Test'
					,'guenillon@gmail.com'
					,''
					,''
					,''
					,''
					,''
					,''
					,'0000-00-00'
					,'2012-01-23'
					,'2012-01-23 11:28:46'
					,''
					,'1')
Jan 23 11:28:46  [debug] Execution de la requete : UPDATE adh_adherent 
			SET
				adh_numero = 'Z50'
				,adh_id_compte = '69'
				,adh_nom = 'TEST'
				,adh_prenom = 'Test'
				,adh_courriel_principal = 'guenillon@gmail.com'
				,adh_courriel_secondaire = ''
				,adh_telephone_principal = ''
				,adh_telephone_secondaire = ''
				,adh_adresse = ''
				,adh_code_postal = ''
				,adh_ville = ''
				,adh_date_naissance = '0000-00-00'
				,adh_date_adhesion = '2012-01-23'
				,adh_date_maj = '2012-01-23 11:28:46'
				,adh_commentaire = ''
				,adh_etat = '1'
			 WHERE adh_id = '50'
Jan 23 11:28:46  [debug] Execution de la requete : INSERT INTO aut_autorisation 
					(aut_id
					,aut_id_adherent
					,aut_id_module) 
				VALUES (NULL
					,'50'
					,'1')
Jan 23 11:28:46  [debug] Execution de la requete : INSERT INTO aut_autorisation 
					(aut_id
					,aut_id_adherent
					,aut_id_module) 
				VALUES (NULL
					,'50'
					,'3')
Jan 23 11:28:46  [debug] Execution de la requete : SELECT adh_id,adh_numero,adh_id_compte,adh_nom,adh_prenom,adh_courriel_principal,adh_courriel_secondaire,adh_telephone_principal,adh_telephone_secondaire,adh_adresse,adh_code_postal,adh_ville,adh_date_naissance,adh_date_adhesion,adh_date_maj,adh_commentaire,adh_etat
			FROM adh_adherent 
			WHERE adh_id = '50'
Jan 23 11:28:46  [debug] Execution de la requete : INSERT INTO ide_identification
				(ide_id
				,ide_id_login
				,ide_login
				,ide_pass
				,ide_type
				,ide_autorise)
			VALUES (NULL
				,'50'
				,'Z50'
				,'6ff499114f65890a517cba2fc1ae5a9d'
				,'1'
				,'1')
Jan 23 11:28:46  [info] Envoi du mail de création de l'adhérent par : 100773.
Jan 23 11:28:46  [info] Ajout de l'adhérent 50 par : 100773
Jan 23 11:28:46  [debug] Affichage de la page en : 0.263 secondes !!
Jan 23 11:28:50  [debug] Execution de la requete : SELECT adh_id,mod_id,mod_nom,mod_label,mod_admin
			FROM view_menu 
			WHERE adh_id = '1'
Jan 23 11:28:50  [debug] Execution de la requete : SELECT vue_id,vue_id_module,vue_nom,vue_label,vue_ordre,vue_visible FROM vue_vues WHERE(vue_id_module = '4') ORDER BY vue_ordre ASC;
Jan 23 11:28:50  [debug] Execution de la requete : SELECT vue_id,vue_id_module,vue_nom,vue_label,vue_ordre,vue_visible FROM vue_vues WHERE(vue_id_module = '2') ORDER BY vue_ordre ASC;
Jan 23 11:28:50  [debug] Execution de la requete : SELECT vue_id,vue_id_module,vue_nom,vue_label,vue_ordre,vue_visible FROM vue_vues WHERE(vue_id_module = '5') ORDER BY vue_ordre ASC;
Jan 23 11:28:50  [debug] Execution de la requete : SELECT vue_id,vue_id_module,vue_nom,vue_label,vue_ordre,vue_visible FROM vue_vues WHERE(vue_id_module = '9') ORDER BY vue_ordre ASC;
Jan 23 11:28:50  [debug] Execution de la requete : SELECT vue_id,vue_id_module,vue_nom,vue_label,vue_ordre,vue_visible FROM vue_vues WHERE(vue_id_module = '6') ORDER BY vue_ordre ASC;
Jan 23 11:28:50  [debug] Execution de la requete : SELECT vue_id,vue_id_module,vue_nom,vue_label,vue_ordre,vue_visible FROM vue_vues WHERE(vue_id_module = '7') ORDER BY vue_ordre ASC;
Jan 23 11:28:50  [debug] Execution de la requete : SELECT vue_id,vue_id_module,vue_nom,vue_label,vue_ordre,vue_visible FROM vue_vues WHERE(vue_id_module = '8') ORDER BY vue_ordre ASC;
Jan 23 11:28:50  [info] Affichage de la vue Menu par le compte de l'Adhérent : 100773
Jan 23 11:28:50  [debug] Affichage de la page en : 0.032 secondes !!
Jan 23 11:28:57  [debug] Execution de la requete : SELECT adh_id,adh_numero,adh_nom,adh_prenom,adh_courriel_principal,cpt_solde,cpt_label
			FROM view_liste_adherent
Jan 23 11:28:57  [info] Affichage de la liste des adhérents par : 100773
Jan 23 11:28:57  [debug] Affichage de la page en : 0.089 secondes !!
Jan 23 11:29:01  [debug] Execution de la requete : SELECT adh_id,adh_numero,adh_id_compte,cpt_label,adh_nom,adh_prenom,adh_courriel_principal,adh_courriel_secondaire,adh_telephone_principal,adh_telephone_secondaire,adh_adresse,adh_code_postal,adh_ville,adh_date_naissance,adh_date_adhesion,adh_date_maj,adh_commentaire,cpt_solde,adh_etat
			FROM view_adherent 
			WHERE adh_id = '50'
Jan 23 11:29:01  [debug] Execution de la requete : SELECT aut_id,aut_id_adherent,aut_id_module FROM aut_autorisation WHERE(aut_id_adherent = '50') ORDER BY aut_id_adherent ASC;
Jan 23 11:29:01  [debug] Execution de la requete : SELECT ope_id_compte,ope_montant,ope_libelle,ope_date,com_date_marche_debut
			FROM view_operation_avenir 
			WHERE ope_id_compte = '69'
Jan 23 11:29:01  [debug] Execution de la requete : SELECT ope_id_compte,cpt_label,ope_montant,ope_libelle,ope_date,tpp_type,tpp_champ_complementaire,tpp_label_champ_complementaire,ope_type_paiement_champ_complementaire
			FROM view_operation_passee 
			WHERE ope_id_compte = '69'
Jan 23 11:29:01  [debug] Execution de la requete : SELECT mod_id,mod_nom,mod_label,mod_defaut,mod_ordre,mod_admin,mod_visible 
					FROM mod_module 
					ORDER BY mod_module.mod_ordre ASC
Jan 23 11:29:01  [debug] Execution de la requete : SELECT tpp_id,tpp_type,tpp_champ_complementaire,tpp_label_champ_complementaire,tpp_visible
			FROM tpp_type_paiement
Jan 23 11:29:01  [info] Affichage du compte de l'adhérent par : 100773
Jan 23 11:29:01  [debug] Affichage de la page en : 0.057 secondes !!
Jan 23 11:29:02  [debug] Execution de la requete : SELECT adh_id,adh_numero,adh_id_compte,cpt_label,adh_nom,adh_prenom,adh_courriel_principal,adh_courriel_secondaire,adh_telephone_principal,adh_telephone_secondaire,adh_adresse,adh_code_postal,adh_ville,adh_date_naissance,adh_date_adhesion,adh_date_maj,adh_commentaire,cpt_solde,adh_etat
			FROM view_adherent 
			WHERE adh_id = '50'
Jan 23 11:29:02  [debug] Execution de la requete : SELECT adh_id,adh_numero,adh_id_compte,adh_nom,adh_prenom,adh_courriel_principal,adh_courriel_secondaire,adh_telephone_principal,adh_telephone_secondaire,adh_adresse,adh_code_postal,adh_ville,adh_date_naissance,adh_date_adhesion,adh_date_maj,adh_commentaire,adh_etat
			FROM adh_adherent 
			WHERE adh_id = '50'
Jan 23 11:29:02  [debug] Execution de la requete : SELECT aut_id,aut_id_adherent,aut_id_module FROM aut_autorisation WHERE(aut_id_adherent = '50') ORDER BY aut_id_adherent ASC;
Jan 23 11:29:02  [debug] Execution de la requete : SELECT mod_id,mod_nom,mod_label,mod_defaut,mod_ordre,mod_admin,mod_visible FROM mod_module WHERE(mod_visible = '1') ORDER BY mod_ordre ASC;
Jan 23 11:29:02  [info] Affichage de la vue modification de l'adhérent par : 100773
Jan 23 11:29:02  [debug] Affichage de la page en : 0.076 secondes !!
Jan 23 17:29:29  [info] Affichage du formulaire de connexion
Jan 23 17:29:29  [debug] Affichage de la page en : 0.713 secondes !!
Jan 23 17:29:50  [debug] Execution de la requete : SELECT ide_id,ide_id_login,ide_login,ide_pass,ide_type,ide_autorise FROM ide_identification WHERE(ide_login = 'Z1');
Jan 23 17:29:50  [debug] Execution de la requete : SELECT adh_id,adh_id_compte,mod_nom
			FROM view_identification 
			WHERE adh_id = '1'
Jan 23 17:29:50  [debug] Execution de la requete : INSERT INTO acc_acces
				(acc_id
				,acc_id_login
				,acc_type_login
				,acc_ip
				,acc_date_creation
				,acc_date_modification
				,acc_autorise)
			VALUES (NULL
				,'1'
				,'1'
				,'127.0.0.1'
				,'2012-01-23 17:29:50'
				,''
				,'1')
Jan 23 17:29:50  [info] Réussite de l'authentification pour l'utilisateur : 100774
Jan 23 17:29:50  [debug] Affichage de la page en : 0.512 secondes !!
Jan 23 17:29:52  [debug] Execution de la requete : SELECT adh_id,mod_id,mod_nom,mod_label,mod_admin
			FROM view_menu 
			WHERE adh_id = '1'
Jan 23 17:29:52  [debug] Execution de la requete : SELECT vue_id,vue_id_module,vue_nom,vue_label,vue_ordre,vue_visible FROM vue_vues WHERE(vue_id_module = '1') ORDER BY vue_ordre ASC;
Jan 23 17:29:52  [debug] Execution de la requete : SELECT vue_id,vue_id_module,vue_nom,vue_label,vue_ordre,vue_visible FROM vue_vues WHERE(vue_id_module = '3') ORDER BY vue_ordre ASC;
Jan 23 17:29:52  [info] Affichage de la vue Menu par le compte de l'Adhérent : 100774
Jan 23 17:29:52  [debug] Affichage de la page en : 0.138 secondes !!
Jan 23 17:29:52  [debug] Execution de la requete : SELECT adh_id,adh_numero,adh_id_compte,cpt_label,adh_nom,adh_prenom,adh_courriel_principal,adh_courriel_secondaire,adh_telephone_principal,adh_telephone_secondaire,adh_adresse,adh_code_postal,adh_ville,adh_date_naissance,adh_date_adhesion,adh_date_maj,adh_commentaire,cpt_solde,adh_etat
			FROM view_adherent 
			WHERE adh_id = '1'
Jan 23 17:29:52  [debug] Execution de la requete : SELECT ope_id_compte,ope_montant,ope_libelle,ope_date,com_date_marche_debut
			FROM view_operation_avenir 
			WHERE ope_id_compte = '31'
Jan 23 17:29:52  [debug] Execution de la requete : SELECT ope_id_compte,cpt_label,ope_montant,ope_libelle,ope_date,tpp_type,tpp_champ_complementaire,tpp_label_champ_complementaire,ope_type_paiement_champ_complementaire
			FROM view_operation_passee 
			WHERE ope_id_compte = '31'
Jan 23 17:29:52  [info] Affichage du compte de l'Adhérent : 100774
Jan 23 17:29:52  [debug] Affichage de la page en : 0.350 secondes !!
Jan 23 17:29:53  [debug] Execution de la requete : SELECT adh_id,mod_id,mod_nom,mod_label,mod_admin
			FROM view_menu 
			WHERE adh_id = '1'
Jan 23 17:29:53  [debug] Execution de la requete : SELECT vue_id,vue_id_module,vue_nom,vue_label,vue_ordre,vue_visible FROM vue_vues WHERE(vue_id_module = '4') ORDER BY vue_ordre ASC;
Jan 23 17:29:53  [debug] Execution de la requete : SELECT vue_id,vue_id_module,vue_nom,vue_label,vue_ordre,vue_visible FROM vue_vues WHERE(vue_id_module = '2') ORDER BY vue_ordre ASC;
Jan 23 17:29:53  [debug] Execution de la requete : SELECT vue_id,vue_id_module,vue_nom,vue_label,vue_ordre,vue_visible FROM vue_vues WHERE(vue_id_module = '5') ORDER BY vue_ordre ASC;
Jan 23 17:29:53  [debug] Execution de la requete : SELECT vue_id,vue_id_module,vue_nom,vue_label,vue_ordre,vue_visible FROM vue_vues WHERE(vue_id_module = '9') ORDER BY vue_ordre ASC;
Jan 23 17:29:53  [debug] Execution de la requete : SELECT vue_id,vue_id_module,vue_nom,vue_label,vue_ordre,vue_visible FROM vue_vues WHERE(vue_id_module = '6') ORDER BY vue_ordre ASC;
Jan 23 17:29:53  [debug] Execution de la requete : SELECT vue_id,vue_id_module,vue_nom,vue_label,vue_ordre,vue_visible FROM vue_vues WHERE(vue_id_module = '7') ORDER BY vue_ordre ASC;
Jan 23 17:29:53  [debug] Execution de la requete : SELECT vue_id,vue_id_module,vue_nom,vue_label,vue_ordre,vue_visible FROM vue_vues WHERE(vue_id_module = '8') ORDER BY vue_ordre ASC;
Jan 23 17:29:53  [info] Affichage de la vue Menu par le compte de l'Adhérent : 100774
Jan 23 17:29:53  [debug] Affichage de la page en : 0.048 secondes !!
Jan 23 17:30:39  [debug] Execution de la requete : SELECT fer_id,fer_numero,cpt_label,fer_nom,fer_id_compte
			FROM view_liste_ferme
Jan 23 17:30:40  [info] Affichage de la liste des fermes par : 100774
Jan 23 17:30:40  [debug] Affichage de la page en : 0.198 secondes !!
Jan 23 17:30:41  [debug] Execution de la requete : SELECT fer_id,fer_numero,fer_nom,fer_id_compte,fer_siren,fer_adresse,fer_code_postal,fer_ville,fer_date_adhesion,fer_description,fer_etat
			FROM fer_ferme 
			WHERE fer_id = '7'
Jan 23 17:30:41  [debug] Execution de la requete : SELECT fer_id,fer_numero,cpt_label,fer_nom,fer_siren,fer_adresse,fer_code_postal,fer_ville,fer_date_adhesion,fer_description,fer_id_compte
			FROM view_ferme 
			WHERE fer_id = '7'
Jan 23 17:30:41  [debug] Execution de la requete : SELECT ope_id_compte,cpt_label,ope_montant,ope_libelle,ope_date,tpp_type,tpp_champ_complementaire,tpp_label_champ_complementaire,ope_type_paiement_champ_complementaire
			FROM view_operation_passee 
			WHERE ope_id_compte = '67'
Jan 23 17:30:41  [debug] Execution de la requete : SELECT tpp_id,tpp_type,tpp_champ_complementaire,tpp_label_champ_complementaire,tpp_visible
			FROM tpp_type_paiement
Jan 23 17:30:41  [info] Affichage des information sur une fermes par : 100774
Jan 23 17:30:41  [debug] Affichage de la page en : 0.102 secondes !!
Jan 23 17:30:44  [debug] Execution de la requete : SELECT fer_id,fer_numero,fer_nom,fer_id_compte,fer_siren,fer_adresse,fer_code_postal,fer_ville,fer_date_adhesion,fer_description,fer_etat
			FROM fer_ferme 
			WHERE fer_id = '7'
Jan 23 17:30:44  [debug] Execution de la requete : SELECT cpro_id,cpro_nom
			FROM view_liste_categorie_produit
Jan 23 17:30:44  [debug] Execution de la requete : SELECT npro_id_ferme,npro_id,npro_nom,cpro_nom,cpro_id
			FROM view_liste_nom_produit 
			WHERE npro_id_ferme = '7'
Jan 23 17:30:44  [info] Affichage de la vue CatalogueFerme par l'Adhérent : 100774
Jan 23 17:30:44  [debug] Affichage de la page en : 0.608 secondes !!
Jan 23 17:30:47  [debug] Execution de la requete : SELECT npro_id,npro_nom,npro_description,npro_id_categorie,npro_id_ferme,npro_etat
			FROM npro_nom_produit 
			WHERE npro_id = '34'
Jan 23 17:30:47  [debug] Execution de la requete : SELECT npro_id,npro_id_ferme,cpro_nom,npro_nom,npro_description,cpro_id
			FROM view_nom_produit 
			WHERE npro_id = '34'
Jan 23 17:30:47  [debug] Execution de la requete : SELECT nprdt_id_nom_produit,prdt_id,prdt_nom,prdt_prenom,prdt_commentaire,nprdt_id
			FROM view_nom_produit_producteur 
			WHERE nprdt_id_nom_produit = '34'
Jan 23 17:30:47  [debug] Execution de la requete : SELECT carpro_id_nom_produit,car_id,car_nom,car_description,carpro_id
			FROM view_caracteristique_produit 
			WHERE carpro_id_nom_produit = '34'
Jan 23 17:30:47  [debug] Execution de la requete : SELECT mlot_id,mlot_id_nom_produit,mlot_quantite,mlot_unite,mlot_prix
			FROM view_modele_lot 
			WHERE mlot_id_nom_produit = '34'
Jan 23 17:30:47  [info] Affichage de la vue Detail Produit par l'Adhérent : 100774
Jan 23 17:30:47  [debug] Affichage de la page en : 0.098 secondes !!
Jan 23 17:30:51  [debug] Execution de la requete : SELECT npro_id,npro_nom,npro_description,npro_id_categorie,npro_id_ferme,npro_etat
			FROM npro_nom_produit 
			WHERE npro_id = '34'
Jan 23 17:30:51  [debug] Execution de la requete : SELECT npro_id,npro_id_ferme,cpro_nom,npro_nom,npro_description,cpro_id
			FROM view_nom_produit 
			WHERE npro_id = '34'
Jan 23 17:30:51  [debug] Execution de la requete : SELECT nprdt_id_nom_produit,prdt_id,prdt_nom,prdt_prenom,prdt_commentaire,nprdt_id
			FROM view_nom_produit_producteur 
			WHERE nprdt_id_nom_produit = '34'
Jan 23 17:30:51  [debug] Execution de la requete : SELECT carpro_id_nom_produit,car_id,car_nom,car_description,carpro_id
			FROM view_caracteristique_produit 
			WHERE carpro_id_nom_produit = '34'
Jan 23 17:30:51  [debug] Execution de la requete : SELECT mlot_id,mlot_id_nom_produit,mlot_quantite,mlot_unite,mlot_prix
			FROM view_modele_lot 
			WHERE mlot_id_nom_produit = '34'
Jan 23 17:30:51  [debug] Execution de la requete : SELECT prdt_id_ferme,prdt_id,prdt_numero,prdt_nom,prdt_prenom,prdt_courriel_principal,prdt_telephone_principal
			FROM view_liste_producteur 
			WHERE prdt_id_ferme = '7'
Jan 23 17:30:51  [debug] Execution de la requete : SELECT car_id,car_nom
			FROM view_liste_caracteristique
Jan 23 17:30:51  [info] Demande des infos pour le formulaire de modification de produit par l'Adhérent : 100774
Jan 23 17:30:51  [debug] Affichage de la page en : 0.041 secondes !!
Jan 23 17:30:55  [debug] Execution de la requete : SELECT npro_id,npro_nom,npro_description,npro_id_categorie,npro_id_ferme,npro_etat
			FROM npro_nom_produit 
			WHERE npro_id = '34'
Jan 23 17:30:55  [debug] Execution de la requete : SELECT fer_id,fer_numero,fer_nom,fer_id_compte,fer_siren,fer_adresse,fer_code_postal,fer_ville,fer_date_adhesion,fer_description,fer_etat
			FROM fer_ferme 
			WHERE fer_id = '7'
Jan 23 17:30:55  [debug] Execution de la requete : SELECT cpro_id,cpro_nom,cpro_description,cpro_etat
			FROM cpro_categorie_produit 
			WHERE cpro_id = '12'
Jan 23 17:30:55  [debug] Execution de la requete : SELECT prdt_id,prdt_id_ferme,prdt_numero,prdt_nom,prdt_prenom,prdt_courriel_principal,prdt_courriel_secondaire,prdt_telephone_principal,prdt_telephone_secondaire,prdt_adresse,prdt_code_postal,prdt_ville,prdt_date_naissance,prdt_date_creation,prdt_date_maj,prdt_commentaire,prdt_etat
			FROM prdt_producteur 
			WHERE prdt_id = '12'
Jan 23 17:30:55  [debug] Execution de la requete : SELECT car_id,car_nom,car_description,car_etat
			FROM car_caracteristique 
			WHERE car_id = '1'
Jan 23 17:30:55  [debug] Execution de la requete : SELECT mlot_id,mlot_id_nom_produit,mlot_quantite,mlot_unite,mlot_prix,mlot_etat
			FROM mlot_modele_lot 
			WHERE mlot_id = '16'
Jan 23 17:30:55  [debug] Execution de la requete : SELECT npro_id,npro_nom,npro_description,npro_id_categorie,npro_id_ferme,npro_etat
			FROM npro_nom_produit 
			WHERE npro_id = '34'
Jan 23 17:30:55  [debug] Execution de la requete : UPDATE npro_nom_produit
			 SET
				 npro_nom = 'A sandra chocolat'
				,npro_description = 'miam miam'
				,npro_id_categorie = '12'
				,npro_id_ferme = '7'
				,npro_etat = '0'
			 WHERE npro_id = '34'
Jan 23 17:30:55  [debug] Execution de la requete : SELECT nprdt_id_nom_produit,prdt_id,prdt_nom,prdt_prenom,prdt_commentaire,nprdt_id
			FROM view_nom_produit_producteur 
			WHERE nprdt_id_nom_produit = '34'
Jan 23 17:30:55  [debug] Execution de la requete : SELECT carpro_id_nom_produit,car_id,car_nom,car_description,carpro_id
			FROM view_caracteristique_produit 
			WHERE carpro_id_nom_produit = '34'
Jan 23 17:30:55  [debug] Execution de la requete : UPDATE carpro_caracteristique_produit
				 SET carpro_etat = '1'
				 WHERE carpro_id in ('');
Jan 23 17:30:55  [debug] Execution de la requete : INSERT INTO carpro_caracteristique_produit
				(carpro_id
				,carpro_id_nom_produit
				,carpro_id_caracteristique
				,carpro_etat)
			VALUES (NULL
					,'34'
					,'1'
					,'0');
Jan 23 17:30:55  [debug] Execution de la requete : SELECT mlot_id,mlot_id_nom_produit,mlot_quantite,mlot_unite,mlot_prix
			FROM view_modele_lot 
			WHERE mlot_id_nom_produit = '34'
Jan 23 17:30:55  [debug] Execution de la requete : UPDATE mlot_modele_lot
			 SET
				 mlot_id_nom_produit = '34'
				,mlot_quantite = '100.00'
				,mlot_unite = 'g'
				,mlot_prix = '2.00'
				,mlot_etat = '0'
			 WHERE mlot_id = '16'
Jan 23 17:30:55  [info] Modification de produit par l'Adhérent : 100774
Jan 23 17:30:55  [debug] Affichage de la page en : 0.045 secondes !!
Jan 23 17:30:55  [debug] Execution de la requete : SELECT fer_id,fer_numero,fer_nom,fer_id_compte,fer_siren,fer_adresse,fer_code_postal,fer_ville,fer_date_adhesion,fer_description,fer_etat
			FROM fer_ferme 
			WHERE fer_id = '7'
Jan 23 17:30:55  [debug] Execution de la requete : SELECT npro_id_ferme,npro_id,npro_nom,cpro_nom,cpro_id
			FROM view_liste_nom_produit 
			WHERE npro_id_ferme = '7'
Jan 23 17:30:55  [info] Affichage de la vue  Liste Produit par l'Adhérent : 100774
Jan 23 17:30:55  [debug] Affichage de la page en : 0.035 secondes !!
Jan 23 17:30:57  [debug] Execution de la requete : SELECT npro_id,npro_nom,npro_description,npro_id_categorie,npro_id_ferme,npro_etat
			FROM npro_nom_produit 
			WHERE npro_id = '34'
Jan 23 17:30:57  [debug] Execution de la requete : SELECT npro_id,npro_id_ferme,cpro_nom,npro_nom,npro_description,cpro_id
			FROM view_nom_produit 
			WHERE npro_id = '34'
Jan 23 17:30:57  [debug] Execution de la requete : SELECT nprdt_id_nom_produit,prdt_id,prdt_nom,prdt_prenom,prdt_commentaire,nprdt_id
			FROM view_nom_produit_producteur 
			WHERE nprdt_id_nom_produit = '34'
Jan 23 17:30:57  [debug] Execution de la requete : SELECT carpro_id_nom_produit,car_id,car_nom,car_description,carpro_id
			FROM view_caracteristique_produit 
			WHERE carpro_id_nom_produit = '34'
Jan 23 17:30:57  [debug] Execution de la requete : SELECT mlot_id,mlot_id_nom_produit,mlot_quantite,mlot_unite,mlot_prix
			FROM view_modele_lot 
			WHERE mlot_id_nom_produit = '34'
Jan 23 17:30:57  [info] Affichage de la vue Detail Produit par l'Adhérent : 100774
Jan 23 17:30:57  [debug] Affichage de la page en : 0.039 secondes !!
Jan 23 17:31:01  [debug] Execution de la requete : SELECT npro_id,npro_nom,npro_description,npro_id_categorie,npro_id_ferme,npro_etat
			FROM npro_nom_produit 
			WHERE npro_id = '34'
Jan 23 17:31:01  [debug] Execution de la requete : SELECT npro_id,npro_id_ferme,cpro_nom,npro_nom,npro_description,cpro_id
			FROM view_nom_produit 
			WHERE npro_id = '34'
Jan 23 17:31:01  [debug] Execution de la requete : SELECT nprdt_id_nom_produit,prdt_id,prdt_nom,prdt_prenom,prdt_commentaire,nprdt_id
			FROM view_nom_produit_producteur 
			WHERE nprdt_id_nom_produit = '34'
Jan 23 17:31:01  [debug] Execution de la requete : SELECT carpro_id_nom_produit,car_id,car_nom,car_description,carpro_id
			FROM view_caracteristique_produit 
			WHERE carpro_id_nom_produit = '34'
Jan 23 17:31:01  [debug] Execution de la requete : SELECT mlot_id,mlot_id_nom_produit,mlot_quantite,mlot_unite,mlot_prix
			FROM view_modele_lot 
			WHERE mlot_id_nom_produit = '34'
Jan 23 17:31:01  [debug] Execution de la requete : SELECT prdt_id_ferme,prdt_id,prdt_numero,prdt_nom,prdt_prenom,prdt_courriel_principal,prdt_telephone_principal
			FROM view_liste_producteur 
			WHERE prdt_id_ferme = '7'
Jan 23 17:31:01  [debug] Execution de la requete : SELECT car_id,car_nom
			FROM view_liste_caracteristique
Jan 23 17:31:01  [info] Demande des infos pour le formulaire de modification de produit par l'Adhérent : 100774
Jan 23 17:31:01  [debug] Affichage de la page en : 0.041 secondes !!
Jan 23 17:31:06  [debug] Execution de la requete : SELECT npro_id,npro_nom,npro_description,npro_id_categorie,npro_id_ferme,npro_etat
			FROM npro_nom_produit 
			WHERE npro_id = '34'
Jan 23 17:31:06  [debug] Execution de la requete : SELECT fer_id,fer_numero,fer_nom,fer_id_compte,fer_siren,fer_adresse,fer_code_postal,fer_ville,fer_date_adhesion,fer_description,fer_etat
			FROM fer_ferme 
			WHERE fer_id = '7'
Jan 23 17:31:06  [debug] Execution de la requete : SELECT cpro_id,cpro_nom,cpro_description,cpro_etat
			FROM cpro_categorie_produit 
			WHERE cpro_id = '12'
Jan 23 17:31:06  [debug] Execution de la requete : SELECT prdt_id,prdt_id_ferme,prdt_numero,prdt_nom,prdt_prenom,prdt_courriel_principal,prdt_courriel_secondaire,prdt_telephone_principal,prdt_telephone_secondaire,prdt_adresse,prdt_code_postal,prdt_ville,prdt_date_naissance,prdt_date_creation,prdt_date_maj,prdt_commentaire,prdt_etat
			FROM prdt_producteur 
			WHERE prdt_id = '12'
Jan 23 17:31:06  [debug] Execution de la requete : SELECT car_id,car_nom,car_description,car_etat
			FROM car_caracteristique 
			WHERE car_id = '1'
Jan 23 17:31:06  [debug] Execution de la requete : SELECT mlot_id,mlot_id_nom_produit,mlot_quantite,mlot_unite,mlot_prix,mlot_etat
			FROM mlot_modele_lot 
			WHERE mlot_id = '16'
Jan 23 17:31:06  [debug] Execution de la requete : SELECT npro_id,npro_nom,npro_description,npro_id_categorie,npro_id_ferme,npro_etat
			FROM npro_nom_produit 
			WHERE npro_id = '34'
Jan 23 17:31:06  [debug] Execution de la requete : UPDATE npro_nom_produit
			 SET
				 npro_nom = 'A sandra chocolat'
				,npro_description = 'miam miam'
				,npro_id_categorie = '12'
				,npro_id_ferme = '7'
				,npro_etat = '0'
			 WHERE npro_id = '34'
Jan 23 17:31:06  [debug] Execution de la requete : SELECT nprdt_id_nom_produit,prdt_id,prdt_nom,prdt_prenom,prdt_commentaire,nprdt_id
			FROM view_nom_produit_producteur 
			WHERE nprdt_id_nom_produit = '34'
Jan 23 17:31:06  [debug] Execution de la requete : SELECT carpro_id_nom_produit,car_id,car_nom,car_description,carpro_id
			FROM view_caracteristique_produit 
			WHERE carpro_id_nom_produit = '34'
Jan 23 17:31:06  [debug] Execution de la requete : INSERT INTO carpro_caracteristique_produit
				(carpro_id
				,carpro_id_nom_produit
				,carpro_id_caracteristique
				,carpro_etat)
			VALUES (NULL
					,'34'
					,'1'
					,'0');
Jan 23 17:31:06  [debug] Execution de la requete : SELECT mlot_id,mlot_id_nom_produit,mlot_quantite,mlot_unite,mlot_prix
			FROM view_modele_lot 
			WHERE mlot_id_nom_produit = '34'
Jan 23 17:31:06  [debug] Execution de la requete : UPDATE mlot_modele_lot
			 SET
				 mlot_id_nom_produit = '34'
				,mlot_quantite = '100.00'
				,mlot_unite = 'g'
				,mlot_prix = '2.00'
				,mlot_etat = '0'
			 WHERE mlot_id = '16'
Jan 23 17:31:06  [info] Modification de produit par l'Adhérent : 100774
Jan 23 17:31:06  [debug] Affichage de la page en : 0.043 secondes !!
Jan 23 17:31:06  [debug] Execution de la requete : SELECT fer_id,fer_numero,fer_nom,fer_id_compte,fer_siren,fer_adresse,fer_code_postal,fer_ville,fer_date_adhesion,fer_description,fer_etat
			FROM fer_ferme 
			WHERE fer_id = '7'
Jan 23 17:31:06  [debug] Execution de la requete : SELECT npro_id_ferme,npro_id,npro_nom,cpro_nom,cpro_id
			FROM view_liste_nom_produit 
			WHERE npro_id_ferme = '7'
Jan 23 17:31:06  [info] Affichage de la vue  Liste Produit par l'Adhérent : 100774
Jan 23 17:31:06  [debug] Affichage de la page en : 0.035 secondes !!
Jan 23 17:31:07  [debug] Execution de la requete : SELECT npro_id,npro_nom,npro_description,npro_id_categorie,npro_id_ferme,npro_etat
			FROM npro_nom_produit 
			WHERE npro_id = '34'
Jan 23 17:31:07  [debug] Execution de la requete : SELECT npro_id,npro_id_ferme,cpro_nom,npro_nom,npro_description,cpro_id
			FROM view_nom_produit 
			WHERE npro_id = '34'
Jan 23 17:31:07  [debug] Execution de la requete : SELECT nprdt_id_nom_produit,prdt_id,prdt_nom,prdt_prenom,prdt_commentaire,nprdt_id
			FROM view_nom_produit_producteur 
			WHERE nprdt_id_nom_produit = '34'
Jan 23 17:31:07  [debug] Execution de la requete : SELECT carpro_id_nom_produit,car_id,car_nom,car_description,carpro_id
			FROM view_caracteristique_produit 
			WHERE carpro_id_nom_produit = '34'
Jan 23 17:31:07  [debug] Execution de la requete : SELECT mlot_id,mlot_id_nom_produit,mlot_quantite,mlot_unite,mlot_prix
			FROM view_modele_lot 
			WHERE mlot_id_nom_produit = '34'
Jan 23 17:31:07  [info] Affichage de la vue Detail Produit par l'Adhérent : 100774
Jan 23 17:31:07  [debug] Affichage de la page en : 0.041 secondes !!
Jan 23 17:54:59  [debug] Execution de la requete : SELECT npro_id,npro_nom,npro_description,npro_id_categorie,npro_id_ferme,npro_etat
			FROM npro_nom_produit 
			WHERE npro_id = '34'
Jan 23 17:54:59  [debug] Execution de la requete : SELECT npro_id,npro_id_ferme,cpro_nom,npro_nom,npro_description,cpro_id
			FROM view_nom_produit 
			WHERE npro_id = '34'
Jan 23 17:54:59  [debug] Execution de la requete : SELECT nprdt_id_nom_produit,prdt_id,prdt_nom,prdt_prenom,prdt_commentaire,nprdt_id
			FROM view_nom_produit_producteur 
			WHERE nprdt_id_nom_produit = '34'
Jan 23 17:54:59  [debug] Execution de la requete : SELECT carpro_id_nom_produit,car_id,car_nom,car_description,carpro_id
			FROM view_caracteristique_produit 
			WHERE carpro_id_nom_produit = '34'
Jan 23 17:54:59  [debug] Execution de la requete : SELECT mlot_id,mlot_id_nom_produit,mlot_quantite,mlot_unite,mlot_prix
			FROM view_modele_lot 
			WHERE mlot_id_nom_produit = '34'
Jan 23 17:54:59  [info] Affichage de la vue Detail Produit par l'Adhérent : 100774
Jan 23 17:54:59  [debug] Affichage de la page en : 0.044 secondes !!
Jan 23 17:55:03  [debug] Execution de la requete : SELECT npro_id,npro_nom,npro_description,npro_id_categorie,npro_id_ferme,npro_etat
			FROM npro_nom_produit 
			WHERE npro_id = '34'
Jan 23 17:55:03  [debug] Execution de la requete : SELECT npro_id,npro_id_ferme,cpro_nom,npro_nom,npro_description,cpro_id
			FROM view_nom_produit 
			WHERE npro_id = '34'
Jan 23 17:55:03  [debug] Execution de la requete : SELECT nprdt_id_nom_produit,prdt_id,prdt_nom,prdt_prenom,prdt_commentaire,nprdt_id
			FROM view_nom_produit_producteur 
			WHERE nprdt_id_nom_produit = '34'
Jan 23 17:55:03  [debug] Execution de la requete : SELECT carpro_id_nom_produit,car_id,car_nom,car_description,carpro_id
			FROM view_caracteristique_produit 
			WHERE carpro_id_nom_produit = '34'
Jan 23 17:55:03  [debug] Execution de la requete : SELECT mlot_id,mlot_id_nom_produit,mlot_quantite,mlot_unite,mlot_prix
			FROM view_modele_lot 
			WHERE mlot_id_nom_produit = '34'
Jan 23 17:55:03  [debug] Execution de la requete : SELECT prdt_id_ferme,prdt_id,prdt_numero,prdt_nom,prdt_prenom,prdt_courriel_principal,prdt_telephone_principal
			FROM view_liste_producteur 
			WHERE prdt_id_ferme = '7'
Jan 23 17:55:03  [debug] Execution de la requete : SELECT car_id,car_nom
			FROM view_liste_caracteristique
Jan 23 17:55:03  [info] Demande des infos pour le formulaire de modification de produit par l'Adhérent : 100774
Jan 23 17:55:03  [debug] Affichage de la page en : 0.046 secondes !!
Jan 23 17:55:08  [debug] Execution de la requete : SELECT npro_id,npro_nom,npro_description,npro_id_categorie,npro_id_ferme,npro_etat
			FROM npro_nom_produit 
			WHERE npro_id = '34'
Jan 23 17:55:08  [debug] Execution de la requete : SELECT fer_id,fer_numero,fer_nom,fer_id_compte,fer_siren,fer_adresse,fer_code_postal,fer_ville,fer_date_adhesion,fer_description,fer_etat
			FROM fer_ferme 
			WHERE fer_id = '7'
Jan 23 17:55:08  [debug] Execution de la requete : SELECT cpro_id,cpro_nom,cpro_description,cpro_etat
			FROM cpro_categorie_produit 
			WHERE cpro_id = '12'
Jan 23 17:55:08  [debug] Execution de la requete : SELECT prdt_id,prdt_id_ferme,prdt_numero,prdt_nom,prdt_prenom,prdt_courriel_principal,prdt_courriel_secondaire,prdt_telephone_principal,prdt_telephone_secondaire,prdt_adresse,prdt_code_postal,prdt_ville,prdt_date_naissance,prdt_date_creation,prdt_date_maj,prdt_commentaire,prdt_etat
			FROM prdt_producteur 
			WHERE prdt_id = '12'
Jan 23 17:55:08  [debug] Execution de la requete : SELECT mlot_id,mlot_id_nom_produit,mlot_quantite,mlot_unite,mlot_prix,mlot_etat
			FROM mlot_modele_lot 
			WHERE mlot_id = '16'
Jan 23 17:55:08  [debug] Execution de la requete : SELECT npro_id,npro_nom,npro_description,npro_id_categorie,npro_id_ferme,npro_etat
			FROM npro_nom_produit 
			WHERE npro_id = '34'
Jan 23 17:55:08  [debug] Execution de la requete : UPDATE npro_nom_produit
			 SET
				 npro_nom = 'A sandra chocolat'
				,npro_description = 'miam miam'
				,npro_id_categorie = '12'
				,npro_id_ferme = '7'
				,npro_etat = '0'
			 WHERE npro_id = '34'
Jan 23 17:55:08  [debug] Execution de la requete : SELECT nprdt_id_nom_produit,prdt_id,prdt_nom,prdt_prenom,prdt_commentaire,nprdt_id
			FROM view_nom_produit_producteur 
			WHERE nprdt_id_nom_produit = '34'
Jan 23 17:55:08  [debug] Execution de la requete : SELECT carpro_id_nom_produit,car_id,car_nom,car_description,carpro_id
			FROM view_caracteristique_produit 
			WHERE carpro_id_nom_produit = '34'
Jan 23 17:55:08  [debug] Execution de la requete : UPDATE carpro_caracteristique_produit
				 SET carpro_etat = '1'
				 WHERE carpro_id in ('22','23');
Jan 23 17:55:08  [debug] Execution de la requete : SELECT mlot_id,mlot_id_nom_produit,mlot_quantite,mlot_unite,mlot_prix
			FROM view_modele_lot 
			WHERE mlot_id_nom_produit = '34'
Jan 23 17:55:08  [debug] Execution de la requete : UPDATE mlot_modele_lot
			 SET
				 mlot_id_nom_produit = '34'
				,mlot_quantite = '100.00'
				,mlot_unite = 'g'
				,mlot_prix = '2.00'
				,mlot_etat = '0'
			 WHERE mlot_id = '16'
Jan 23 17:55:08  [info] Modification de produit par l'Adhérent : 100774
Jan 23 17:55:08  [debug] Affichage de la page en : 0.048 secondes !!
Jan 23 17:55:08  [debug] Execution de la requete : SELECT fer_id,fer_numero,fer_nom,fer_id_compte,fer_siren,fer_adresse,fer_code_postal,fer_ville,fer_date_adhesion,fer_description,fer_etat
			FROM fer_ferme 
			WHERE fer_id = '7'
Jan 23 17:55:08  [debug] Execution de la requete : SELECT npro_id_ferme,npro_id,npro_nom,cpro_nom,cpro_id
			FROM view_liste_nom_produit 
			WHERE npro_id_ferme = '7'
Jan 23 17:55:08  [info] Affichage de la vue  Liste Produit par l'Adhérent : 100774
Jan 23 17:55:08  [debug] Affichage de la page en : 0.037 secondes !!
Jan 23 17:55:09  [debug] Execution de la requete : SELECT npro_id,npro_nom,npro_description,npro_id_categorie,npro_id_ferme,npro_etat
			FROM npro_nom_produit 
			WHERE npro_id = '34'
Jan 23 17:55:09  [debug] Execution de la requete : SELECT npro_id,npro_id_ferme,cpro_nom,npro_nom,npro_description,cpro_id
			FROM view_nom_produit 
			WHERE npro_id = '34'
Jan 23 17:55:09  [debug] Execution de la requete : SELECT nprdt_id_nom_produit,prdt_id,prdt_nom,prdt_prenom,prdt_commentaire,nprdt_id
			FROM view_nom_produit_producteur 
			WHERE nprdt_id_nom_produit = '34'
Jan 23 17:55:09  [debug] Execution de la requete : SELECT carpro_id_nom_produit,car_id,car_nom,car_description,carpro_id
			FROM view_caracteristique_produit 
			WHERE carpro_id_nom_produit = '34'
Jan 23 17:55:09  [debug] Execution de la requete : SELECT mlot_id,mlot_id_nom_produit,mlot_quantite,mlot_unite,mlot_prix
			FROM view_modele_lot 
			WHERE mlot_id_nom_produit = '34'
Jan 23 17:55:09  [info] Affichage de la vue Detail Produit par l'Adhérent : 100774
Jan 23 17:55:09  [debug] Affichage de la page en : 0.042 secondes !!
Jan 23 17:55:12  [debug] Execution de la requete : SELECT npro_id,npro_nom,npro_description,npro_id_categorie,npro_id_ferme,npro_etat
			FROM npro_nom_produit 
			WHERE npro_id = '34'
Jan 23 17:55:12  [debug] Execution de la requete : SELECT npro_id,npro_id_ferme,cpro_nom,npro_nom,npro_description,cpro_id
			FROM view_nom_produit 
			WHERE npro_id = '34'
Jan 23 17:55:12  [debug] Execution de la requete : SELECT nprdt_id_nom_produit,prdt_id,prdt_nom,prdt_prenom,prdt_commentaire,nprdt_id
			FROM view_nom_produit_producteur 
			WHERE nprdt_id_nom_produit = '34'
Jan 23 17:55:12  [debug] Execution de la requete : SELECT carpro_id_nom_produit,car_id,car_nom,car_description,carpro_id
			FROM view_caracteristique_produit 
			WHERE carpro_id_nom_produit = '34'
Jan 23 17:55:12  [debug] Execution de la requete : SELECT mlot_id,mlot_id_nom_produit,mlot_quantite,mlot_unite,mlot_prix
			FROM view_modele_lot 
			WHERE mlot_id_nom_produit = '34'
Jan 23 17:55:12  [debug] Execution de la requete : SELECT prdt_id_ferme,prdt_id,prdt_numero,prdt_nom,prdt_prenom,prdt_courriel_principal,prdt_telephone_principal
			FROM view_liste_producteur 
			WHERE prdt_id_ferme = '7'
Jan 23 17:55:12  [debug] Execution de la requete : SELECT car_id,car_nom
			FROM view_liste_caracteristique
Jan 23 17:55:12  [info] Demande des infos pour le formulaire de modification de produit par l'Adhérent : 100774
Jan 23 17:55:12  [debug] Affichage de la page en : 0.039 secondes !!
Jan 23 17:55:16  [debug] Execution de la requete : SELECT npro_id,npro_nom,npro_description,npro_id_categorie,npro_id_ferme,npro_etat
			FROM npro_nom_produit 
			WHERE npro_id = '34'
Jan 23 17:55:16  [debug] Execution de la requete : SELECT fer_id,fer_numero,fer_nom,fer_id_compte,fer_siren,fer_adresse,fer_code_postal,fer_ville,fer_date_adhesion,fer_description,fer_etat
			FROM fer_ferme 
			WHERE fer_id = '7'
Jan 23 17:55:16  [debug] Execution de la requete : SELECT cpro_id,cpro_nom,cpro_description,cpro_etat
			FROM cpro_categorie_produit 
			WHERE cpro_id = '12'
Jan 23 17:55:16  [debug] Execution de la requete : SELECT prdt_id,prdt_id_ferme,prdt_numero,prdt_nom,prdt_prenom,prdt_courriel_principal,prdt_courriel_secondaire,prdt_telephone_principal,prdt_telephone_secondaire,prdt_adresse,prdt_code_postal,prdt_ville,prdt_date_naissance,prdt_date_creation,prdt_date_maj,prdt_commentaire,prdt_etat
			FROM prdt_producteur 
			WHERE prdt_id = '12'
Jan 23 17:55:16  [debug] Execution de la requete : SELECT car_id,car_nom,car_description,car_etat
			FROM car_caracteristique 
			WHERE car_id = '1'
Jan 23 17:55:16  [debug] Execution de la requete : SELECT mlot_id,mlot_id_nom_produit,mlot_quantite,mlot_unite,mlot_prix,mlot_etat
			FROM mlot_modele_lot 
			WHERE mlot_id = '16'
Jan 23 17:55:16  [debug] Execution de la requete : SELECT npro_id,npro_nom,npro_description,npro_id_categorie,npro_id_ferme,npro_etat
			FROM npro_nom_produit 
			WHERE npro_id = '34'
Jan 23 17:55:16  [debug] Execution de la requete : UPDATE npro_nom_produit
			 SET
				 npro_nom = 'A sandra chocolat'
				,npro_description = 'miam miam'
				,npro_id_categorie = '12'
				,npro_id_ferme = '7'
				,npro_etat = '0'
			 WHERE npro_id = '34'
Jan 23 17:55:16  [debug] Execution de la requete : SELECT nprdt_id_nom_produit,prdt_id,prdt_nom,prdt_prenom,prdt_commentaire,nprdt_id
			FROM view_nom_produit_producteur 
			WHERE nprdt_id_nom_produit = '34'
Jan 23 17:55:16  [debug] Execution de la requete : SELECT carpro_id_nom_produit,car_id,car_nom,car_description,carpro_id
			FROM view_caracteristique_produit 
			WHERE carpro_id_nom_produit = '34'
Jan 23 17:55:16  [debug] Execution de la requete : UPDATE carpro_caracteristique_produit
				 SET carpro_etat = '1'
				 WHERE carpro_id in ('');
Jan 23 17:55:16  [debug] Execution de la requete : INSERT INTO carpro_caracteristique_produit
				(carpro_id
				,carpro_id_nom_produit
				,carpro_id_caracteristique
				,carpro_etat)
			VALUES (NULL
					,'34'
					,'1'
					,'0');
Jan 23 17:55:16  [debug] Execution de la requete : SELECT mlot_id,mlot_id_nom_produit,mlot_quantite,mlot_unite,mlot_prix
			FROM view_modele_lot 
			WHERE mlot_id_nom_produit = '34'
Jan 23 17:55:16  [debug] Execution de la requete : UPDATE mlot_modele_lot
			 SET
				 mlot_id_nom_produit = '34'
				,mlot_quantite = '100.00'
				,mlot_unite = 'g'
				,mlot_prix = '2.00'
				,mlot_etat = '0'
			 WHERE mlot_id = '16'
Jan 23 17:55:16  [info] Modification de produit par l'Adhérent : 100774
Jan 23 17:55:16  [debug] Affichage de la page en : 0.051 secondes !!
Jan 23 17:55:16  [debug] Execution de la requete : SELECT fer_id,fer_numero,fer_nom,fer_id_compte,fer_siren,fer_adresse,fer_code_postal,fer_ville,fer_date_adhesion,fer_description,fer_etat
			FROM fer_ferme 
			WHERE fer_id = '7'
Jan 23 17:55:16  [debug] Execution de la requete : SELECT npro_id_ferme,npro_id,npro_nom,cpro_nom,cpro_id
			FROM view_liste_nom_produit 
			WHERE npro_id_ferme = '7'
Jan 23 17:55:16  [info] Affichage de la vue  Liste Produit par l'Adhérent : 100774
Jan 23 17:55:16  [debug] Affichage de la page en : 0.036 secondes !!
Jan 23 17:55:18  [debug] Execution de la requete : SELECT npro_id,npro_nom,npro_description,npro_id_categorie,npro_id_ferme,npro_etat
			FROM npro_nom_produit 
			WHERE npro_id = '34'
Jan 23 17:55:18  [debug] Execution de la requete : SELECT npro_id,npro_id_ferme,cpro_nom,npro_nom,npro_description,cpro_id
			FROM view_nom_produit 
			WHERE npro_id = '34'
Jan 23 17:55:18  [debug] Execution de la requete : SELECT nprdt_id_nom_produit,prdt_id,prdt_nom,prdt_prenom,prdt_commentaire,nprdt_id
			FROM view_nom_produit_producteur 
			WHERE nprdt_id_nom_produit = '34'
Jan 23 17:55:18  [debug] Execution de la requete : SELECT carpro_id_nom_produit,car_id,car_nom,car_description,carpro_id
			FROM view_caracteristique_produit 
			WHERE carpro_id_nom_produit = '34'
Jan 23 17:55:18  [debug] Execution de la requete : SELECT mlot_id,mlot_id_nom_produit,mlot_quantite,mlot_unite,mlot_prix
			FROM view_modele_lot 
			WHERE mlot_id_nom_produit = '34'
Jan 23 17:55:18  [info] Affichage de la vue Detail Produit par l'Adhérent : 100774
Jan 23 17:55:18  [debug] Affichage de la page en : 0.042 secondes !!
Jan 23 17:55:20  [debug] Execution de la requete : SELECT npro_id,npro_nom,npro_description,npro_id_categorie,npro_id_ferme,npro_etat
			FROM npro_nom_produit 
			WHERE npro_id = '34'
Jan 23 17:55:20  [debug] Execution de la requete : SELECT npro_id,npro_id_ferme,cpro_nom,npro_nom,npro_description,cpro_id
			FROM view_nom_produit 
			WHERE npro_id = '34'
Jan 23 17:55:20  [debug] Execution de la requete : SELECT nprdt_id_nom_produit,prdt_id,prdt_nom,prdt_prenom,prdt_commentaire,nprdt_id
			FROM view_nom_produit_producteur 
			WHERE nprdt_id_nom_produit = '34'
Jan 23 17:55:20  [debug] Execution de la requete : SELECT carpro_id_nom_produit,car_id,car_nom,car_description,carpro_id
			FROM view_caracteristique_produit 
			WHERE carpro_id_nom_produit = '34'
Jan 23 17:55:20  [debug] Execution de la requete : SELECT mlot_id,mlot_id_nom_produit,mlot_quantite,mlot_unite,mlot_prix
			FROM view_modele_lot 
			WHERE mlot_id_nom_produit = '34'
Jan 23 17:55:20  [debug] Execution de la requete : SELECT prdt_id_ferme,prdt_id,prdt_numero,prdt_nom,prdt_prenom,prdt_courriel_principal,prdt_telephone_principal
			FROM view_liste_producteur 
			WHERE prdt_id_ferme = '7'
Jan 23 17:55:20  [debug] Execution de la requete : SELECT car_id,car_nom
			FROM view_liste_caracteristique
Jan 23 17:55:20  [info] Demande des infos pour le formulaire de modification de produit par l'Adhérent : 100774
Jan 23 17:55:20  [debug] Affichage de la page en : 0.039 secondes !!
Jan 23 17:55:28  [debug] Execution de la requete : SELECT npro_id,npro_nom,npro_description,npro_id_categorie,npro_id_ferme,npro_etat
			FROM npro_nom_produit 
			WHERE npro_id = '34'
Jan 23 17:55:28  [debug] Execution de la requete : SELECT fer_id,fer_numero,fer_nom,fer_id_compte,fer_siren,fer_adresse,fer_code_postal,fer_ville,fer_date_adhesion,fer_description,fer_etat
			FROM fer_ferme 
			WHERE fer_id = '7'
Jan 23 17:55:28  [debug] Execution de la requete : SELECT cpro_id,cpro_nom,cpro_description,cpro_etat
			FROM cpro_categorie_produit 
			WHERE cpro_id = '12'
Jan 23 17:55:28  [debug] Execution de la requete : SELECT prdt_id,prdt_id_ferme,prdt_numero,prdt_nom,prdt_prenom,prdt_courriel_principal,prdt_courriel_secondaire,prdt_telephone_principal,prdt_telephone_secondaire,prdt_adresse,prdt_code_postal,prdt_ville,prdt_date_naissance,prdt_date_creation,prdt_date_maj,prdt_commentaire,prdt_etat
			FROM prdt_producteur 
			WHERE prdt_id = '12'
Jan 23 17:55:28  [debug] Execution de la requete : SELECT car_id,car_nom,car_description,car_etat
			FROM car_caracteristique 
			WHERE car_id = '1'
Jan 23 17:55:28  [debug] Execution de la requete : SELECT mlot_id,mlot_id_nom_produit,mlot_quantite,mlot_unite,mlot_prix,mlot_etat
			FROM mlot_modele_lot 
			WHERE mlot_id = '16'
Jan 23 17:55:28  [debug] Execution de la requete : SELECT npro_id,npro_nom,npro_description,npro_id_categorie,npro_id_ferme,npro_etat
			FROM npro_nom_produit 
			WHERE npro_id = '34'
Jan 23 17:55:28  [debug] Execution de la requete : UPDATE npro_nom_produit
			 SET
				 npro_nom = 'A sandra chocolat'
				,npro_description = 'miam miam 2'
				,npro_id_categorie = '12'
				,npro_id_ferme = '7'
				,npro_etat = '0'
			 WHERE npro_id = '34'
Jan 23 17:55:28  [debug] Execution de la requete : SELECT nprdt_id_nom_produit,prdt_id,prdt_nom,prdt_prenom,prdt_commentaire,nprdt_id
			FROM view_nom_produit_producteur 
			WHERE nprdt_id_nom_produit = '34'
Jan 23 17:55:28  [debug] Execution de la requete : SELECT carpro_id_nom_produit,car_id,car_nom,car_description,carpro_id
			FROM view_caracteristique_produit 
			WHERE carpro_id_nom_produit = '34'
Jan 23 17:55:28  [debug] Execution de la requete : SELECT mlot_id,mlot_id_nom_produit,mlot_quantite,mlot_unite,mlot_prix
			FROM view_modele_lot 
			WHERE mlot_id_nom_produit = '34'
Jan 23 17:55:28  [debug] Execution de la requete : UPDATE mlot_modele_lot
			 SET
				 mlot_id_nom_produit = '34'
				,mlot_quantite = '100.00'
				,mlot_unite = 'g'
				,mlot_prix = '2.00'
				,mlot_etat = '0'
			 WHERE mlot_id = '16'
Jan 23 17:55:28  [info] Modification de produit par l'Adhérent : 100774
Jan 23 17:55:28  [debug] Affichage de la page en : 0.049 secondes !!
Jan 23 17:55:28  [debug] Execution de la requete : SELECT fer_id,fer_numero,fer_nom,fer_id_compte,fer_siren,fer_adresse,fer_code_postal,fer_ville,fer_date_adhesion,fer_description,fer_etat
			FROM fer_ferme 
			WHERE fer_id = '7'
Jan 23 17:55:28  [debug] Execution de la requete : SELECT npro_id_ferme,npro_id,npro_nom,cpro_nom,cpro_id
			FROM view_liste_nom_produit 
			WHERE npro_id_ferme = '7'
Jan 23 17:55:28  [info] Affichage de la vue  Liste Produit par l'Adhérent : 100774
Jan 23 17:55:28  [debug] Affichage de la page en : 0.037 secondes !!
Jan 23 17:55:29  [debug] Execution de la requete : SELECT npro_id,npro_nom,npro_description,npro_id_categorie,npro_id_ferme,npro_etat
			FROM npro_nom_produit 
			WHERE npro_id = '34'
Jan 23 17:55:29  [debug] Execution de la requete : SELECT npro_id,npro_id_ferme,cpro_nom,npro_nom,npro_description,cpro_id
			FROM view_nom_produit 
			WHERE npro_id = '34'
Jan 23 17:55:29  [debug] Execution de la requete : SELECT nprdt_id_nom_produit,prdt_id,prdt_nom,prdt_prenom,prdt_commentaire,nprdt_id
			FROM view_nom_produit_producteur 
			WHERE nprdt_id_nom_produit = '34'
Jan 23 17:55:29  [debug] Execution de la requete : SELECT carpro_id_nom_produit,car_id,car_nom,car_description,carpro_id
			FROM view_caracteristique_produit 
			WHERE carpro_id_nom_produit = '34'
Jan 23 17:55:29  [debug] Execution de la requete : SELECT mlot_id,mlot_id_nom_produit,mlot_quantite,mlot_unite,mlot_prix
			FROM view_modele_lot 
			WHERE mlot_id_nom_produit = '34'
Jan 23 17:55:29  [info] Affichage de la vue Detail Produit par l'Adhérent : 100774
Jan 23 17:55:29  [debug] Affichage de la page en : 0.048 secondes !!
Jan 23 18:47:46  [info] Demande d'accés sans autorisation à Deconnexion
Jan 23 18:47:46  [debug] Affichage de la page en : 0.015 secondes !!
Jan 23 18:47:46  [info] Affichage du formulaire de connexion
Jan 23 18:47:46  [debug] Affichage de la page en : 0.006 secondes !!
Jan 23 18:47:49  [debug] Execution de la requete : SELECT ide_id,ide_id_login,ide_login,ide_pass,ide_type,ide_autorise FROM ide_identification WHERE(ide_login = 'Z1');
Jan 23 18:47:49  [debug] Execution de la requete : SELECT adh_id,adh_id_compte,mod_nom
			FROM view_identification 
			WHERE adh_id = '1'
Jan 23 18:47:49  [debug] Execution de la requete : INSERT INTO acc_acces
				(acc_id
				,acc_id_login
				,acc_type_login
				,acc_ip
				,acc_date_creation
				,acc_date_modification
				,acc_autorise)
			VALUES (NULL
				,'1'
				,'1'
				,'127.0.0.1'
				,'2012-01-23 18:47:49'
				,''
				,'1')
Jan 23 18:47:49  [info] Réussite de l'authentification pour l'utilisateur : 100775
Jan 23 18:47:49  [debug] Affichage de la page en : 0.024 secondes !!
Jan 23 18:47:50  [debug] Execution de la requete : SELECT adh_id,mod_id,mod_nom,mod_label,mod_admin
			FROM view_menu 
			WHERE adh_id = '1'
Jan 23 18:47:50  [debug] Execution de la requete : SELECT vue_id,vue_id_module,vue_nom,vue_label,vue_ordre,vue_visible FROM vue_vues WHERE(vue_id_module = '1') ORDER BY vue_ordre ASC;
Jan 23 18:47:50  [debug] Execution de la requete : SELECT vue_id,vue_id_module,vue_nom,vue_label,vue_ordre,vue_visible FROM vue_vues WHERE(vue_id_module = '3') ORDER BY vue_ordre ASC;
Jan 23 18:47:50  [info] Affichage de la vue Menu par le compte de l'Adhérent : 100775
Jan 23 18:47:50  [debug] Affichage de la page en : 0.020 secondes !!
Jan 23 18:47:50  [debug] Execution de la requete : SELECT adh_id,adh_numero,adh_id_compte,cpt_label,adh_nom,adh_prenom,adh_courriel_principal,adh_courriel_secondaire,adh_telephone_principal,adh_telephone_secondaire,adh_adresse,adh_code_postal,adh_ville,adh_date_naissance,adh_date_adhesion,adh_date_maj,adh_commentaire,cpt_solde,adh_etat
			FROM view_adherent 
			WHERE adh_id = '1'
Jan 23 18:47:50  [debug] Execution de la requete : SELECT ope_id_compte,ope_montant,ope_libelle,ope_date,com_date_marche_debut
			FROM view_operation_avenir 
			WHERE ope_id_compte = '31'
Jan 23 18:47:50  [debug] Execution de la requete : SELECT ope_id_compte,cpt_label,ope_montant,ope_libelle,ope_date,tpp_type,tpp_champ_complementaire,tpp_label_champ_complementaire,ope_type_paiement_champ_complementaire
			FROM view_operation_passee 
			WHERE ope_id_compte = '31'
Jan 23 18:47:50  [info] Affichage du compte de l'Adhérent : 100775
Jan 23 18:47:50  [debug] Affichage de la page en : 0.035 secondes !!
Jan 23 18:47:51  [debug] Execution de la requete : SELECT adh_id,mod_id,mod_nom,mod_label,mod_admin
			FROM view_menu 
			WHERE adh_id = '1'
Jan 23 18:47:51  [debug] Execution de la requete : SELECT vue_id,vue_id_module,vue_nom,vue_label,vue_ordre,vue_visible FROM vue_vues WHERE(vue_id_module = '4') ORDER BY vue_ordre ASC;
Jan 23 18:47:51  [debug] Execution de la requete : SELECT vue_id,vue_id_module,vue_nom,vue_label,vue_ordre,vue_visible FROM vue_vues WHERE(vue_id_module = '2') ORDER BY vue_ordre ASC;
Jan 23 18:47:51  [debug] Execution de la requete : SELECT vue_id,vue_id_module,vue_nom,vue_label,vue_ordre,vue_visible FROM vue_vues WHERE(vue_id_module = '5') ORDER BY vue_ordre ASC;
Jan 23 18:47:51  [debug] Execution de la requete : SELECT vue_id,vue_id_module,vue_nom,vue_label,vue_ordre,vue_visible FROM vue_vues WHERE(vue_id_module = '9') ORDER BY vue_ordre ASC;
Jan 23 18:47:51  [debug] Execution de la requete : SELECT vue_id,vue_id_module,vue_nom,vue_label,vue_ordre,vue_visible FROM vue_vues WHERE(vue_id_module = '6') ORDER BY vue_ordre ASC;
Jan 23 18:47:51  [debug] Execution de la requete : SELECT vue_id,vue_id_module,vue_nom,vue_label,vue_ordre,vue_visible FROM vue_vues WHERE(vue_id_module = '7') ORDER BY vue_ordre ASC;
Jan 23 18:47:51  [debug] Execution de la requete : SELECT vue_id,vue_id_module,vue_nom,vue_label,vue_ordre,vue_visible FROM vue_vues WHERE(vue_id_module = '8') ORDER BY vue_ordre ASC;
Jan 23 18:47:51  [info] Affichage de la vue Menu par le compte de l'Adhérent : 100775
Jan 23 18:47:51  [debug] Affichage de la page en : 0.031 secondes !!
Jan 23 18:48:28  [debug] Execution de la requete : SELECT mod_id,mod_nom,mod_label,mod_defaut,mod_ordre,mod_admin,mod_visible FROM mod_module WHERE(mod_visible = '1') ORDER BY mod_ordre ASC;
Jan 23 18:48:28  [info] Affichage du formulaire d'ajout d'adhérent par : 100775
Jan 23 18:48:28  [debug] Affichage de la page en : 0.028 secondes !!
Jan 23 18:49:00  [debug] Execution de la requete : SELECT mod_id,mod_nom,mod_label,mod_defaut,mod_ordre,mod_admin,mod_visible FROM mod_module WHERE(mod_visible = '1') ORDER BY mod_ordre ASC;
Jan 23 18:49:00  [info] Affichage du formulaire d'ajout d'adhérent par : 100775
Jan 23 18:49:00  [debug] Affichage de la page en : 0.025 secondes !!
Jan 23 18:49:44  [debug] Execution de la requete : SELECT mod_nom,mod_label,mod_defaut,mod_ordre,mod_admin,mod_visible 
					FROM mod_module 
					WHERE mod_id = '1'
Jan 23 18:49:44  [debug] Execution de la requete : SELECT mod_nom,mod_label,mod_defaut,mod_ordre,mod_admin,mod_visible 
					FROM mod_module 
					WHERE mod_id = '3'
Jan 23 18:49:44  [debug] Execution de la requete : SELECT cpt_id,cpt_label,cpt_solde FROM cpt_compte WHERE(cpt_label = '') ORDER BY cpt_id DESC;
Jan 23 18:49:44  [debug] Execution de la requete : INSERT INTO cpt_compte
				(cpt_id
				,cpt_label
				,cpt_solde)
			VALUES (NULL
				,''
				,'')
Jan 23 18:49:44  [debug] Execution de la requete : UPDATE cpt_compte
			 SET
				 cpt_label = 'C70'
				,cpt_solde = ''
			 WHERE cpt_id = '70'
Jan 23 18:49:44  [debug] Execution de la requete : INSERT INTO ope_operation
				(ope_id
				,ope_id_compte
				,ope_montant
				,ope_libelle
				,ope_date
				,ope_type_paiement
				,ope_type_paiement_champ_complementaire
				,ope_type
				,ope_id_commande)
			VALUES (NULL
				,'70'
				,'0'
				,'Création du compte'
				,'2012-01-23'
				,'-1'
				,''
				,'1'
				,'0')
Jan 23 18:49:44  [debug] Execution de la requete : INSERT INTO adh_adherent
				(adh_id
				,adh_numero
				,adh_id_compte
				,adh_nom
				,adh_prenom
				,adh_courriel_principal
				,adh_courriel_secondaire
				,adh_telephone_principal
				,adh_telephone_secondaire
				,adh_adresse
				,adh_code_postal
				,adh_ville
				,adh_date_naissance
				,adh_date_adhesion
				,adh_date_maj
				,adh_commentaire				
				,adh_etat)
				VALUES (NULL
					,''
					,'70'
					,'TEST'
					,'Test'
					,'guenillon@hotmail.com'
					,'guenillon@gmail.com'
					,''
					,''
					,''
					,''
					,''
					,'0000-00-00'
					,'2012-01-23'
					,'2012-01-23 18:49:44'
					,''
					,'1')
Jan 23 18:49:44  [debug] Execution de la requete : UPDATE adh_adherent 
			SET
				adh_numero = 'Z51'
				,adh_id_compte = '70'
				,adh_nom = 'TEST'
				,adh_prenom = 'Test'
				,adh_courriel_principal = 'guenillon@hotmail.com'
				,adh_courriel_secondaire = 'guenillon@gmail.com'
				,adh_telephone_principal = ''
				,adh_telephone_secondaire = ''
				,adh_adresse = ''
				,adh_code_postal = ''
				,adh_ville = ''
				,adh_date_naissance = '0000-00-00'
				,adh_date_adhesion = '2012-01-23'
				,adh_date_maj = '2012-01-23 18:49:44'
				,adh_commentaire = ''
				,adh_etat = '1'
			 WHERE adh_id = '51'
Jan 23 18:49:44  [debug] Execution de la requete : INSERT INTO aut_autorisation 
					(aut_id
					,aut_id_adherent
					,aut_id_module) 
				VALUES (NULL
					,'51'
					,'1')
Jan 23 18:49:44  [debug] Execution de la requete : INSERT INTO aut_autorisation 
					(aut_id
					,aut_id_adherent
					,aut_id_module) 
				VALUES (NULL
					,'51'
					,'3')
Jan 23 18:49:44  [debug] Execution de la requete : SELECT adh_id,adh_numero,adh_id_compte,adh_nom,adh_prenom,adh_courriel_principal,adh_courriel_secondaire,adh_telephone_principal,adh_telephone_secondaire,adh_adresse,adh_code_postal,adh_ville,adh_date_naissance,adh_date_adhesion,adh_date_maj,adh_commentaire,adh_etat
			FROM adh_adherent 
			WHERE adh_id = '51'
Jan 23 18:49:44  [debug] Execution de la requete : INSERT INTO ide_identification
				(ide_id
				,ide_id_login
				,ide_login
				,ide_pass
				,ide_type
				,ide_autorise)
			VALUES (NULL
				,'51'
				,'Z51'
				,'5727b27a89cecd3dc5989ce262809b45'
				,'1'
				,'1')
Jan 23 18:49:48  [info] Envoi du mail de création de l'adhérent par : 100775.
Jan 23 18:49:48  [info] Ajout de l'adhérent 51 par : 100775
Jan 23 18:49:48  [debug] Affichage de la page en : 3.565 secondes !!
Jan 23 18:57:05  [debug] Execution de la requete : SELECT adh_id,mod_id,mod_nom,mod_label,mod_admin
			FROM view_menu 
			WHERE adh_id = '1'
Jan 23 18:57:05  [debug] Execution de la requete : SELECT vue_id,vue_id_module,vue_nom,vue_label,vue_ordre,vue_visible FROM vue_vues WHERE(vue_id_module = '4') ORDER BY vue_ordre ASC;
Jan 23 18:57:05  [debug] Execution de la requete : SELECT vue_id,vue_id_module,vue_nom,vue_label,vue_ordre,vue_visible FROM vue_vues WHERE(vue_id_module = '2') ORDER BY vue_ordre ASC;
Jan 23 18:57:05  [debug] Execution de la requete : SELECT vue_id,vue_id_module,vue_nom,vue_label,vue_ordre,vue_visible FROM vue_vues WHERE(vue_id_module = '5') ORDER BY vue_ordre ASC;
Jan 23 18:57:05  [debug] Execution de la requete : SELECT vue_id,vue_id_module,vue_nom,vue_label,vue_ordre,vue_visible FROM vue_vues WHERE(vue_id_module = '9') ORDER BY vue_ordre ASC;
Jan 23 18:57:05  [debug] Execution de la requete : SELECT vue_id,vue_id_module,vue_nom,vue_label,vue_ordre,vue_visible FROM vue_vues WHERE(vue_id_module = '6') ORDER BY vue_ordre ASC;
Jan 23 18:57:05  [debug] Execution de la requete : SELECT vue_id,vue_id_module,vue_nom,vue_label,vue_ordre,vue_visible FROM vue_vues WHERE(vue_id_module = '7') ORDER BY vue_ordre ASC;
Jan 23 18:57:05  [debug] Execution de la requete : SELECT vue_id,vue_id_module,vue_nom,vue_label,vue_ordre,vue_visible FROM vue_vues WHERE(vue_id_module = '8') ORDER BY vue_ordre ASC;
Jan 23 18:57:05  [info] Affichage de la vue Menu par le compte de l'Adhérent : 100775
Jan 23 18:57:05  [debug] Affichage de la page en : 0.029 secondes !!
Jan 23 18:57:07  [debug] Execution de la requete : SELECT adh_id,adh_numero,adh_nom,adh_prenom,adh_courriel_principal,cpt_solde,cpt_label
			FROM view_liste_adherent
Jan 23 18:57:07  [info] Affichage de la liste des adhérents par : 100775
Jan 23 18:57:07  [debug] Affichage de la page en : 0.071 secondes !!
Jan 23 18:57:09  [debug] Execution de la requete : SELECT adh_id,adh_numero,adh_id_compte,cpt_label,adh_nom,adh_prenom,adh_courriel_principal,adh_courriel_secondaire,adh_telephone_principal,adh_telephone_secondaire,adh_adresse,adh_code_postal,adh_ville,adh_date_naissance,adh_date_adhesion,adh_date_maj,adh_commentaire,cpt_solde,adh_etat
			FROM view_adherent 
			WHERE adh_id = '51'
Jan 23 18:57:09  [debug] Execution de la requete : SELECT aut_id,aut_id_adherent,aut_id_module FROM aut_autorisation WHERE(aut_id_adherent = '51') ORDER BY aut_id_adherent ASC;
Jan 23 18:57:09  [debug] Execution de la requete : SELECT ope_id_compte,ope_montant,ope_libelle,ope_date,com_date_marche_debut
			FROM view_operation_avenir 
			WHERE ope_id_compte = '70'
Jan 23 18:57:09  [debug] Execution de la requete : SELECT ope_id_compte,cpt_label,ope_montant,ope_libelle,ope_date,tpp_type,tpp_champ_complementaire,tpp_label_champ_complementaire,ope_type_paiement_champ_complementaire
			FROM view_operation_passee 
			WHERE ope_id_compte = '70'
Jan 23 18:57:09  [debug] Execution de la requete : SELECT mod_id,mod_nom,mod_label,mod_defaut,mod_ordre,mod_admin,mod_visible 
					FROM mod_module 
					ORDER BY mod_module.mod_ordre ASC
Jan 23 18:57:09  [debug] Execution de la requete : SELECT tpp_id,tpp_type,tpp_champ_complementaire,tpp_label_champ_complementaire,tpp_visible
			FROM tpp_type_paiement
Jan 23 18:57:09  [info] Affichage du compte de l'adhérent par : 100775
Jan 23 18:57:09  [debug] Affichage de la page en : 0.037 secondes !!
Jan 23 18:57:12  [debug] Execution de la requete : SELECT adh_id,adh_numero,adh_id_compte,cpt_label,adh_nom,adh_prenom,adh_courriel_principal,adh_courriel_secondaire,adh_telephone_principal,adh_telephone_secondaire,adh_adresse,adh_code_postal,adh_ville,adh_date_naissance,adh_date_adhesion,adh_date_maj,adh_commentaire,cpt_solde,adh_etat
			FROM view_adherent 
			WHERE adh_id = '51'
Jan 23 18:57:12  [debug] Execution de la requete : SELECT adh_id,adh_numero,adh_id_compte,adh_nom,adh_prenom,adh_courriel_principal,adh_courriel_secondaire,adh_telephone_principal,adh_telephone_secondaire,adh_adresse,adh_code_postal,adh_ville,adh_date_naissance,adh_date_adhesion,adh_date_maj,adh_commentaire,adh_etat
			FROM adh_adherent 
			WHERE adh_id = '51'
Jan 23 18:57:12  [debug] Execution de la requete : SELECT aut_id,aut_id_adherent,aut_id_module FROM aut_autorisation WHERE(aut_id_adherent = '51') ORDER BY aut_id_adherent ASC;
Jan 23 18:57:12  [debug] Execution de la requete : SELECT mod_id,mod_nom,mod_label,mod_defaut,mod_ordre,mod_admin,mod_visible FROM mod_module WHERE(mod_visible = '1') ORDER BY mod_ordre ASC;
Jan 23 18:57:12  [info] Affichage de la vue modification de l'adhérent par : 100775
Jan 23 18:57:12  [debug] Affichage de la page en : 0.061 secondes !!
Jan 23 18:57:35  [debug] Execution de la requete : SELECT cpt_id,cpt_label,cpt_solde FROM cpt_compte WHERE(cpt_label = 'C70') ORDER BY cpt_id DESC;
Jan 23 18:57:35  [debug] Execution de la requete : SELECT adh_id,adh_numero,adh_id_compte,adh_nom,adh_prenom,adh_courriel_principal,adh_courriel_secondaire,adh_telephone_principal,adh_telephone_secondaire,adh_adresse,adh_code_postal,adh_ville,adh_date_naissance,adh_date_adhesion,adh_date_maj,adh_commentaire,adh_etat FROM adh_adherent WHERE(adh_id_compte = '70');
Jan 23 18:57:35  [debug] Execution de la requete : SELECT mod_nom,mod_label,mod_defaut,mod_ordre,mod_admin,mod_visible 
					FROM mod_module 
					WHERE mod_id = '1'
Jan 23 18:57:35  [debug] Execution de la requete : SELECT mod_nom,mod_label,mod_defaut,mod_ordre,mod_admin,mod_visible 
					FROM mod_module 
					WHERE mod_id = '3'
Jan 23 18:57:35  [debug] Execution de la requete : SELECT adh_id,adh_numero,adh_id_compte,adh_nom,adh_prenom,adh_courriel_principal,adh_courriel_secondaire,adh_telephone_principal,adh_telephone_secondaire,adh_adresse,adh_code_postal,adh_ville,adh_date_naissance,adh_date_adhesion,adh_date_maj,adh_commentaire,adh_etat
			FROM adh_adherent 
			WHERE adh_id = '51'
Jan 23 18:57:35  [debug] Execution de la requete : SELECT cpt_id,cpt_label,cpt_solde FROM cpt_compte WHERE(cpt_label = 'C70') ORDER BY cpt_id DESC;
Jan 23 18:57:35  [debug] Execution de la requete : UPDATE adh_adherent 
			SET
				adh_numero = 'Z51'
				,adh_id_compte = '70'
				,adh_nom = 'TEST'
				,adh_prenom = 'Test'
				,adh_courriel_principal = 'sandra.linossier@gmail.com'
				,adh_courriel_secondaire = ''
				,adh_telephone_principal = ''
				,adh_telephone_secondaire = ''
				,adh_adresse = ''
				,adh_code_postal = ''
				,adh_ville = ''
				,adh_date_naissance = '0000-00-00'
				,adh_date_adhesion = '2012-01-23'
				,adh_date_maj = '2012-01-23 18:57:35'
				,adh_commentaire = ''
				,adh_etat = '1'
			 WHERE adh_id = '51'
Jan 23 18:57:35  [debug] Execution de la requete : SELECT aut_id,aut_id_adherent,aut_id_module FROM aut_autorisation WHERE(aut_id_adherent = '51') ORDER BY aut_id_adherent ASC;
Jan 23 18:57:37  [info] Modification de l'adhérent par : 100775
Jan 23 18:57:37  [debug] Affichage de la page en : 2.606 secondes !!
Jan 23 18:57:43  [debug] Execution de la requete : SELECT adh_id,mod_id,mod_nom,mod_label,mod_admin
			FROM view_menu 
			WHERE adh_id = '1'
Jan 23 18:57:43  [debug] Execution de la requete : SELECT vue_id,vue_id_module,vue_nom,vue_label,vue_ordre,vue_visible FROM vue_vues WHERE(vue_id_module = '4') ORDER BY vue_ordre ASC;
Jan 23 18:57:43  [debug] Execution de la requete : SELECT vue_id,vue_id_module,vue_nom,vue_label,vue_ordre,vue_visible FROM vue_vues WHERE(vue_id_module = '2') ORDER BY vue_ordre ASC;
Jan 23 18:57:43  [debug] Execution de la requete : SELECT vue_id,vue_id_module,vue_nom,vue_label,vue_ordre,vue_visible FROM vue_vues WHERE(vue_id_module = '5') ORDER BY vue_ordre ASC;
Jan 23 18:57:43  [debug] Execution de la requete : SELECT vue_id,vue_id_module,vue_nom,vue_label,vue_ordre,vue_visible FROM vue_vues WHERE(vue_id_module = '9') ORDER BY vue_ordre ASC;
Jan 23 18:57:43  [debug] Execution de la requete : SELECT vue_id,vue_id_module,vue_nom,vue_label,vue_ordre,vue_visible FROM vue_vues WHERE(vue_id_module = '6') ORDER BY vue_ordre ASC;
Jan 23 18:57:43  [debug] Execution de la requete : SELECT vue_id,vue_id_module,vue_nom,vue_label,vue_ordre,vue_visible FROM vue_vues WHERE(vue_id_module = '7') ORDER BY vue_ordre ASC;
Jan 23 18:57:43  [debug] Execution de la requete : SELECT vue_id,vue_id_module,vue_nom,vue_label,vue_ordre,vue_visible FROM vue_vues WHERE(vue_id_module = '8') ORDER BY vue_ordre ASC;
Jan 23 18:57:43  [info] Affichage de la vue Menu par le compte de l'Adhérent : 100775
Jan 23 18:57:43  [debug] Affichage de la page en : 0.026 secondes !!
Jan 23 18:57:45  [debug] Execution de la requete : SELECT adh_id,adh_numero,adh_nom,adh_prenom,adh_courriel_principal,cpt_solde,cpt_label
			FROM view_liste_adherent
Jan 23 18:57:45  [info] Affichage de la liste des adhérents par : 100775
Jan 23 18:57:45  [debug] Affichage de la page en : 0.023 secondes !!
Jan 23 18:57:47  [debug] Execution de la requete : SELECT adh_id,adh_numero,adh_id_compte,cpt_label,adh_nom,adh_prenom,adh_courriel_principal,adh_courriel_secondaire,adh_telephone_principal,adh_telephone_secondaire,adh_adresse,adh_code_postal,adh_ville,adh_date_naissance,adh_date_adhesion,adh_date_maj,adh_commentaire,cpt_solde,adh_etat
			FROM view_adherent 
			WHERE adh_id = '51'
Jan 23 18:57:47  [debug] Execution de la requete : SELECT aut_id,aut_id_adherent,aut_id_module FROM aut_autorisation WHERE(aut_id_adherent = '51') ORDER BY aut_id_adherent ASC;
Jan 23 18:57:47  [debug] Execution de la requete : SELECT ope_id_compte,ope_montant,ope_libelle,ope_date,com_date_marche_debut
			FROM view_operation_avenir 
			WHERE ope_id_compte = '70'
Jan 23 18:57:47  [debug] Execution de la requete : SELECT ope_id_compte,cpt_label,ope_montant,ope_libelle,ope_date,tpp_type,tpp_champ_complementaire,tpp_label_champ_complementaire,ope_type_paiement_champ_complementaire
			FROM view_operation_passee 
			WHERE ope_id_compte = '70'
Jan 23 18:57:47  [debug] Execution de la requete : SELECT mod_id,mod_nom,mod_label,mod_defaut,mod_ordre,mod_admin,mod_visible 
					FROM mod_module 
					ORDER BY mod_module.mod_ordre ASC
Jan 23 18:57:47  [debug] Execution de la requete : SELECT tpp_id,tpp_type,tpp_champ_complementaire,tpp_label_champ_complementaire,tpp_visible
			FROM tpp_type_paiement
Jan 23 18:57:47  [info] Affichage du compte de l'adhérent par : 100775
Jan 23 18:57:47  [debug] Affichage de la page en : 0.026 secondes !!
Jan 23 19:02:10  [info] Déconnexion de l'utilisateur ayant pour ID : 100775
Jan 23 19:02:10  [debug] Execution de la requete : SELECT acc_id,acc_id_login,acc_type_login,acc_ip,acc_date_creation,acc_date_modification,acc_autorise
			FROM acc_acces 
			WHERE acc_id = '100775'
Jan 23 19:02:10  [debug] Execution de la requete : UPDATE acc_acces
			 SET
				 acc_id_login = '1'
				,acc_type_login = '1'
				,acc_ip = '127.0.0.1'
				,acc_date_creation = '2012-01-23 18:47:49'
				,acc_date_modification = '2012-01-23 19:02:10'
				,acc_autorise = '0'
			 WHERE acc_id = '100775'
Jan 23 19:02:10  [debug] Affichage de la page en : 0.049 secondes !!
Jan 23 19:02:11  [info] Affichage du formulaire de connexion
Jan 23 19:02:11  [debug] Affichage de la page en : 0.009 secondes !!
Jan 23 19:02:15  [debug] Execution de la requete : SELECT ide_id,ide_id_login,ide_login,ide_pass,ide_type,ide_autorise FROM ide_identification WHERE(ide_login = 'Z51');
Jan 23 19:02:15  [debug] Execution de la requete : SELECT adh_id,adh_id_compte,mod_nom
			FROM view_identification 
			WHERE adh_id = '51'
Jan 23 19:02:15  [debug] Execution de la requete : INSERT INTO acc_acces
				(acc_id
				,acc_id_login
				,acc_type_login
				,acc_ip
				,acc_date_creation
				,acc_date_modification
				,acc_autorise)
			VALUES (NULL
				,'51'
				,'1'
				,'127.0.0.1'
				,'2012-01-23 19:02:15'
				,''
				,'1')
Jan 23 19:02:15  [info] Réussite de l'authentification pour l'utilisateur : 100776
Jan 23 19:02:15  [debug] Affichage de la page en : 0.025 secondes !!
Jan 23 19:02:15  [debug] Execution de la requete : SELECT adh_id,mod_id,mod_nom,mod_label,mod_admin
			FROM view_menu 
			WHERE adh_id = '51'
Jan 23 19:02:15  [debug] Execution de la requete : SELECT vue_id,vue_id_module,vue_nom,vue_label,vue_ordre,vue_visible FROM vue_vues WHERE(vue_id_module = '1') ORDER BY vue_ordre ASC;
Jan 23 19:02:15  [debug] Execution de la requete : SELECT vue_id,vue_id_module,vue_nom,vue_label,vue_ordre,vue_visible FROM vue_vues WHERE(vue_id_module = '3') ORDER BY vue_ordre ASC;
Jan 23 19:02:15  [info] Affichage de la vue Menu par le compte de l'Adhérent : 100776
Jan 23 19:02:15  [debug] Affichage de la page en : 0.021 secondes !!
Jan 23 19:02:15  [debug] Execution de la requete : SELECT adh_id,adh_numero,adh_id_compte,cpt_label,adh_nom,adh_prenom,adh_courriel_principal,adh_courriel_secondaire,adh_telephone_principal,adh_telephone_secondaire,adh_adresse,adh_code_postal,adh_ville,adh_date_naissance,adh_date_adhesion,adh_date_maj,adh_commentaire,cpt_solde,adh_etat
			FROM view_adherent 
			WHERE adh_id = '51'
Jan 23 19:02:15  [debug] Execution de la requete : SELECT ope_id_compte,ope_montant,ope_libelle,ope_date,com_date_marche_debut
			FROM view_operation_avenir 
			WHERE ope_id_compte = '70'
Jan 23 19:02:15  [debug] Execution de la requete : SELECT ope_id_compte,cpt_label,ope_montant,ope_libelle,ope_date,tpp_type,tpp_champ_complementaire,tpp_label_champ_complementaire,ope_type_paiement_champ_complementaire
			FROM view_operation_passee 
			WHERE ope_id_compte = '70'
Jan 23 19:02:15  [info] Affichage du compte de l'Adhérent : 100776
Jan 23 19:02:15  [debug] Affichage de la page en : 0.026 secondes !!
Jan 23 19:02:53  [debug] Execution de la requete : SELECT adh_id,adh_numero,adh_id_compte,adh_nom,adh_prenom,adh_courriel_principal,adh_courriel_secondaire,adh_telephone_principal,adh_telephone_secondaire,adh_adresse,adh_code_postal,adh_ville,adh_date_naissance,adh_date_adhesion,adh_date_maj,adh_commentaire,adh_etat
			FROM adh_adherent 
			WHERE adh_id = '51'
Jan 23 19:02:53  [debug] Execution de la requete : SELECT adh_id,adh_numero,adh_id_compte,adh_nom,adh_prenom,adh_courriel_principal,adh_courriel_secondaire,adh_telephone_principal,adh_telephone_secondaire,adh_adresse,adh_code_postal,adh_ville,adh_date_naissance,adh_date_adhesion,adh_date_maj,adh_commentaire,adh_etat
			FROM adh_adherent 
			WHERE adh_id = '51'
Jan 23 19:02:55  [debug] Execution de la requete : UPDATE adh_adherent 
			SET
				adh_numero = 'Z51'
				,adh_id_compte = '70'
				,adh_nom = 'TEST'
				,adh_prenom = 'Test'
				,adh_courriel_principal = ''
				,adh_courriel_secondaire = 'sandra.pierre.perso@gmail.com'
				,adh_telephone_principal = ''
				,adh_telephone_secondaire = ''
				,adh_adresse = ''
				,adh_code_postal = ''
				,adh_ville = ''
				,adh_date_naissance = '0000-00-00'
				,adh_date_adhesion = '2012-01-23'
				,adh_date_maj = '2012-01-23 19:02:55'
				,adh_commentaire = ''
				,adh_etat = '1'
			 WHERE adh_id = '51'
Jan 23 19:02:55  [info] Modification du compte de l'Adhérent : 100776
Jan 23 19:02:55  [debug] Affichage de la page en : 2.048 secondes !!
Jan 23 19:04:40  [info] Déconnexion de l'utilisateur ayant pour ID : 100776
Jan 23 19:04:40  [debug] Execution de la requete : SELECT acc_id,acc_id_login,acc_type_login,acc_ip,acc_date_creation,acc_date_modification,acc_autorise
			FROM acc_acces 
			WHERE acc_id = '100776'
Jan 23 19:04:40  [debug] Execution de la requete : UPDATE acc_acces
			 SET
				 acc_id_login = '51'
				,acc_type_login = '1'
				,acc_ip = '127.0.0.1'
				,acc_date_creation = '2012-01-23 19:02:15'
				,acc_date_modification = '2012-01-23 19:04:40'
				,acc_autorise = '0'
			 WHERE acc_id = '100776'
Jan 23 19:04:40  [debug] Affichage de la page en : 0.016 secondes !!
Jan 23 19:04:40  [info] Affichage du formulaire de connexion
Jan 23 19:04:40  [debug] Affichage de la page en : 0.007 secondes !!
Jan 23 19:04:42  [debug] Execution de la requete : SELECT ide_id,ide_id_login,ide_login,ide_pass,ide_type,ide_autorise FROM ide_identification WHERE(ide_login = 'Z1');
Jan 23 19:04:42  [debug] Execution de la requete : SELECT adh_id,adh_id_compte,mod_nom
			FROM view_identification 
			WHERE adh_id = '1'
Jan 23 19:04:42  [debug] Execution de la requete : INSERT INTO acc_acces
				(acc_id
				,acc_id_login
				,acc_type_login
				,acc_ip
				,acc_date_creation
				,acc_date_modification
				,acc_autorise)
			VALUES (NULL
				,'1'
				,'1'
				,'127.0.0.1'
				,'2012-01-23 19:04:42'
				,''
				,'1')
Jan 23 19:04:42  [info] Réussite de l'authentification pour l'utilisateur : 100777
Jan 23 19:04:42  [debug] Affichage de la page en : 0.029 secondes !!
Jan 23 19:04:43  [debug] Execution de la requete : SELECT adh_id,mod_id,mod_nom,mod_label,mod_admin
			FROM view_menu 
			WHERE adh_id = '1'
Jan 23 19:04:43  [debug] Execution de la requete : SELECT vue_id,vue_id_module,vue_nom,vue_label,vue_ordre,vue_visible FROM vue_vues WHERE(vue_id_module = '1') ORDER BY vue_ordre ASC;
Jan 23 19:04:43  [debug] Execution de la requete : SELECT vue_id,vue_id_module,vue_nom,vue_label,vue_ordre,vue_visible FROM vue_vues WHERE(vue_id_module = '3') ORDER BY vue_ordre ASC;
Jan 23 19:04:43  [info] Affichage de la vue Menu par le compte de l'Adhérent : 100777
Jan 23 19:04:43  [debug] Affichage de la page en : 0.019 secondes !!
Jan 23 19:04:43  [debug] Execution de la requete : SELECT adh_id,adh_numero,adh_id_compte,cpt_label,adh_nom,adh_prenom,adh_courriel_principal,adh_courriel_secondaire,adh_telephone_principal,adh_telephone_secondaire,adh_adresse,adh_code_postal,adh_ville,adh_date_naissance,adh_date_adhesion,adh_date_maj,adh_commentaire,cpt_solde,adh_etat
			FROM view_adherent 
			WHERE adh_id = '1'
Jan 23 19:04:43  [debug] Execution de la requete : SELECT ope_id_compte,ope_montant,ope_libelle,ope_date,com_date_marche_debut
			FROM view_operation_avenir 
			WHERE ope_id_compte = '31'
Jan 23 19:04:43  [debug] Execution de la requete : SELECT ope_id_compte,cpt_label,ope_montant,ope_libelle,ope_date,tpp_type,tpp_champ_complementaire,tpp_label_champ_complementaire,ope_type_paiement_champ_complementaire
			FROM view_operation_passee 
			WHERE ope_id_compte = '31'
Jan 23 19:04:43  [info] Affichage du compte de l'Adhérent : 100777
Jan 23 19:04:43  [debug] Affichage de la page en : 0.027 secondes !!
Jan 23 19:04:46  [debug] Execution de la requete : SELECT adh_id,mod_id,mod_nom,mod_label,mod_admin
			FROM view_menu 
			WHERE adh_id = '1'
Jan 23 19:04:46  [debug] Execution de la requete : SELECT vue_id,vue_id_module,vue_nom,vue_label,vue_ordre,vue_visible FROM vue_vues WHERE(vue_id_module = '4') ORDER BY vue_ordre ASC;
Jan 23 19:04:46  [debug] Execution de la requete : SELECT vue_id,vue_id_module,vue_nom,vue_label,vue_ordre,vue_visible FROM vue_vues WHERE(vue_id_module = '2') ORDER BY vue_ordre ASC;
Jan 23 19:04:46  [debug] Execution de la requete : SELECT vue_id,vue_id_module,vue_nom,vue_label,vue_ordre,vue_visible FROM vue_vues WHERE(vue_id_module = '5') ORDER BY vue_ordre ASC;
Jan 23 19:04:46  [debug] Execution de la requete : SELECT vue_id,vue_id_module,vue_nom,vue_label,vue_ordre,vue_visible FROM vue_vues WHERE(vue_id_module = '9') ORDER BY vue_ordre ASC;
Jan 23 19:04:46  [debug] Execution de la requete : SELECT vue_id,vue_id_module,vue_nom,vue_label,vue_ordre,vue_visible FROM vue_vues WHERE(vue_id_module = '6') ORDER BY vue_ordre ASC;
Jan 23 19:04:46  [debug] Execution de la requete : SELECT vue_id,vue_id_module,vue_nom,vue_label,vue_ordre,vue_visible FROM vue_vues WHERE(vue_id_module = '7') ORDER BY vue_ordre ASC;
Jan 23 19:04:46  [debug] Execution de la requete : SELECT vue_id,vue_id_module,vue_nom,vue_label,vue_ordre,vue_visible FROM vue_vues WHERE(vue_id_module = '8') ORDER BY vue_ordre ASC;
Jan 23 19:04:46  [info] Affichage de la vue Menu par le compte de l'Adhérent : 100777
Jan 23 19:04:46  [debug] Affichage de la page en : 0.035 secondes !!
Jan 23 19:04:50  [debug] Execution de la requete : SELECT adh_id,adh_numero,adh_nom,adh_prenom,adh_courriel_principal,cpt_solde,cpt_label
			FROM view_liste_adherent
Jan 23 19:04:50  [info] Affichage de la liste des adhérents par : 100777
Jan 23 19:04:50  [debug] Affichage de la page en : 0.025 secondes !!
Jan 23 19:04:53  [debug] Execution de la requete : SELECT adh_id,adh_numero,adh_id_compte,cpt_label,adh_nom,adh_prenom,adh_courriel_principal,adh_courriel_secondaire,adh_telephone_principal,adh_telephone_secondaire,adh_adresse,adh_code_postal,adh_ville,adh_date_naissance,adh_date_adhesion,adh_date_maj,adh_commentaire,cpt_solde,adh_etat
			FROM view_adherent 
			WHERE adh_id = '51'
Jan 23 19:04:53  [debug] Execution de la requete : SELECT aut_id,aut_id_adherent,aut_id_module FROM aut_autorisation WHERE(aut_id_adherent = '51') ORDER BY aut_id_adherent ASC;
Jan 23 19:04:53  [debug] Execution de la requete : SELECT ope_id_compte,ope_montant,ope_libelle,ope_date,com_date_marche_debut
			FROM view_operation_avenir 
			WHERE ope_id_compte = '70'
Jan 23 19:04:53  [debug] Execution de la requete : SELECT ope_id_compte,cpt_label,ope_montant,ope_libelle,ope_date,tpp_type,tpp_champ_complementaire,tpp_label_champ_complementaire,ope_type_paiement_champ_complementaire
			FROM view_operation_passee 
			WHERE ope_id_compte = '70'
Jan 23 19:04:53  [debug] Execution de la requete : SELECT mod_id,mod_nom,mod_label,mod_defaut,mod_ordre,mod_admin,mod_visible 
					FROM mod_module 
					ORDER BY mod_module.mod_ordre ASC
Jan 23 19:04:53  [debug] Execution de la requete : SELECT tpp_id,tpp_type,tpp_champ_complementaire,tpp_label_champ_complementaire,tpp_visible
			FROM tpp_type_paiement
Jan 23 19:04:53  [info] Affichage du compte de l'adhérent par : 100777
Jan 23 19:04:53  [debug] Affichage de la page en : 0.030 secondes !!
Jan 23 19:05:01  [debug] Execution de la requete : SELECT adh_id,adh_numero,adh_id_compte,adh_nom,adh_prenom,adh_courriel_principal,adh_courriel_secondaire,adh_telephone_principal,adh_telephone_secondaire,adh_adresse,adh_code_postal,adh_ville,adh_date_naissance,adh_date_adhesion,adh_date_maj,adh_commentaire,adh_etat
			FROM adh_adherent 
			WHERE adh_id = '51'
Jan 23 19:05:01  [debug] Execution de la requete : UPDATE adh_adherent 
			SET
				adh_numero = 'Z51'
				,adh_id_compte = '70'
				,adh_nom = 'TEST'
				,adh_prenom = 'Test'
				,adh_courriel_principal = ''
				,adh_courriel_secondaire = 'sandra.pierre.perso@gmail.com'
				,adh_telephone_principal = ''
				,adh_telephone_secondaire = ''
				,adh_adresse = ''
				,adh_code_postal = ''
				,adh_ville = ''
				,adh_date_naissance = '0000-00-00'
				,adh_date_adhesion = '2012-01-23'
				,adh_date_maj = '2012-01-23 19:02:55'
				,adh_commentaire = ''
				,adh_etat = '2'
			 WHERE adh_id = '51'
Jan 23 19:05:01  [debug] Execution de la requete : SELECT ide_id,ide_id_login,ide_login,ide_pass,ide_type,ide_autorise FROM ide_identification WHERE(ide_id_login = '51' AND ide_type = '1');
Jan 23 19:05:01  [debug] Execution de la requete : UPDATE ide_identification
			 SET
				 ide_id_login = '51'
				,ide_login = 'Z51'
				,ide_pass = '01f01083386dc09d99826461b2b6c6f1'
				,ide_type = '1'
				,ide_autorise = '0'
			 WHERE ide_id = '55'
Jan 23 19:05:01  [debug] Execution de la requete : SELECT ope_id_compte,com_id,com_numero,com_nom,com_date_fin_reservation,com_date_marche_debut,com_date_marche_fin
			FROM view_marche_liste_reservation 
			WHERE ope_id_compte = '70'
Jan 23 19:05:02  [info] Suppression de l'adhérent par : 100777
Jan 23 19:05:02  [debug] Affichage de la page en : 1.434 secondes !!
Jan 23 19:05:06  [debug] Execution de la requete : SELECT adh_id,mod_id,mod_nom,mod_label,mod_admin
			FROM view_menu 
			WHERE adh_id = '1'
Jan 23 19:05:06  [debug] Execution de la requete : SELECT vue_id,vue_id_module,vue_nom,vue_label,vue_ordre,vue_visible FROM vue_vues WHERE(vue_id_module = '4') ORDER BY vue_ordre ASC;
Jan 23 19:05:06  [debug] Execution de la requete : SELECT vue_id,vue_id_module,vue_nom,vue_label,vue_ordre,vue_visible FROM vue_vues WHERE(vue_id_module = '2') ORDER BY vue_ordre ASC;
Jan 23 19:05:06  [debug] Execution de la requete : SELECT vue_id,vue_id_module,vue_nom,vue_label,vue_ordre,vue_visible FROM vue_vues WHERE(vue_id_module = '5') ORDER BY vue_ordre ASC;
Jan 23 19:05:06  [debug] Execution de la requete : SELECT vue_id,vue_id_module,vue_nom,vue_label,vue_ordre,vue_visible FROM vue_vues WHERE(vue_id_module = '9') ORDER BY vue_ordre ASC;
Jan 23 19:05:06  [debug] Execution de la requete : SELECT vue_id,vue_id_module,vue_nom,vue_label,vue_ordre,vue_visible FROM vue_vues WHERE(vue_id_module = '6') ORDER BY vue_ordre ASC;
Jan 23 19:05:06  [debug] Execution de la requete : SELECT vue_id,vue_id_module,vue_nom,vue_label,vue_ordre,vue_visible FROM vue_vues WHERE(vue_id_module = '7') ORDER BY vue_ordre ASC;
Jan 23 19:05:06  [debug] Execution de la requete : SELECT vue_id,vue_id_module,vue_nom,vue_label,vue_ordre,vue_visible FROM vue_vues WHERE(vue_id_module = '8') ORDER BY vue_ordre ASC;
Jan 23 19:05:06  [info] Affichage de la vue Menu par le compte de l'Adhérent : 100777
Jan 23 19:05:06  [debug] Affichage de la page en : 0.034 secondes !!
Jan 23 23:37:43  [debug] Execution de la requete : INSERT INTO cpt_compte
				(cpt_id
				,cpt_label
				,cpt_solde)
			VALUES (NULL
				,'C123'
				,'12,35')
Jan 23 23:37:59  [debug] Execution de la requete : INSERT INTO cpt_compte
				(cpt_id
				,cpt_label
				,cpt_solde)
			VALUES (NULL
				,'C123'
				,'12,35')
Jan 23 23:37:59  [debug] Execution de la requete : INSERT INTO adh_adherent
				(adh_id
				,adh_numero
				,adh_id_compte
				,adh_nom
				,adh_prenom
				,adh_courriel_principal
				,adh_courriel_secondaire
				,adh_telephone_principal
				,adh_telephone_secondaire
				,adh_adresse
				,adh_code_postal
				,adh_ville
				,adh_date_naissance
				,adh_date_adhesion
				,adh_date_maj
				,adh_commentaire				
				,adh_etat)
				VALUES (NULL
					,''
					,'72'
					,'BALLOT'
					,'Mario'
					,'toto@free.fr'
					,'lulu@toto.fr'
					,'0606457898'
					,'05084'
					,'6 allée du toto'
					,'38320'
					,'EYBENS'
					,'0000-00-00'
					,'2025-/0-3/'
					,'2012-01-23 23:37:59'
					,'rien'
					,'1')
Jan 23 23:37:59  [debug] Execution de la requete : UPDATE adh_adherent 
			SET
				adh_numero = 'Z52'
				,adh_id_compte = '72'
				,adh_nom = 'BALLOT'
				,adh_prenom = 'Mario'
				,adh_courriel_principal = 'toto@free.fr'
				,adh_courriel_secondaire = 'lulu@toto.fr'
				,adh_telephone_principal = '0606457898'
				,adh_telephone_secondaire = '05084'
				,adh_adresse = '6 allée du toto'
				,adh_code_postal = '38320'
				,adh_ville = 'EYBENS'
				,adh_date_naissance = '0000-00-00'
				,adh_date_adhesion = '2025-/0-3/'
				,adh_date_maj = '2012-01-23 23:37:59'
				,adh_commentaire = 'rien'
				,adh_etat = '1'
			 WHERE adh_id = '52'
Jan 23 23:37:59  [debug] Execution de la requete : INSERT INTO aut_autorisation 
					(aut_id
					,aut_id_adherent
					,aut_id_module) 
				VALUES (NULL
					,'52'
					,'1')
Jan 23 23:37:59  [debug] Execution de la requete : INSERT INTO aut_autorisation 
					(aut_id
					,aut_id_adherent
					,aut_id_module) 
				VALUES (NULL
					,'52'
					,'3')
Jan 23 23:37:59  [debug] Execution de la requete : INSERT INTO ope_operation
				(ope_id
				,ope_id_compte
				,ope_montant
				,ope_libelle
				,ope_date
				,ope_type_paiement
				,ope_type_paiement_champ_complementaire
				,ope_type
				,ope_id_commande)
			VALUES (NULL
				,'72'
				,'0'
				,'Création du compte'
				,'2012-01-23'
				,'-1'
				,''
				,'1'
				,'0')
Jan 23 23:37:59  [debug] Execution de la requete : INSERT INTO ide_identification
				(ide_id
				,ide_id_login
				,ide_login
				,ide_pass
				,ide_type
				,ide_autorise)
			VALUES (NULL
				,'52'
				,'Z52'
				,'3f442eac6d009f85cfe432101c008ca9'
				,'1'
				,'1')
Jan 23 23:41:52  [debug] Execution de la requete : INSERT INTO cpt_compte
				(cpt_id
				,cpt_label
				,cpt_solde)
			VALUES (NULL
				,'C123'
				,'12.35')
Jan 23 23:41:52  [debug] Execution de la requete : INSERT INTO adh_adherent
				(adh_id
				,adh_numero
				,adh_id_compte
				,adh_nom
				,adh_prenom
				,adh_courriel_principal
				,adh_courriel_secondaire
				,adh_telephone_principal
				,adh_telephone_secondaire
				,adh_adresse
				,adh_code_postal
				,adh_ville
				,adh_date_naissance
				,adh_date_adhesion
				,adh_date_maj
				,adh_commentaire				
				,adh_etat)
				VALUES (NULL
					,''
					,'73'
					,'BALLOT'
					,'Mario'
					,'toto@free.fr'
					,'lulu@toto.fr'
					,'0606457898'
					,'05084'
					,'6 allée du toto'
					,'38320'
					,'EYBENS'
					,'0000-00-00'
					,'2025-/0-3/'
					,'2012-01-23 23:41:52'
					,'rien'
					,'1')
Jan 23 23:41:52  [debug] Execution de la requete : UPDATE adh_adherent 
			SET
				adh_numero = 'Z53'
				,adh_id_compte = '73'
				,adh_nom = 'BALLOT'
				,adh_prenom = 'Mario'
				,adh_courriel_principal = 'toto@free.fr'
				,adh_courriel_secondaire = 'lulu@toto.fr'
				,adh_telephone_principal = '0606457898'
				,adh_telephone_secondaire = '05084'
				,adh_adresse = '6 allée du toto'
				,adh_code_postal = '38320'
				,adh_ville = 'EYBENS'
				,adh_date_naissance = '0000-00-00'
				,adh_date_adhesion = '2025-/0-3/'
				,adh_date_maj = '2012-01-23 23:41:52'
				,adh_commentaire = 'rien'
				,adh_etat = '1'
			 WHERE adh_id = '53'
Jan 23 23:41:52  [debug] Execution de la requete : INSERT INTO aut_autorisation 
					(aut_id
					,aut_id_adherent
					,aut_id_module) 
				VALUES (NULL
					,'53'
					,'1')
Jan 23 23:41:52  [debug] Execution de la requete : INSERT INTO aut_autorisation 
					(aut_id
					,aut_id_adherent
					,aut_id_module) 
				VALUES (NULL
					,'53'
					,'3')
Jan 23 23:41:52  [debug] Execution de la requete : INSERT INTO ope_operation
				(ope_id
				,ope_id_compte
				,ope_montant
				,ope_libelle
				,ope_date
				,ope_type_paiement
				,ope_type_paiement_champ_complementaire
				,ope_type
				,ope_id_commande)
			VALUES (NULL
				,'73'
				,'0'
				,'Création du compte'
				,'2012-01-23'
				,'-1'
				,''
				,'1'
				,'0')
Jan 23 23:41:52  [debug] Execution de la requete : INSERT INTO ide_identification
				(ide_id
				,ide_id_login
				,ide_login
				,ide_pass
				,ide_type
				,ide_autorise)
			VALUES (NULL
				,'53'
				,'Z53'
				,'28df0b9f8f0747610db65f7b248b999a'
				,'1'
				,'1')
Jan 23 23:41:54  [debug] Execution de la requete : INSERT INTO cpt_compte
				(cpt_id
				,cpt_label
				,cpt_solde)
			VALUES (NULL
				,'C124'
				,'15')
Jan 23 23:41:54  [debug] Execution de la requete : INSERT INTO adh_adherent
				(adh_id
				,adh_numero
				,adh_id_compte
				,adh_nom
				,adh_prenom
				,adh_courriel_principal
				,adh_courriel_secondaire
				,adh_telephone_principal
				,adh_telephone_secondaire
				,adh_adresse
				,adh_code_postal
				,adh_ville
				,adh_date_naissance
				,adh_date_adhesion
				,adh_date_maj
				,adh_commentaire				
				,adh_etat)
				VALUES (NULL
					,''
					,'74'
					,'BALLOT'
					,'Mario'
					,'lul@fds.fr'
					,'lolo@gmail.com'
					,'0669696945'
					,'0476214587'
					,'16 allée du toto'
					,'38320'
					,'EYBENS2'
					,'0000-00-00'
					,'2002-/0-5/'
					,'2012-01-23 23:41:54'
					,'rien du tout'
					,'1')
Jan 23 23:41:54  [debug] Execution de la requete : UPDATE adh_adherent 
			SET
				adh_numero = 'Z54'
				,adh_id_compte = '74'
				,adh_nom = 'BALLOT'
				,adh_prenom = 'Mario'
				,adh_courriel_principal = 'lul@fds.fr'
				,adh_courriel_secondaire = 'lolo@gmail.com'
				,adh_telephone_principal = '0669696945'
				,adh_telephone_secondaire = '0476214587'
				,adh_adresse = '16 allée du toto'
				,adh_code_postal = '38320'
				,adh_ville = 'EYBENS2'
				,adh_date_naissance = '0000-00-00'
				,adh_date_adhesion = '2002-/0-5/'
				,adh_date_maj = '2012-01-23 23:41:54'
				,adh_commentaire = 'rien du tout'
				,adh_etat = '1'
			 WHERE adh_id = '54'
Jan 23 23:41:54  [debug] Execution de la requete : INSERT INTO aut_autorisation 
					(aut_id
					,aut_id_adherent
					,aut_id_module) 
				VALUES (NULL
					,'54'
					,'1')
Jan 23 23:41:54  [debug] Execution de la requete : INSERT INTO aut_autorisation 
					(aut_id
					,aut_id_adherent
					,aut_id_module) 
				VALUES (NULL
					,'54'
					,'3')
Jan 23 23:41:54  [debug] Execution de la requete : INSERT INTO ope_operation
				(ope_id
				,ope_id_compte
				,ope_montant
				,ope_libelle
				,ope_date
				,ope_type_paiement
				,ope_type_paiement_champ_complementaire
				,ope_type
				,ope_id_commande)
			VALUES (NULL
				,'74'
				,'0'
				,'Création du compte'
				,'2012-01-23'
				,'-1'
				,''
				,'1'
				,'0')
Jan 23 23:41:54  [debug] Execution de la requete : INSERT INTO ide_identification
				(ide_id
				,ide_id_login
				,ide_login
				,ide_pass
				,ide_type
				,ide_autorise)
			VALUES (NULL
				,'54'
				,'Z54'
				,'b5891175859c265113cf362a1747f149'
				,'1'
				,'1')
Jan 23 23:45:13  [debug] Execution de la requete : INSERT INTO cpt_compte
				(cpt_id
				,cpt_label
				,cpt_solde)
			VALUES (NULL
				,'C123'
				,'12.35')
Jan 23 23:45:13  [debug] Execution de la requete : INSERT INTO aut_autorisation 
					(aut_id
					,aut_id_adherent
					,aut_id_module) 
				VALUES (NULL
					,'55'
					,'1')
Jan 23 23:45:13  [debug] Execution de la requete : INSERT INTO aut_autorisation 
					(aut_id
					,aut_id_adherent
					,aut_id_module) 
				VALUES (NULL
					,'55'
					,'3')
Jan 23 23:45:13  [debug] Execution de la requete : INSERT INTO ope_operation
				(ope_id
				,ope_id_compte
				,ope_montant
				,ope_libelle
				,ope_date
				,ope_type_paiement
				,ope_type_paiement_champ_complementaire
				,ope_type
				,ope_id_commande)
			VALUES (NULL
				,'75'
				,'0'
				,'Création du compte'
				,'2012-01-23'
				,'-1'
				,''
				,'1'
				,'0')
Jan 23 23:45:13  [debug] Execution de la requete : INSERT INTO ide_identification
				(ide_id
				,ide_id_login
				,ide_login
				,ide_pass
				,ide_type
				,ide_autorise)
			VALUES (NULL
				,'55'
				,'Z123'
				,'923375f62c4b576f54c90030307a6f77'
				,'1'
				,'1')
Jan 23 23:45:14  [debug] Execution de la requete : INSERT INTO cpt_compte
				(cpt_id
				,cpt_label
				,cpt_solde)
			VALUES (NULL
				,'C124'
				,'15')
Jan 23 23:45:14  [debug] Execution de la requete : INSERT INTO aut_autorisation 
					(aut_id
					,aut_id_adherent
					,aut_id_module) 
				VALUES (NULL
					,'56'
					,'1')
Jan 23 23:45:14  [debug] Execution de la requete : INSERT INTO aut_autorisation 
					(aut_id
					,aut_id_adherent
					,aut_id_module) 
				VALUES (NULL
					,'56'
					,'3')
Jan 23 23:45:14  [debug] Execution de la requete : INSERT INTO ope_operation
				(ope_id
				,ope_id_compte
				,ope_montant
				,ope_libelle
				,ope_date
				,ope_type_paiement
				,ope_type_paiement_champ_complementaire
				,ope_type
				,ope_id_commande)
			VALUES (NULL
				,'76'
				,'0'
				,'Création du compte'
				,'2012-01-23'
				,'-1'
				,''
				,'1'
				,'0')
Jan 23 23:45:14  [debug] Execution de la requete : INSERT INTO ide_identification
				(ide_id
				,ide_id_login
				,ide_login
				,ide_pass
				,ide_type
				,ide_autorise)
			VALUES (NULL
				,'56'
				,'Z124'
				,'d4206d91038aaf8ea444de60709fcdfc'
				,'1'
				,'1')
Jan 23 23:54:24  [debug] Echec de l'exécution de la requête. : Query was empty
Jan 23 23:55:11  [debug] Echec de l'exécution de la requête. : Table 'zeybu.cpt_solde' doesn't exist
Jan 23 23:57:00  [debug] Echec de l'exécution de la requête. : Table 'zeybu.cpt_solde' doesn't exist
Jan 23 23:57:26  [debug] Echec de l'exécution de la requête. : Table 'zeybu.cpt_solde' doesn't exist
Jan 23 23:58:07  [debug] Echec de l'exécution de la requête. : Unknown column 'C2' in 'field list'
Jan 23 23:58:41  [debug] Echec de l'exécution de la requête. : You have an error in your SQL syntax; check the manual that corresponds to your MySQL server version for the right syntax to use near ''2','0')' at line 1
